[2022-12-07 11:13:44] [INFO   ] cannot read configuration file config.properties trying from resources.
[2022-12-07 11:13:44] [INFO   ] configuration file was loaded from resources directory.
[2022-12-07 11:13:45] [SEVERE ] placing card 4 in slot 0
[2022-12-07 11:13:45] [SEVERE ] placing card 57 in slot 1
[2022-12-07 11:13:45] [SEVERE ] placing card 71 in slot 2
[2022-12-07 11:13:45] [SEVERE ] placing card 7 in slot 3
[2022-12-07 11:13:45] [SEVERE ] placing card 32 in slot 4
[2022-12-07 11:13:46] [SEVERE ] placing card 33 in slot 5
[2022-12-07 11:13:46] [SEVERE ] placing card 54 in slot 6
[2022-12-07 11:13:46] [SEVERE ] placing card 16 in slot 7
[2022-12-07 11:13:46] [SEVERE ] placing card 46 in slot 8
[2022-12-07 11:13:46] [SEVERE ] placing card 1 in slot 9
[2022-12-07 11:13:46] [SEVERE ] placing card 78 in slot 10
[2022-12-07 11:13:46] [SEVERE ] placing card 39 in slot 11
[2022-12-07 11:13:52] [SEVERE ] Key 81 was pressed by player 0
[2022-12-07 11:13:52] [SEVERE ] player 0 placing token on slot 0
[2022-12-07 11:13:52] [SEVERE ] Key 85 was pressed by player 1
[2022-12-07 11:13:52] [SEVERE ] player 1 placing token on slot 0
[2022-12-07 11:13:52] [SEVERE ] Key 73 was pressed by player 1
[2022-12-07 11:13:52] [SEVERE ] player 1 placing token on slot 1
[2022-12-07 11:13:52] [SEVERE ] Key 87 was pressed by player 0
[2022-12-07 11:13:52] [SEVERE ] player 0 placing token on slot 1
[2022-12-07 11:13:53] [SEVERE ] Key 79 was pressed by player 1
[2022-12-07 11:13:53] [SEVERE ] player 1 placing token on slot 2
[2022-12-07 11:13:53] [SEVERE ] Key 69 was pressed by player 0
[2022-12-07 11:13:53] [SEVERE ] player 0 placing token on slot 2
[2022-12-07 11:13:56] [SEVERE ] removing card from slot 0
[2022-12-07 11:13:56] [SEVERE ] removing card from slot 1
[2022-12-07 11:13:56] [SEVERE ] removing card from slot 2
[2022-12-07 11:13:56] [SEVERE ] placing card 70 in slot 0
[2022-12-07 11:13:56] [SEVERE ] placing card 58 in slot 1
[2022-12-07 11:13:56] [SEVERE ] placing card 60 in slot 2
[2022-12-07 11:13:56] [SEVERE ] removing player 1 token from slot 0
[2022-12-07 11:13:56] [SEVERE ] removing player 1 token from slot 1
[2022-12-07 11:13:56] [SEVERE ] removing player 1 token from slot 2
[2022-12-07 11:13:56] [SEVERE ] setting player 1 score to 1
[2022-12-07 11:13:56] [SEVERE ] setting player 1 freeze to 1000
[2022-12-07 11:13:57] [SEVERE ] setting player 1 freeze to 99
[2022-12-07 11:13:58] [SEVERE ] setting player 1 freeze to 0
