[2022-12-07 11:14:16] [INFO   ] cannot read configuration file config.properties trying from resources.
[2022-12-07 11:14:16] [INFO   ] configuration file was loaded from resources directory.
[2022-12-07 11:14:17] [SEVERE ] placing card 48 in slot 0
[2022-12-07 11:14:17] [SEVERE ] placing card 51 in slot 1
[2022-12-07 11:14:17] [SEVERE ] placing card 3 in slot 2
[2022-12-07 11:14:17] [SEVERE ] placing card 36 in slot 3
[2022-12-07 11:14:17] [SEVERE ] placing card 54 in slot 4
[2022-12-07 11:14:17] [SEVERE ] placing card 62 in slot 5
[2022-12-07 11:14:17] [SEVERE ] placing card 26 in slot 6
[2022-12-07 11:14:17] [SEVERE ] placing card 64 in slot 7
[2022-12-07 11:14:18] [SEVERE ] placing card 4 in slot 8
[2022-12-07 11:14:18] [SEVERE ] placing card 13 in slot 9
[2022-12-07 11:14:18] [SEVERE ] placing card 44 in slot 10
[2022-12-07 11:14:18] [SEVERE ] placing card 80 in slot 11
[2022-12-07 11:14:18] [SEVERE ] Key 81 was pressed by player 0
[2022-12-07 11:14:18] [SEVERE ] player 0 placing token on slot 0
[2022-12-07 11:14:18] [SEVERE ] Key 85 was pressed by player 1
[2022-12-07 11:14:18] [SEVERE ] player 1 placing token on slot 0
[2022-12-07 11:14:19] [SEVERE ] Key 87 was pressed by player 0
[2022-12-07 11:14:19] [SEVERE ] player 0 placing token on slot 1
[2022-12-07 11:14:19] [SEVERE ] Key 73 was pressed by player 1
[2022-12-07 11:14:19] [SEVERE ] player 1 placing token on slot 1
[2022-12-07 11:14:19] [SEVERE ] Key 79 was pressed by player 1
[2022-12-07 11:14:19] [SEVERE ] player 1 placing token on slot 2
[2022-12-07 11:14:19] [SEVERE ] Key 69 was pressed by player 0
[2022-12-07 11:14:19] [SEVERE ] player 0 placing token on slot 2
[2022-12-07 11:14:22] [SEVERE ] removing card from slot 0
[2022-12-07 11:14:22] [SEVERE ] removing card from slot 1
[2022-12-07 11:14:22] [SEVERE ] removing card from slot 2
[2022-12-07 11:14:22] [SEVERE ] placing card 19 in slot 0
[2022-12-07 11:14:22] [SEVERE ] placing card 60 in slot 1
[2022-12-07 11:14:23] [SEVERE ] placing card 41 in slot 2
[2022-12-07 11:14:23] [SEVERE ] removing player 1 token from slot 0
[2022-12-07 11:14:23] [SEVERE ] removing player 1 token from slot 1
[2022-12-07 11:14:23] [SEVERE ] removing player 1 token from slot 2
[2022-12-07 11:14:23] [SEVERE ] setting player 1 score to 1
[2022-12-07 11:14:23] [SEVERE ] setting player 1 freeze to 1000
[2022-12-07 11:14:23] [SEVERE ] setting player 1 freeze to 99
[2022-12-07 11:14:24] [SEVERE ] setting player 1 freeze to 0
[2022-12-07 11:14:58] [SEVERE ] removing player 0 token from slot 0
[2022-12-07 11:15:00] [SEVERE ] removing player 0 token from slot 1
[2022-12-07 11:15:02] [SEVERE ] removing player 0 token from slot 2
