[2022-12-07 11:08:49] [INFO   ] cannot read configuration file config.properties trying from resources.
[2022-12-07 11:08:49] [INFO   ] configuration file was loaded from resources directory.
[2022-12-07 11:08:50] [SEVERE ] placing card 29 in slot 0
[2022-12-07 11:08:50] [SEVERE ] placing card 23 in slot 1
[2022-12-07 11:08:50] [SEVERE ] placing card 68 in slot 2
[2022-12-07 11:08:50] [SEVERE ] placing card 48 in slot 3
[2022-12-07 11:08:50] [SEVERE ] placing card 38 in slot 4
[2022-12-07 11:08:50] [SEVERE ] placing card 30 in slot 5
[2022-12-07 11:08:50] [SEVERE ] placing card 14 in slot 6
[2022-12-07 11:08:50] [SEVERE ] placing card 5 in slot 7
[2022-12-07 11:08:50] [SEVERE ] placing card 32 in slot 8
[2022-12-07 11:08:51] [SEVERE ] placing card 39 in slot 9
[2022-12-07 11:08:51] [SEVERE ] placing card 78 in slot 10
[2022-12-07 11:08:51] [SEVERE ] placing card 19 in slot 11
[2022-12-07 11:08:52] [SEVERE ] Key 81 was pressed by player 0
[2022-12-07 11:08:52] [SEVERE ] player 0 placing token on slot 0
[2022-12-07 11:08:52] [SEVERE ] Key 85 was pressed by player 1
[2022-12-07 11:08:52] [SEVERE ] player 1 placing token on slot 0
[2022-12-07 11:08:52] [SEVERE ] Key 87 was pressed by player 0
[2022-12-07 11:08:52] [SEVERE ] player 0 placing token on slot 1
[2022-12-07 11:08:52] [SEVERE ] Key 73 was pressed by player 1
[2022-12-07 11:08:52] [SEVERE ] player 1 placing token on slot 1
[2022-12-07 11:08:53] [SEVERE ] Key 69 was pressed by player 0
[2022-12-07 11:08:53] [SEVERE ] player 0 placing token on slot 2
[2022-12-07 11:08:53] [SEVERE ] Key 79 was pressed by player 1
[2022-12-07 11:08:53] [SEVERE ] player 1 placing token on slot 2
