[2022-12-07 11:16:50] [INFO   ] cannot read configuration file config.properties trying from resources.
[2022-12-07 11:16:50] [INFO   ] configuration file was loaded from resources directory.
[2022-12-07 11:16:51] [SEVERE ] placing card 54 in slot 0
[2022-12-07 11:16:51] [SEVERE ] placing card 1 in slot 1
[2022-12-07 11:16:51] [SEVERE ] placing card 16 in slot 2
[2022-12-07 11:16:52] [SEVERE ] placing card 44 in slot 3
[2022-12-07 11:16:52] [SEVERE ] placing card 20 in slot 4
[2022-12-07 11:16:52] [SEVERE ] placing card 77 in slot 5
[2022-12-07 11:16:52] [SEVERE ] placing card 66 in slot 6
[2022-12-07 11:16:52] [SEVERE ] placing card 41 in slot 7
[2022-12-07 11:16:52] [SEVERE ] placing card 62 in slot 8
[2022-12-07 11:16:52] [SEVERE ] placing card 48 in slot 9
[2022-12-07 11:16:52] [SEVERE ] placing card 76 in slot 10
[2022-12-07 11:16:52] [SEVERE ] placing card 14 in slot 11
[2022-12-07 11:16:53] [SEVERE ] Key 85 was pressed by player 1
[2022-12-07 11:16:53] [SEVERE ] player 1 placing token on slot 0
[2022-12-07 11:16:53] [SEVERE ] Key 81 was pressed by player 0
[2022-12-07 11:16:53] [SEVERE ] player 0 placing token on slot 0
[2022-12-07 11:16:53] [SEVERE ] Key 87 was pressed by player 0
[2022-12-07 11:16:53] [SEVERE ] player 0 placing token on slot 1
[2022-12-07 11:16:53] [SEVERE ] Key 73 was pressed by player 1
[2022-12-07 11:16:53] [SEVERE ] player 1 placing token on slot 1
[2022-12-07 11:16:54] [SEVERE ] Key 79 was pressed by player 1
[2022-12-07 11:16:54] [SEVERE ] player 1 placing token on slot 2
[2022-12-07 11:16:54] [SEVERE ] Key 69 was pressed by player 0
[2022-12-07 11:16:54] [SEVERE ] player 0 placing token on slot 2
[2022-12-07 11:16:54] [SEVERE ] removing card from slot 0
[2022-12-07 11:16:54] [SEVERE ] removing card from slot 1
[2022-12-07 11:16:54] [SEVERE ] removing card from slot 2
[2022-12-07 11:16:54] [SEVERE ] placing card 34 in slot 0
[2022-12-07 11:16:54] [SEVERE ] placing card 69 in slot 1
[2022-12-07 11:16:54] [SEVERE ] placing card 5 in slot 2
[2022-12-07 11:16:54] [SEVERE ] removing player 1 token from slot 0
[2022-12-07 11:16:54] [SEVERE ] removing player 1 token from slot 1
[2022-12-07 11:16:54] [SEVERE ] removing player 1 token from slot 2
[2022-12-07 11:16:54] [SEVERE ] setting player 1 score to 1
[2022-12-07 11:16:54] [SEVERE ] setting player 1 freeze to 1000
[2022-12-07 11:16:55] [SEVERE ] removing card from slot 0
[2022-12-07 11:16:55] [SEVERE ] removing card from slot 1
[2022-12-07 11:16:55] [SEVERE ] removing card from slot 2
[2022-12-07 11:16:55] [SEVERE ] placing card 47 in slot 0
[2022-12-07 11:16:55] [SEVERE ] placing card 70 in slot 1
[2022-12-07 11:16:55] [SEVERE ] placing card 26 in slot 2
[2022-12-07 11:16:55] [SEVERE ] removing player 0 token from slot 0
[2022-12-07 11:16:55] [SEVERE ] removing player 0 token from slot 1
[2022-12-07 11:16:55] [SEVERE ] removing player 0 token from slot 2
[2022-12-07 11:16:55] [SEVERE ] setting player 0 score to 1
[2022-12-07 11:16:55] [SEVERE ] setting player 0 freeze to 1000
[2022-12-07 11:16:55] [SEVERE ] setting player 1 freeze to 98
[2022-12-07 11:16:56] [SEVERE ] setting player 0 freeze to 99
[2022-12-07 11:16:56] [SEVERE ] setting player 1 freeze to 0
[2022-12-07 11:16:57] [SEVERE ] setting player 0 freeze to 0
