[2022-12-07 11:03:10] [INFO   ] cannot read configuration file config.properties trying from resources.
[2022-12-07 11:03:10] [INFO   ] configuration file was loaded from resources directory.
[2022-12-07 11:03:11] [SEVERE ] placing card 56 in slot 0
[2022-12-07 11:03:12] [SEVERE ] placing card 64 in slot 1
[2022-12-07 11:03:12] [SEVERE ] placing card 73 in slot 2
[2022-12-07 11:03:12] [SEVERE ] placing card 79 in slot 3
[2022-12-07 11:03:12] [SEVERE ] placing card 11 in slot 4
[2022-12-07 11:03:12] [SEVERE ] placing card 51 in slot 5
[2022-12-07 11:03:12] [SEVERE ] placing card 4 in slot 6
[2022-12-07 11:03:12] [SEVERE ] placing card 23 in slot 7
[2022-12-07 11:03:12] [SEVERE ] placing card 16 in slot 8
[2022-12-07 11:03:12] [SEVERE ] placing card 65 in slot 9
[2022-12-07 11:03:12] [SEVERE ] placing card 35 in slot 10
[2022-12-07 11:03:13] [SEVERE ] placing card 72 in slot 11
[2022-12-07 11:03:13] [SEVERE ] player 0 placing token on slot 2
[2022-12-07 11:03:13] [SEVERE ] player 1 placing token on slot 5
[2022-12-07 11:03:13] [SEVERE ] player 2 placing token on slot 2
[2022-12-07 11:03:13] [SEVERE ] player 3 placing token on slot 9
[2022-12-07 11:03:14] [SEVERE ] player 0 placing token on slot 7
[2022-12-07 11:03:14] [SEVERE ] removing player 1 token from slot 5
[2022-12-07 11:03:14] [SEVERE ] player 2 placing token on slot 0
[2022-12-07 11:03:14] [SEVERE ] removing player 3 token from slot 9
[2022-12-07 11:03:15] [SEVERE ] player 0 placing token on slot 5
[2022-12-07 11:03:15] [SEVERE ] player 1 placing token on slot 0
[2022-12-07 11:03:15] [SEVERE ] player 2 placing token on slot 6
[2022-12-07 11:03:15] [SEVERE ] player 3 placing token on slot 3
[2022-12-07 11:03:15] [SEVERE ] removing player 0 token from slot 2
[2022-12-07 11:03:15] [SEVERE ] removing player 0 token from slot 7
[2022-12-07 11:03:15] [SEVERE ] removing player 0 token from slot 5
[2022-12-07 11:03:15] [SEVERE ] setting player 0 freeze to 5000
[2022-12-07 11:03:16] [SEVERE ] removing player 2 token from slot 2
[2022-12-07 11:03:16] [SEVERE ] removing player 2 token from slot 0
[2022-12-07 11:03:16] [SEVERE ] removing player 2 token from slot 6
[2022-12-07 11:03:16] [SEVERE ] setting player 2 freeze to 5000
[2022-12-07 11:03:16] [SEVERE ] setting player 0 freeze to 4099
[2022-12-07 11:03:16] [SEVERE ] player 1 placing token on slot 6
[2022-12-07 11:03:16] [SEVERE ] player 3 placing token on slot 7
[2022-12-07 11:03:16] [SEVERE ] setting player 2 freeze to 4100
[2022-12-07 11:03:17] [SEVERE ] setting player 0 freeze to 3198
[2022-12-07 11:03:17] [SEVERE ] player 1 placing token on slot 10
[2022-12-07 11:03:17] [SEVERE ] player 3 placing token on slot 9
[2022-12-07 11:03:17] [SEVERE ] setting player 2 freeze to 3199
[2022-12-07 11:03:17] [SEVERE ] removing player 1 token from slot 0
[2022-12-07 11:03:17] [SEVERE ] removing player 1 token from slot 6
[2022-12-07 11:03:17] [SEVERE ] removing player 1 token from slot 10
[2022-12-07 11:03:17] [SEVERE ] setting player 1 freeze to 5000
[2022-12-07 11:03:18] [SEVERE ] removing player 3 token from slot 3
[2022-12-07 11:03:18] [SEVERE ] removing player 3 token from slot 7
[2022-12-07 11:03:18] [SEVERE ] removing player 3 token from slot 9
[2022-12-07 11:03:18] [SEVERE ] setting player 3 freeze to 5000
[2022-12-07 11:03:18] [SEVERE ] setting player 0 freeze to 0
[2022-12-07 11:03:18] [SEVERE ] setting player 3 freeze to 0
[2022-12-07 11:03:18] [SEVERE ] setting player 2 freeze to 0
[2022-12-07 11:03:18] [SEVERE ] setting player 1 freeze to 0
[2022-12-07 11:03:18] [SEVERE ] placing card 32 in slot 0
[2022-12-07 11:03:18] [SEVERE ] placing card 37 in slot 1
[2022-12-07 11:03:18] [SEVERE ] placing card 34 in slot 2
[2022-12-07 11:03:18] [SEVERE ] placing card 31 in slot 3
[2022-12-07 11:03:18] [SEVERE ] placing card 61 in slot 4
[2022-12-07 11:03:18] [SEVERE ] placing card 40 in slot 5
[2022-12-07 11:03:18] [SEVERE ] placing card 39 in slot 6
[2022-12-07 11:03:18] [SEVERE ] placing card 13 in slot 7
[2022-12-07 11:03:18] [SEVERE ] placing card 62 in slot 8
[2022-12-07 11:03:19] [SEVERE ] placing card 6 in slot 9
[2022-12-07 11:03:19] [SEVERE ] placing card 8 in slot 10
[2022-12-07 11:03:19] [SEVERE ] placing card 67 in slot 11
[2022-12-07 11:03:20] [SEVERE ] player 2 placing token on slot 4
[2022-12-07 11:03:20] [SEVERE ] player 3 placing token on slot 8
[2022-12-07 11:03:20] [SEVERE ] player 0 placing token on slot 4
[2022-12-07 11:03:20] [SEVERE ] player 1 placing token on slot 7
[2022-12-07 11:03:21] [SEVERE ] player 3 placing token on slot 10
[2022-12-07 11:03:21] [SEVERE ] player 0 placing token on slot 2
[2022-12-07 11:03:21] [SEVERE ] removing player 1 token from slot 7
[2022-12-07 11:03:21] [SEVERE ] player 2 placing token on slot 5
[2022-12-07 11:03:22] [SEVERE ] player 3 placing token on slot 4
[2022-12-07 11:03:22] [SEVERE ] player 0 placing token on slot 10
[2022-12-07 11:03:22] [SEVERE ] player 2 placing token on slot 6
[2022-12-07 11:03:22] [SEVERE ] player 1 placing token on slot 1
[2022-12-07 11:03:22] [SEVERE ] removing player 3 token from slot 8
[2022-12-07 11:03:22] [SEVERE ] removing player 3 token from slot 10
[2022-12-07 11:03:22] [SEVERE ] removing player 3 token from slot 4
[2022-12-07 11:03:22] [SEVERE ] setting player 3 freeze to 5000
[2022-12-07 11:03:22] [SEVERE ] removing player 2 token from slot 4
[2022-12-07 11:03:22] [SEVERE ] removing player 2 token from slot 5
[2022-12-07 11:03:22] [SEVERE ] removing player 2 token from slot 6
[2022-12-07 11:03:22] [SEVERE ] setting player 2 freeze to 5000
[2022-12-07 11:03:22] [SEVERE ] removing player 0 token from slot 4
[2022-12-07 11:03:22] [SEVERE ] removing player 0 token from slot 2
[2022-12-07 11:03:22] [SEVERE ] removing player 0 token from slot 10
[2022-12-07 11:03:22] [SEVERE ] setting player 0 freeze to 5000
[2022-12-07 11:03:23] [SEVERE ] player 1 placing token on slot 9
[2022-12-07 11:03:23] [SEVERE ] setting player 3 freeze to 4100
[2022-12-07 11:03:23] [SEVERE ] setting player 2 freeze to 4100
[2022-12-07 11:03:23] [SEVERE ] setting player 0 freeze to 4100
[2022-12-07 11:03:23] [SEVERE ] setting player 3 freeze to 3199
[2022-12-07 11:03:24] [SEVERE ] player 1 placing token on slot 0
[2022-12-07 11:03:24] [SEVERE ] setting player 2 freeze to 3200
[2022-12-07 11:03:24] [SEVERE ] removing player 1 token from slot 1
[2022-12-07 11:03:24] [SEVERE ] removing player 1 token from slot 9
[2022-12-07 11:03:24] [SEVERE ] removing player 1 token from slot 0
[2022-12-07 11:03:24] [SEVERE ] setting player 1 freeze to 5000
[2022-12-07 11:03:24] [SEVERE ] setting player 0 freeze to 3200
[2022-12-07 11:03:24] [SEVERE ] setting player 1 freeze to 0
[2022-12-07 11:03:24] [SEVERE ] setting player 0 freeze to 0
[2022-12-07 11:03:24] [SEVERE ] setting player 3 freeze to 0
[2022-12-07 11:03:24] [SEVERE ] setting player 2 freeze to 0
[2022-12-07 11:03:24] [SEVERE ] placing card 2 in slot 0
[2022-12-07 11:03:24] [SEVERE ] placing card 37 in slot 1
[2022-12-07 11:03:24] [SEVERE ] placing card 38 in slot 2
[2022-12-07 11:03:24] [SEVERE ] placing card 12 in slot 3
[2022-12-07 11:03:24] [SEVERE ] placing card 60 in slot 4
[2022-12-07 11:03:24] [SEVERE ] placing card 27 in slot 5
[2022-12-07 11:03:24] [SEVERE ] placing card 68 in slot 6
[2022-12-07 11:03:25] [SEVERE ] placing card 61 in slot 7
[2022-12-07 11:03:25] [SEVERE ] placing card 57 in slot 8
[2022-12-07 11:03:25] [SEVERE ] placing card 62 in slot 9
[2022-12-07 11:03:25] [SEVERE ] placing card 44 in slot 10
[2022-12-07 11:03:25] [SEVERE ] placing card 77 in slot 11
[2022-12-07 11:03:26] [SEVERE ] player 1 placing token on slot 1
[2022-12-07 11:03:26] [SEVERE ] player 0 placing token on slot 1
[2022-12-07 11:03:26] [SEVERE ] player 3 placing token on slot 10
[2022-12-07 11:03:26] [SEVERE ] player 2 placing token on slot 4
[2022-12-07 11:03:27] [SEVERE ] player 1 placing token on slot 9
[2022-12-07 11:03:27] [SEVERE ] player 3 placing token on slot 0
[2022-12-07 11:03:27] [SEVERE ] player 2 placing token on slot 9
[2022-12-07 11:03:27] [SEVERE ] player 0 placing token on slot 6
[2022-12-07 11:03:28] [SEVERE ] player 0 placing token on slot 2
[2022-12-07 11:03:28] [SEVERE ] player 1 placing token on slot 3
[2022-12-07 11:03:28] [SEVERE ] player 3 placing token on slot 9
[2022-12-07 11:03:28] [SEVERE ] player 2 placing token on slot 11
[2022-12-07 11:03:28] [SEVERE ] removing player 0 token from slot 1
[2022-12-07 11:03:28] [SEVERE ] removing player 0 token from slot 6
[2022-12-07 11:03:28] [SEVERE ] removing player 0 token from slot 2
[2022-12-07 11:03:28] [SEVERE ] setting player 0 freeze to 5000
[2022-12-07 11:03:28] [SEVERE ] removing player 1 token from slot 1
[2022-12-07 11:03:28] [SEVERE ] removing player 1 token from slot 9
[2022-12-07 11:03:28] [SEVERE ] removing player 1 token from slot 3
[2022-12-07 11:03:28] [SEVERE ] setting player 1 freeze to 5000
[2022-12-07 11:03:28] [SEVERE ] removing player 3 token from slot 10
[2022-12-07 11:03:28] [SEVERE ] removing player 3 token from slot 0
[2022-12-07 11:03:28] [SEVERE ] removing player 3 token from slot 9
[2022-12-07 11:03:28] [SEVERE ] setting player 3 freeze to 5000
[2022-12-07 11:03:28] [SEVERE ] removing player 2 token from slot 4
[2022-12-07 11:03:28] [SEVERE ] removing player 2 token from slot 9
[2022-12-07 11:03:28] [SEVERE ] removing player 2 token from slot 11
[2022-12-07 11:03:28] [SEVERE ] setting player 2 freeze to 5000
[2022-12-07 11:03:29] [SEVERE ] setting player 0 freeze to 4100
[2022-12-07 11:03:29] [SEVERE ] setting player 1 freeze to 4099
[2022-12-07 11:03:29] [SEVERE ] setting player 3 freeze to 4099
[2022-12-07 11:03:29] [SEVERE ] setting player 2 freeze to 4100
[2022-12-07 11:03:30] [SEVERE ] setting player 0 freeze to 3200
[2022-12-07 11:03:30] [SEVERE ] setting player 1 freeze to 3199
[2022-12-07 11:03:30] [SEVERE ] setting player 3 freeze to 3199
[2022-12-07 11:03:30] [SEVERE ] setting player 2 freeze to 3200
[2022-12-07 11:03:30] [SEVERE ] setting player 0 freeze to 0
[2022-12-07 11:03:30] [SEVERE ] setting player 2 freeze to 0
[2022-12-07 11:03:30] [SEVERE ] setting player 3 freeze to 0
[2022-12-07 11:03:30] [SEVERE ] setting player 1 freeze to 0
[2022-12-07 11:03:30] [SEVERE ] placing card 37 in slot 0
[2022-12-07 11:03:30] [SEVERE ] placing card 29 in slot 1
[2022-12-07 11:03:30] [SEVERE ] placing card 70 in slot 2
[2022-12-07 11:03:30] [SEVERE ] placing card 57 in slot 3
[2022-12-07 11:03:31] [SEVERE ] placing card 40 in slot 4
[2022-12-07 11:03:31] [SEVERE ] placing card 42 in slot 5
[2022-12-07 11:03:31] [SEVERE ] placing card 6 in slot 6
[2022-12-07 11:03:31] [SEVERE ] placing card 65 in slot 7
[2022-12-07 11:03:31] [SEVERE ] placing card 14 in slot 8
[2022-12-07 11:03:31] [SEVERE ] placing card 62 in slot 9
[2022-12-07 11:03:31] [SEVERE ] placing card 79 in slot 10
[2022-12-07 11:03:31] [SEVERE ] placing card 61 in slot 11
[2022-12-07 11:03:32] [SEVERE ] player 2 placing token on slot 10
[2022-12-07 11:03:32] [SEVERE ] player 0 placing token on slot 1
[2022-12-07 11:03:32] [SEVERE ] player 3 placing token on slot 3
[2022-12-07 11:03:32] [SEVERE ] player 1 placing token on slot 3
[2022-12-07 11:03:33] [SEVERE ] player 2 placing token on slot 0
[2022-12-07 11:03:33] [SEVERE ] removing player 1 token from slot 3
[2022-12-07 11:03:33] [SEVERE ] player 3 placing token on slot 0
[2022-12-07 11:03:33] [SEVERE ] player 0 placing token on slot 5
[2022-12-07 11:03:34] [SEVERE ] player 1 placing token on slot 7
[2022-12-07 11:03:34] [SEVERE ] player 0 placing token on slot 7
[2022-12-07 11:03:34] [SEVERE ] player 2 placing token on slot 9
[2022-12-07 11:03:34] [SEVERE ] player 3 placing token on slot 7
[2022-12-07 11:03:34] [SEVERE ] removing player 0 token from slot 1
[2022-12-07 11:03:34] [SEVERE ] removing player 0 token from slot 5
[2022-12-07 11:03:34] [SEVERE ] removing player 0 token from slot 7
[2022-12-07 11:03:34] [SEVERE ] setting player 0 freeze to 5000
[2022-12-07 11:03:34] [SEVERE ] removing player 2 token from slot 10
[2022-12-07 11:03:34] [SEVERE ] removing player 2 token from slot 0
[2022-12-07 11:03:34] [SEVERE ] removing player 2 token from slot 9
[2022-12-07 11:03:34] [SEVERE ] setting player 2 freeze to 4999
[2022-12-07 11:03:34] [SEVERE ] removing player 3 token from slot 3
[2022-12-07 11:03:34] [SEVERE ] removing player 3 token from slot 0
[2022-12-07 11:03:34] [SEVERE ] removing player 3 token from slot 7
[2022-12-07 11:03:34] [SEVERE ] setting player 3 freeze to 5000
[2022-12-07 11:03:35] [SEVERE ] player 1 placing token on slot 0
[2022-12-07 11:03:35] [SEVERE ] setting player 0 freeze to 4100
[2022-12-07 11:03:35] [SEVERE ] setting player 2 freeze to 4099
[2022-12-07 11:03:35] [SEVERE ] setting player 3 freeze to 4100
[2022-12-07 11:03:36] [SEVERE ] setting player 0 freeze to 3199
[2022-12-07 11:03:36] [SEVERE ] removing player 1 token from slot 7
[2022-12-07 11:03:36] [SEVERE ] setting player 2 freeze to 3199
[2022-12-07 11:03:36] [SEVERE ] setting player 3 freeze to 3199
[2022-12-07 11:03:36] [SEVERE ] removing player 1 token from slot 0
[2022-12-07 11:03:36] [SEVERE ] setting player 0 freeze to 0
[2022-12-07 11:03:36] [SEVERE ] setting player 3 freeze to 0
[2022-12-07 11:03:36] [SEVERE ] setting player 2 freeze to 0
[2022-12-07 11:03:36] [SEVERE ] placing card 18 in slot 0
[2022-12-07 11:03:36] [SEVERE ] placing card 78 in slot 1
[2022-12-07 11:03:37] [SEVERE ] placing card 0 in slot 2
[2022-12-07 11:03:37] [SEVERE ] placing card 72 in slot 3
[2022-12-07 11:03:37] [SEVERE ] placing card 31 in slot 4
[2022-12-07 11:03:37] [SEVERE ] placing card 57 in slot 5
[2022-12-07 11:03:37] [SEVERE ] placing card 75 in slot 6
[2022-12-07 11:03:37] [SEVERE ] placing card 76 in slot 7
[2022-12-07 11:03:37] [SEVERE ] placing card 17 in slot 8
[2022-12-07 11:03:37] [SEVERE ] placing card 24 in slot 9
[2022-12-07 11:03:37] [SEVERE ] placing card 59 in slot 10
[2022-12-07 11:03:37] [SEVERE ] placing card 48 in slot 11
[2022-12-07 11:03:38] [SEVERE ] player 1 placing token on slot 7
[2022-12-07 11:03:38] [SEVERE ] player 3 placing token on slot 4
[2022-12-07 11:03:38] [SEVERE ] player 0 placing token on slot 1
[2022-12-07 11:03:38] [SEVERE ] player 2 placing token on slot 7
[2022-12-07 11:03:39] [SEVERE ] player 1 placing token on slot 3
[2022-12-07 11:03:39] [SEVERE ] player 0 placing token on slot 0
[2022-12-07 11:03:39] [SEVERE ] player 3 placing token on slot 6
[2022-12-07 11:03:39] [SEVERE ] player 2 placing token on slot 6
[2022-12-07 11:03:40] [SEVERE ] player 0 placing token on slot 4
[2022-12-07 11:03:40] [SEVERE ] player 1 placing token on slot 6
[2022-12-07 11:03:40] [SEVERE ] player 2 placing token on slot 11
[2022-12-07 11:03:40] [SEVERE ] player 3 placing token on slot 1
[2022-12-07 11:03:40] [SEVERE ] removing player 0 token from slot 1
[2022-12-07 11:03:40] [SEVERE ] removing player 0 token from slot 0
[2022-12-07 11:03:40] [SEVERE ] removing player 0 token from slot 4
[2022-12-07 11:03:40] [SEVERE ] setting player 0 freeze to 5000
[2022-12-07 11:03:40] [SEVERE ] removing player 1 token from slot 7
[2022-12-07 11:03:40] [SEVERE ] removing player 1 token from slot 3
[2022-12-07 11:03:40] [SEVERE ] removing player 1 token from slot 6
[2022-12-07 11:03:40] [SEVERE ] setting player 1 freeze to 5000
[2022-12-07 11:03:41] [SEVERE ] removing player 2 token from slot 7
[2022-12-07 11:03:41] [SEVERE ] removing player 2 token from slot 6
[2022-12-07 11:03:41] [SEVERE ] removing player 2 token from slot 11
[2022-12-07 11:03:41] [SEVERE ] setting player 2 freeze to 5000
[2022-12-07 11:03:41] [SEVERE ] removing player 3 token from slot 4
[2022-12-07 11:03:41] [SEVERE ] removing player 3 token from slot 6
[2022-12-07 11:03:41] [SEVERE ] removing player 3 token from slot 1
[2022-12-07 11:03:41] [SEVERE ] setting player 3 freeze to 5000
[2022-12-07 11:03:41] [SEVERE ] setting player 0 freeze to 4100
[2022-12-07 11:03:41] [SEVERE ] setting player 1 freeze to 4100
[2022-12-07 11:03:41] [SEVERE ] setting player 2 freeze to 4100
[2022-12-07 11:03:42] [SEVERE ] setting player 3 freeze to 4100
[2022-12-07 11:03:42] [SEVERE ] setting player 0 freeze to 3200
[2022-12-07 11:03:42] [SEVERE ] setting player 1 freeze to 3199
[2022-12-07 11:03:42] [SEVERE ] setting player 2 freeze to 3199
[2022-12-07 11:03:42] [SEVERE ] setting player 3 freeze to 3200
[2022-12-07 11:03:42] [SEVERE ] setting player 0 freeze to 0
[2022-12-07 11:03:42] [SEVERE ] setting player 2 freeze to 0
[2022-12-07 11:03:42] [SEVERE ] setting player 1 freeze to 0
[2022-12-07 11:03:42] [SEVERE ] setting player 3 freeze to 0
[2022-12-07 11:03:43] [SEVERE ] placing card 54 in slot 0
[2022-12-07 11:03:43] [SEVERE ] placing card 12 in slot 1
[2022-12-07 11:03:43] [SEVERE ] placing card 22 in slot 2
[2022-12-07 11:03:43] [SEVERE ] placing card 27 in slot 3
[2022-12-07 11:03:43] [SEVERE ] placing card 39 in slot 4
[2022-12-07 11:03:43] [SEVERE ] placing card 30 in slot 5
[2022-12-07 11:03:43] [SEVERE ] placing card 19 in slot 6
[2022-12-07 11:03:43] [SEVERE ] placing card 18 in slot 7
[2022-12-07 11:03:43] [SEVERE ] placing card 63 in slot 8
[2022-12-07 11:03:43] [SEVERE ] placing card 50 in slot 9
[2022-12-07 11:03:44] [SEVERE ] placing card 64 in slot 10
[2022-12-07 11:03:44] [SEVERE ] placing card 23 in slot 11
[2022-12-07 11:03:44] [SEVERE ] player 3 placing token on slot 8
[2022-12-07 11:03:44] [SEVERE ] player 2 placing token on slot 8
[2022-12-07 11:03:44] [SEVERE ] player 0 placing token on slot 5
[2022-12-07 11:03:44] [SEVERE ] player 1 placing token on slot 10
[2022-12-07 11:03:45] [SEVERE ] player 3 placing token on slot 2
[2022-12-07 11:03:45] [SEVERE ] player 2 placing token on slot 11
[2022-12-07 11:03:45] [SEVERE ] player 0 placing token on slot 8
[2022-12-07 11:03:45] [SEVERE ] player 1 placing token on slot 3
[2022-12-07 11:03:46] [SEVERE ] player 2 placing token on slot 4
[2022-12-07 11:03:46] [SEVERE ] player 0 placing token on slot 3
[2022-12-07 11:03:46] [SEVERE ] player 1 placing token on slot 0
[2022-12-07 11:03:46] [SEVERE ] player 3 placing token on slot 0
[2022-12-07 11:03:47] [SEVERE ] removing player 2 token from slot 8
[2022-12-07 11:03:47] [SEVERE ] removing player 2 token from slot 11
[2022-12-07 11:03:47] [SEVERE ] removing player 2 token from slot 4
[2022-12-07 11:03:47] [SEVERE ] setting player 2 freeze to 5000
[2022-12-07 11:03:47] [SEVERE ] removing player 0 token from slot 5
[2022-12-07 11:03:47] [SEVERE ] removing player 0 token from slot 8
[2022-12-07 11:03:47] [SEVERE ] removing player 0 token from slot 3
[2022-12-07 11:03:47] [SEVERE ] setting player 0 freeze to 5000
[2022-12-07 11:03:47] [SEVERE ] removing player 1 token from slot 10
[2022-12-07 11:03:47] [SEVERE ] removing player 1 token from slot 3
[2022-12-07 11:03:47] [SEVERE ] removing player 1 token from slot 0
[2022-12-07 11:03:47] [SEVERE ] setting player 1 freeze to 5000
[2022-12-07 11:03:47] [SEVERE ] removing player 3 token from slot 8
[2022-12-07 11:03:47] [SEVERE ] removing player 3 token from slot 2
[2022-12-07 11:03:47] [SEVERE ] removing player 3 token from slot 0
[2022-12-07 11:03:47] [SEVERE ] setting player 3 freeze to 5000
[2022-12-07 11:03:47] [SEVERE ] setting player 2 freeze to 4099
[2022-12-07 11:03:48] [SEVERE ] setting player 0 freeze to 4100
[2022-12-07 11:03:48] [SEVERE ] setting player 1 freeze to 4099
[2022-12-07 11:03:48] [SEVERE ] setting player 3 freeze to 4100
[2022-12-07 11:03:48] [SEVERE ] setting player 2 freeze to 3199
[2022-12-07 11:03:48] [SEVERE ] setting player 0 freeze to 3199
[2022-12-07 11:03:49] [SEVERE ] setting player 1 freeze to 3199
[2022-12-07 11:03:49] [SEVERE ] setting player 3 freeze to 3199
[2022-12-07 11:03:49] [SEVERE ] setting player 1 freeze to 0
[2022-12-07 11:03:49] [SEVERE ] setting player 0 freeze to 0
[2022-12-07 11:03:49] [SEVERE ] setting player 2 freeze to 0
[2022-12-07 11:03:49] [SEVERE ] setting player 3 freeze to 0
[2022-12-07 11:03:49] [SEVERE ] placing card 51 in slot 0
[2022-12-07 11:03:49] [SEVERE ] placing card 11 in slot 1
[2022-12-07 11:03:49] [SEVERE ] placing card 3 in slot 2
[2022-12-07 11:03:49] [SEVERE ] placing card 22 in slot 3
[2022-12-07 11:03:49] [SEVERE ] placing card 29 in slot 4
[2022-12-07 11:03:49] [SEVERE ] placing card 14 in slot 5
[2022-12-07 11:03:49] [SEVERE ] placing card 69 in slot 6
[2022-12-07 11:03:49] [SEVERE ] placing card 13 in slot 7
[2022-12-07 11:03:50] [SEVERE ] placing card 64 in slot 8
[2022-12-07 11:03:50] [SEVERE ] placing card 76 in slot 9
[2022-12-07 11:03:50] [SEVERE ] placing card 5 in slot 10
[2022-12-07 11:03:50] [SEVERE ] placing card 45 in slot 11
[2022-12-07 11:03:51] [SEVERE ] player 0 placing token on slot 8
[2022-12-07 11:03:51] [SEVERE ] player 1 placing token on slot 0
[2022-12-07 11:03:51] [SEVERE ] player 3 placing token on slot 1
[2022-12-07 11:03:51] [SEVERE ] player 2 placing token on slot 5
[2022-12-07 11:03:52] [SEVERE ] player 1 placing token on slot 6
[2022-12-07 11:03:52] [SEVERE ] player 0 placing token on slot 2
[2022-12-07 11:03:52] [SEVERE ] player 3 placing token on slot 3
[2022-12-07 11:03:52] [SEVERE ] player 2 placing token on slot 4
[2022-12-07 11:03:53] [SEVERE ] player 1 placing token on slot 5
[2022-12-07 11:03:53] [SEVERE ] player 0 placing token on slot 7
[2022-12-07 11:03:53] [SEVERE ] player 3 placing token on slot 5
[2022-12-07 11:03:53] [SEVERE ] removing player 2 token from slot 5
[2022-12-07 11:03:53] [SEVERE ] removing player 1 token from slot 0
[2022-12-07 11:03:53] [SEVERE ] removing player 1 token from slot 6
[2022-12-07 11:03:53] [SEVERE ] removing player 1 token from slot 5
[2022-12-07 11:03:53] [SEVERE ] setting player 1 freeze to 5000
[2022-12-07 11:03:53] [SEVERE ] removing player 0 token from slot 8
[2022-12-07 11:03:53] [SEVERE ] removing player 0 token from slot 2
[2022-12-07 11:03:53] [SEVERE ] removing player 0 token from slot 7
[2022-12-07 11:03:53] [SEVERE ] setting player 0 freeze to 5000
[2022-12-07 11:03:53] [SEVERE ] removing player 3 token from slot 1
[2022-12-07 11:03:53] [SEVERE ] removing player 3 token from slot 3
[2022-12-07 11:03:53] [SEVERE ] removing player 3 token from slot 5
[2022-12-07 11:03:53] [SEVERE ] setting player 3 freeze to 5000
[2022-12-07 11:03:54] [SEVERE ] player 2 placing token on slot 0
[2022-12-07 11:03:54] [SEVERE ] setting player 1 freeze to 4100
[2022-12-07 11:03:54] [SEVERE ] setting player 0 freeze to 4099
[2022-12-07 11:03:54] [SEVERE ] setting player 3 freeze to 4099
[2022-12-07 11:03:55] [SEVERE ] setting player 1 freeze to 3199
[2022-12-07 11:03:55] [SEVERE ] player 2 placing token on slot 3
[2022-12-07 11:03:55] [SEVERE ] setting player 0 freeze to 3199
[2022-12-07 11:03:55] [SEVERE ] removing player 2 token from slot 4
[2022-12-07 11:03:55] [SEVERE ] removing player 2 token from slot 0
[2022-12-07 11:03:55] [SEVERE ] removing player 2 token from slot 3
[2022-12-07 11:03:55] [SEVERE ] setting player 2 freeze to 5000
[2022-12-07 11:03:55] [SEVERE ] setting player 3 freeze to 3199
[2022-12-07 11:03:55] [SEVERE ] setting player 1 freeze to 0
[2022-12-07 11:03:55] [SEVERE ] setting player 3 freeze to 0
[2022-12-07 11:03:55] [SEVERE ] setting player 2 freeze to 0
[2022-12-07 11:03:55] [SEVERE ] setting player 0 freeze to 0
[2022-12-07 11:03:55] [SEVERE ] placing card 65 in slot 0
[2022-12-07 11:03:55] [SEVERE ] placing card 79 in slot 1
[2022-12-07 11:03:55] [SEVERE ] placing card 50 in slot 2
[2022-12-07 11:03:55] [SEVERE ] placing card 52 in slot 3
[2022-12-07 11:03:55] [SEVERE ] placing card 73 in slot 4
[2022-12-07 11:03:56] [SEVERE ] placing card 19 in slot 5
[2022-12-07 11:03:56] [SEVERE ] placing card 64 in slot 6
[2022-12-07 11:03:56] [SEVERE ] placing card 2 in slot 7
[2022-12-07 11:03:56] [SEVERE ] placing card 54 in slot 8
[2022-12-07 11:03:56] [SEVERE ] placing card 25 in slot 9
[2022-12-07 11:03:56] [SEVERE ] placing card 38 in slot 10
[2022-12-07 11:03:56] [SEVERE ] placing card 18 in slot 11
[2022-12-07 11:03:57] [SEVERE ] player 0 placing token on slot 2
[2022-12-07 11:03:57] [SEVERE ] player 3 placing token on slot 7
[2022-12-07 11:03:57] [SEVERE ] player 1 placing token on slot 3
[2022-12-07 11:03:57] [SEVERE ] player 2 placing token on slot 3
[2022-12-07 11:03:58] [SEVERE ] player 2 placing token on slot 7
[2022-12-07 11:03:58] [SEVERE ] player 1 placing token on slot 2
[2022-12-07 11:03:58] [SEVERE ] player 3 placing token on slot 3
[2022-12-07 11:03:58] [SEVERE ] player 0 placing token on slot 8
[2022-12-07 11:03:59] [SEVERE ] player 2 placing token on slot 2
[2022-12-07 11:03:59] [SEVERE ] player 1 placing token on slot 6
[2022-12-07 11:03:59] [SEVERE ] player 3 placing token on slot 2
[2022-12-07 11:03:59] [SEVERE ] player 0 placing token on slot 5
[2022-12-07 11:03:59] [SEVERE ] removing card from slot 3
[2022-12-07 11:03:59] [SEVERE ] removing card from slot 7
[2022-12-07 11:03:59] [SEVERE ] removing card from slot 2
[2022-12-07 11:03:59] [SEVERE ] placing card 13 in slot 2
[2022-12-07 11:03:59] [SEVERE ] placing card 66 in slot 3
[2022-12-07 11:04:00] [SEVERE ] placing card 12 in slot 7
[2022-12-07 11:04:00] [SEVERE ] removing player 1 token from slot 3
[2022-12-07 11:04:00] [SEVERE ] removing player 3 token from slot 3
[2022-12-07 11:04:00] [SEVERE ] removing player 3 token from slot 7
[2022-12-07 11:04:00] [SEVERE ] removing player 3 token from slot 2
[2022-12-07 11:04:00] [SEVERE ] removing player 0 token from slot 2
[2022-12-07 11:04:00] [SEVERE ] removing player 2 token from slot 3
[2022-12-07 11:04:00] [SEVERE ] removing player 2 token from slot 7
[2022-12-07 11:04:00] [SEVERE ] removing player 2 token from slot 2
[2022-12-07 11:04:00] [SEVERE ] removing player 1 token from slot 2
[2022-12-07 11:04:00] [SEVERE ] removing player 1 token from slot 6
[2022-12-07 11:04:00] [SEVERE ] setting player 1 freeze to 5000
[2022-12-07 11:04:00] [SEVERE ] setting player 2 score to 1
[2022-12-07 11:04:00] [SEVERE ] setting player 2 freeze to 1000
[2022-12-07 11:04:00] [SEVERE ] removing card from slot 7
[2022-12-07 11:04:00] [SEVERE ] removing card from slot 3
[2022-12-07 11:04:00] [SEVERE ] player 0 placing token on slot 11
[2022-12-07 11:04:00] [SEVERE ] player 3 placing token on slot 0
[2022-12-07 11:04:00] [SEVERE ] removing card from slot 2
[2022-12-07 11:04:00] [SEVERE ] placing card 72 in slot 2
[2022-12-07 11:04:00] [SEVERE ] placing card 41 in slot 3
[2022-12-07 11:04:00] [SEVERE ] placing card 55 in slot 7
[2022-12-07 11:04:00] [SEVERE ] removing player 3 token from slot 0
[2022-12-07 11:04:00] [SEVERE ] setting player 3 score to 1
[2022-12-07 11:04:00] [SEVERE ] setting player 3 freeze to 1000
[2022-12-07 11:04:00] [SEVERE ] removing card from slot 2
[2022-12-07 11:04:00] [SEVERE ] removing card from slot 8
[2022-12-07 11:04:01] [SEVERE ] setting player 1 freeze to 4100
[2022-12-07 11:04:01] [SEVERE ] removing card from slot 5
[2022-12-07 11:04:01] [SEVERE ] setting player 2 freeze to 100
[2022-12-07 11:04:01] [SEVERE ] placing card 77 in slot 2
[2022-12-07 11:04:01] [SEVERE ] placing card 17 in slot 5
[2022-12-07 11:04:01] [SEVERE ] placing card 45 in slot 8
[2022-12-07 11:04:01] [SEVERE ] removing player 0 token from slot 8
[2022-12-07 11:04:01] [SEVERE ] removing player 0 token from slot 5
[2022-12-07 11:04:01] [SEVERE ] removing player 0 token from slot 11
[2022-12-07 11:04:01] [SEVERE ] setting player 0 freeze to 5000
[2022-12-07 11:04:01] [SEVERE ] setting player 3 freeze to 100
[2022-12-07 11:04:01] [SEVERE ] setting player 1 freeze to 3199
[2022-12-07 11:04:01] [SEVERE ] setting player 2 freeze to 0
[2022-12-07 11:04:02] [SEVERE ] setting player 0 freeze to 4099
[2022-12-07 11:04:02] [SEVERE ] player 2 placing token on slot 9
[2022-12-07 11:04:02] [SEVERE ] setting player 3 freeze to 0
[2022-12-07 11:04:02] [SEVERE ] setting player 1 freeze to 2299
[2022-12-07 11:04:03] [SEVERE ] setting player 0 freeze to 3199
[2022-12-07 11:04:03] [SEVERE ] player 2 placing token on slot 4
[2022-12-07 11:04:03] [SEVERE ] player 3 placing token on slot 8
[2022-12-07 11:04:03] [SEVERE ] setting player 1 freeze to 1398
[2022-12-07 11:04:04] [SEVERE ] setting player 0 freeze to 2298
[2022-12-07 11:04:04] [SEVERE ] player 2 placing token on slot 3
[2022-12-07 11:04:04] [SEVERE ] player 3 placing token on slot 5
[2022-12-07 11:04:04] [SEVERE ] removing player 2 token from slot 9
[2022-12-07 11:04:04] [SEVERE ] removing player 2 token from slot 4
[2022-12-07 11:04:04] [SEVERE ] removing player 2 token from slot 3
[2022-12-07 11:04:04] [SEVERE ] setting player 2 freeze to 5000
[2022-12-07 11:04:04] [SEVERE ] setting player 1 freeze to 498
[2022-12-07 11:04:04] [SEVERE ] setting player 0 freeze to 1398
[2022-12-07 11:04:05] [SEVERE ] removing player 3 token from slot 5
[2022-12-07 11:04:05] [SEVERE ] setting player 2 freeze to 4099
[2022-12-07 11:04:05] [SEVERE ] setting player 1 freeze to 0
[2022-12-07 11:04:05] [SEVERE ] setting player 0 freeze to 498
[2022-12-07 11:04:06] [SEVERE ] setting player 2 freeze to 3199
[2022-12-07 11:04:06] [SEVERE ] setting player 0 freeze to 0
[2022-12-07 11:04:06] [SEVERE ] removing player 3 token from slot 8
[2022-12-07 11:04:06] [SEVERE ] setting player 2 freeze to 0
[2022-12-07 11:04:06] [SEVERE ] placing card 70 in slot 0
[2022-12-07 11:04:06] [SEVERE ] placing card 56 in slot 1
[2022-12-07 11:04:06] [SEVERE ] placing card 51 in slot 2
[2022-12-07 11:04:06] [SEVERE ] placing card 1 in slot 3
[2022-12-07 11:04:06] [SEVERE ] placing card 18 in slot 4
[2022-12-07 11:04:06] [SEVERE ] placing card 69 in slot 5
[2022-12-07 11:04:07] [SEVERE ] placing card 21 in slot 6
[2022-12-07 11:04:07] [SEVERE ] placing card 44 in slot 7
[2022-12-07 11:04:07] [SEVERE ] placing card 57 in slot 8
[2022-12-07 11:04:07] [SEVERE ] placing card 80 in slot 9
[2022-12-07 11:04:07] [SEVERE ] placing card 42 in slot 10
[2022-12-07 11:04:07] [SEVERE ] placing card 10 in slot 11
[2022-12-07 11:04:08] [SEVERE ] player 0 placing token on slot 7
[2022-12-07 11:04:08] [SEVERE ] player 2 placing token on slot 4
[2022-12-07 11:04:08] [SEVERE ] player 3 placing token on slot 10
[2022-12-07 11:04:08] [SEVERE ] player 1 placing token on slot 4
[2022-12-07 11:04:09] [SEVERE ] player 0 placing token on slot 11
[2022-12-07 11:04:09] [SEVERE ] player 1 placing token on slot 7
[2022-12-07 11:04:09] [SEVERE ] player 3 placing token on slot 9
[2022-12-07 11:04:09] [SEVERE ] player 2 placing token on slot 7
[2022-12-07 11:04:10] [SEVERE ] player 0 placing token on slot 5
[2022-12-07 11:04:10] [SEVERE ] player 1 placing token on slot 10
[2022-12-07 11:04:10] [SEVERE ] player 2 placing token on slot 5
[2022-12-07 11:04:10] [SEVERE ] player 3 placing token on slot 8
[2022-12-07 11:04:10] [SEVERE ] removing player 0 token from slot 7
[2022-12-07 11:04:10] [SEVERE ] removing player 0 token from slot 11
[2022-12-07 11:04:10] [SEVERE ] removing player 0 token from slot 5
[2022-12-07 11:04:10] [SEVERE ] setting player 0 freeze to 5000
[2022-12-07 11:04:10] [SEVERE ] removing player 2 token from slot 4
[2022-12-07 11:04:10] [SEVERE ] removing player 2 token from slot 7
[2022-12-07 11:04:10] [SEVERE ] removing player 2 token from slot 5
[2022-12-07 11:04:10] [SEVERE ] setting player 2 freeze to 5000
[2022-12-07 11:04:10] [SEVERE ] removing player 1 token from slot 4
[2022-12-07 11:04:10] [SEVERE ] removing player 1 token from slot 7
[2022-12-07 11:04:10] [SEVERE ] removing player 1 token from slot 10
[2022-12-07 11:04:10] [SEVERE ] setting player 1 freeze to 5000
[2022-12-07 11:04:10] [SEVERE ] removing player 3 token from slot 10
[2022-12-07 11:04:10] [SEVERE ] removing player 3 token from slot 9
[2022-12-07 11:04:10] [SEVERE ] removing player 3 token from slot 8
[2022-12-07 11:04:10] [SEVERE ] setting player 3 freeze to 5000
[2022-12-07 11:04:11] [SEVERE ] setting player 0 freeze to 4099
[2022-12-07 11:04:11] [SEVERE ] setting player 2 freeze to 4100
[2022-12-07 11:04:11] [SEVERE ] setting player 1 freeze to 4100
[2022-12-07 11:04:11] [SEVERE ] setting player 3 freeze to 4100
[2022-12-07 11:04:12] [SEVERE ] setting player 0 freeze to 3199
[2022-12-07 11:04:12] [SEVERE ] setting player 2 freeze to 3200
[2022-12-07 11:04:12] [SEVERE ] setting player 1 freeze to 3199
[2022-12-07 11:04:12] [SEVERE ] setting player 3 freeze to 3199
[2022-12-07 11:04:12] [SEVERE ] setting player 0 freeze to 0
[2022-12-07 11:04:12] [SEVERE ] setting player 3 freeze to 0
[2022-12-07 11:04:12] [SEVERE ] setting player 2 freeze to 0
[2022-12-07 11:04:12] [SEVERE ] setting player 1 freeze to 0
[2022-12-07 11:04:12] [SEVERE ] placing card 33 in slot 0
[2022-12-07 11:04:12] [SEVERE ] placing card 29 in slot 1
[2022-12-07 11:04:12] [SEVERE ] placing card 59 in slot 2
[2022-12-07 11:04:12] [SEVERE ] placing card 69 in slot 3
[2022-12-07 11:04:13] [SEVERE ] placing card 6 in slot 4
[2022-12-07 11:04:13] [SEVERE ] placing card 46 in slot 5
[2022-12-07 11:04:13] [SEVERE ] placing card 45 in slot 6
[2022-12-07 11:04:13] [SEVERE ] placing card 63 in slot 7
[2022-12-07 11:04:13] [SEVERE ] placing card 73 in slot 8
[2022-12-07 11:04:13] [SEVERE ] placing card 70 in slot 9
[2022-12-07 11:04:13] [SEVERE ] placing card 74 in slot 10
[2022-12-07 11:04:13] [SEVERE ] placing card 36 in slot 11
[2022-12-07 11:04:14] [SEVERE ] player 1 placing token on slot 7
[2022-12-07 11:04:14] [SEVERE ] player 3 placing token on slot 1
[2022-12-07 11:04:14] [SEVERE ] player 0 placing token on slot 5
[2022-12-07 11:04:14] [SEVERE ] player 2 placing token on slot 2
[2022-12-07 11:04:15] [SEVERE ] player 0 placing token on slot 7
[2022-12-07 11:04:15] [SEVERE ] player 3 placing token on slot 2
[2022-12-07 11:04:15] [SEVERE ] player 1 placing token on slot 5
[2022-12-07 11:04:15] [SEVERE ] player 2 placing token on slot 4
[2022-12-07 11:04:16] [SEVERE ] player 0 placing token on slot 10
[2022-12-07 11:04:16] [SEVERE ] player 3 placing token on slot 0
[2022-12-07 11:04:16] [SEVERE ] removing player 2 token from slot 4
[2022-12-07 11:04:16] [SEVERE ] player 1 placing token on slot 11
[2022-12-07 11:04:16] [SEVERE ] removing player 0 token from slot 5
[2022-12-07 11:04:16] [SEVERE ] removing player 0 token from slot 7
[2022-12-07 11:04:16] [SEVERE ] removing player 0 token from slot 10
[2022-12-07 11:04:16] [SEVERE ] setting player 0 freeze to 5000
[2022-12-07 11:04:16] [SEVERE ] removing card from slot 1
[2022-12-07 11:04:16] [SEVERE ] removing card from slot 2
[2022-12-07 11:04:17] [SEVERE ] removing card from slot 0
[2022-12-07 11:04:17] [SEVERE ] placing card 39 in slot 0
[2022-12-07 11:04:17] [SEVERE ] placing card 40 in slot 1
[2022-12-07 11:04:17] [SEVERE ] placing card 80 in slot 2
[2022-12-07 11:04:17] [SEVERE ] removing player 2 token from slot 2
[2022-12-07 11:04:17] [SEVERE ] removing player 1 token from slot 7
[2022-12-07 11:04:17] [SEVERE ] removing player 3 token from slot 1
[2022-12-07 11:04:17] [SEVERE ] removing player 3 token from slot 2
[2022-12-07 11:04:17] [SEVERE ] removing player 3 token from slot 0
[2022-12-07 11:04:17] [SEVERE ] setting player 3 score to 2
[2022-12-07 11:04:17] [SEVERE ] setting player 3 freeze to 1000
[2022-12-07 11:04:17] [SEVERE ] removing player 1 token from slot 5
[2022-12-07 11:04:17] [SEVERE ] removing player 1 token from slot 11
[2022-12-07 11:04:17] [SEVERE ] setting player 1 freeze to 5000
[2022-12-07 11:04:17] [SEVERE ] player 2 placing token on slot 8
[2022-12-07 11:04:17] [SEVERE ] setting player 0 freeze to 4100
[2022-12-07 11:04:18] [SEVERE ] setting player 3 freeze to 100
[2022-12-07 11:04:18] [SEVERE ] setting player 1 freeze to 4100
[2022-12-07 11:04:18] [SEVERE ] setting player 0 freeze to 3200
[2022-12-07 11:04:18] [SEVERE ] removing player 2 token from slot 8
[2022-12-07 11:04:19] [SEVERE ] setting player 3 freeze to 0
[2022-12-07 11:04:19] [SEVERE ] setting player 1 freeze to 3200
[2022-12-07 11:04:19] [SEVERE ] setting player 0 freeze to 2299
[2022-12-07 11:04:19] [SEVERE ] player 2 placing token on slot 1
[2022-12-07 11:04:19] [SEVERE ] player 3 placing token on slot 9
[2022-12-07 11:04:20] [SEVERE ] setting player 1 freeze to 2300
[2022-12-07 11:04:20] [SEVERE ] setting player 0 freeze to 1399
[2022-12-07 11:04:20] [SEVERE ] player 2 placing token on slot 4
[2022-12-07 11:04:20] [SEVERE ] player 3 placing token on slot 5
[2022-12-07 11:04:20] [SEVERE ] setting player 1 freeze to 1399
[2022-12-07 11:04:21] [SEVERE ] setting player 0 freeze to 498
[2022-12-07 11:04:21] [SEVERE ] player 2 placing token on slot 6
[2022-12-07 11:04:21] [SEVERE ] player 3 placing token on slot 2
[2022-12-07 11:04:21] [SEVERE ] removing player 2 token from slot 1
[2022-12-07 11:04:21] [SEVERE ] removing player 2 token from slot 4
[2022-12-07 11:04:21] [SEVERE ] removing player 2 token from slot 6
[2022-12-07 11:04:21] [SEVERE ] setting player 2 freeze to 5000
[2022-12-07 11:04:21] [SEVERE ] removing player 3 token from slot 9
[2022-12-07 11:04:21] [SEVERE ] removing player 3 token from slot 5
[2022-12-07 11:04:21] [SEVERE ] removing player 3 token from slot 2
[2022-12-07 11:04:21] [SEVERE ] setting player 3 freeze to 5000
[2022-12-07 11:04:21] [SEVERE ] setting player 1 freeze to 499
[2022-12-07 11:04:22] [SEVERE ] setting player 0 freeze to 0
[2022-12-07 11:04:22] [SEVERE ] setting player 1 freeze to 0
[2022-12-07 11:04:22] [SEVERE ] setting player 2 freeze to 0
[2022-12-07 11:04:22] [SEVERE ] setting player 3 freeze to 0
[2022-12-07 11:04:22] [SEVERE ] placing card 77 in slot 0
[2022-12-07 11:04:22] [SEVERE ] placing card 25 in slot 1
[2022-12-07 11:04:22] [SEVERE ] placing card 6 in slot 2
[2022-12-07 11:04:22] [SEVERE ] placing card 27 in slot 3
[2022-12-07 11:04:22] [SEVERE ] placing card 78 in slot 4
[2022-12-07 11:04:22] [SEVERE ] placing card 45 in slot 5
[2022-12-07 11:04:23] [SEVERE ] placing card 48 in slot 6
[2022-12-07 11:04:23] [SEVERE ] placing card 9 in slot 7
[2022-12-07 11:04:23] [SEVERE ] placing card 42 in slot 8
[2022-12-07 11:04:23] [SEVERE ] placing card 14 in slot 9
[2022-12-07 11:04:23] [SEVERE ] placing card 17 in slot 10
[2022-12-07 11:04:23] [SEVERE ] placing card 69 in slot 11
[2022-12-07 11:04:24] [SEVERE ] player 0 placing token on slot 11
[2022-12-07 11:04:24] [SEVERE ] player 1 placing token on slot 8
[2022-12-07 11:04:24] [SEVERE ] player 3 placing token on slot 7
[2022-12-07 11:04:24] [SEVERE ] player 2 placing token on slot 5
[2022-12-07 11:04:25] [SEVERE ] player 0 placing token on slot 8
[2022-12-07 11:04:25] [SEVERE ] player 2 placing token on slot 9
[2022-12-07 11:04:25] [SEVERE ] removing player 1 token from slot 8
[2022-12-07 11:04:25] [SEVERE ] player 3 placing token on slot 8
[2022-12-07 11:04:26] [SEVERE ] player 0 placing token on slot 7
[2022-12-07 11:04:26] [SEVERE ] player 2 placing token on slot 0
[2022-12-07 11:04:26] [SEVERE ] removing player 3 token from slot 7
[2022-12-07 11:04:26] [SEVERE ] player 1 placing token on slot 1
[2022-12-07 11:04:26] [SEVERE ] removing player 0 token from slot 11
[2022-12-07 11:04:26] [SEVERE ] removing player 0 token from slot 8
[2022-12-07 11:04:26] [SEVERE ] removing player 0 token from slot 7
[2022-12-07 11:04:26] [SEVERE ] setting player 0 freeze to 5000
[2022-12-07 11:04:26] [SEVERE ] removing player 2 token from slot 5
[2022-12-07 11:04:26] [SEVERE ] removing player 2 token from slot 9
[2022-12-07 11:04:26] [SEVERE ] removing player 2 token from slot 0
[2022-12-07 11:04:26] [SEVERE ] setting player 2 freeze to 5000
[2022-12-07 11:04:27] [SEVERE ] player 1 placing token on slot 0
[2022-12-07 11:04:27] [SEVERE ] player 3 placing token on slot 7
[2022-12-07 11:04:27] [SEVERE ] setting player 0 freeze to 4100
[2022-12-07 11:04:27] [SEVERE ] setting player 2 freeze to 4099
[2022-12-07 11:04:28] [SEVERE ] setting player 0 freeze to 3199
[2022-12-07 11:04:28] [SEVERE ] player 1 placing token on slot 8
[2022-12-07 11:04:28] [SEVERE ] player 3 placing token on slot 11
[2022-12-07 11:04:28] [SEVERE ] setting player 2 freeze to 3199
[2022-12-07 11:04:28] [SEVERE ] removing player 1 token from slot 1
[2022-12-07 11:04:28] [SEVERE ] removing player 1 token from slot 0
[2022-12-07 11:04:28] [SEVERE ] removing player 1 token from slot 8
[2022-12-07 11:04:28] [SEVERE ] setting player 1 freeze to 5000
[2022-12-07 11:04:28] [SEVERE ] removing player 3 token from slot 8
[2022-12-07 11:04:28] [SEVERE ] removing player 3 token from slot 7
[2022-12-07 11:04:28] [SEVERE ] removing player 3 token from slot 11
[2022-12-07 11:04:28] [SEVERE ] setting player 3 freeze to 5000
[2022-12-07 11:04:28] [SEVERE ] setting player 0 freeze to 0
[2022-12-07 11:04:28] [SEVERE ] setting player 3 freeze to 0
[2022-12-07 11:04:28] [SEVERE ] setting player 1 freeze to 0
[2022-12-07 11:04:28] [SEVERE ] setting player 2 freeze to 0
[2022-12-07 11:04:28] [SEVERE ] placing card 17 in slot 0
[2022-12-07 11:04:28] [SEVERE ] placing card 74 in slot 1
[2022-12-07 11:04:28] [SEVERE ] placing card 70 in slot 2
[2022-12-07 11:04:28] [SEVERE ] placing card 21 in slot 3
[2022-12-07 11:04:29] [SEVERE ] placing card 7 in slot 4
[2022-12-07 11:04:29] [SEVERE ] placing card 39 in slot 5
[2022-12-07 11:04:29] [SEVERE ] placing card 45 in slot 6
[2022-12-07 11:04:29] [SEVERE ] placing card 15 in slot 7
[2022-12-07 11:04:29] [SEVERE ] placing card 56 in slot 8
[2022-12-07 11:04:29] [SEVERE ] placing card 67 in slot 9
[2022-12-07 11:04:29] [SEVERE ] placing card 28 in slot 10
[2022-12-07 11:04:29] [SEVERE ] placing card 31 in slot 11
[2022-12-07 11:04:30] [SEVERE ] player 1 placing token on slot 4
[2022-12-07 11:04:30] [SEVERE ] player 0 placing token on slot 11
[2022-12-07 11:04:30] [SEVERE ] player 3 placing token on slot 7
[2022-12-07 11:04:30] [SEVERE ] player 2 placing token on slot 10
[2022-12-07 11:04:31] [SEVERE ] player 2 placing token on slot 8
[2022-12-07 11:04:31] [SEVERE ] player 3 placing token on slot 6
[2022-12-07 11:04:31] [SEVERE ] player 0 placing token on slot 7
[2022-12-07 11:04:31] [SEVERE ] player 1 placing token on slot 6
[2022-12-07 11:04:32] [SEVERE ] player 2 placing token on slot 2
[2022-12-07 11:04:32] [SEVERE ] player 0 placing token on slot 5
[2022-12-07 11:04:32] [SEVERE ] player 3 placing token on slot 10
[2022-12-07 11:04:32] [SEVERE ] player 1 placing token on slot 10
[2022-12-07 11:04:32] [SEVERE ] removing player 2 token from slot 10
[2022-12-07 11:04:32] [SEVERE ] removing player 2 token from slot 8
[2022-12-07 11:04:32] [SEVERE ] removing player 2 token from slot 2
[2022-12-07 11:04:32] [SEVERE ] setting player 2 freeze to 5000
[2022-12-07 11:04:32] [SEVERE ] removing player 0 token from slot 11
[2022-12-07 11:04:32] [SEVERE ] removing player 0 token from slot 7
[2022-12-07 11:04:32] [SEVERE ] removing player 0 token from slot 5
[2022-12-07 11:04:32] [SEVERE ] setting player 0 freeze to 5000
[2022-12-07 11:04:32] [SEVERE ] removing player 3 token from slot 7
[2022-12-07 11:04:32] [SEVERE ] removing player 3 token from slot 6
[2022-12-07 11:04:32] [SEVERE ] removing player 3 token from slot 10
[2022-12-07 11:04:32] [SEVERE ] setting player 3 freeze to 5000
[2022-12-07 11:04:32] [SEVERE ] removing player 1 token from slot 4
[2022-12-07 11:04:32] [SEVERE ] removing player 1 token from slot 6
[2022-12-07 11:04:32] [SEVERE ] removing player 1 token from slot 10
[2022-12-07 11:04:32] [SEVERE ] setting player 1 freeze to 5000
[2022-12-07 11:04:33] [SEVERE ] setting player 2 freeze to 4100
[2022-12-07 11:04:33] [SEVERE ] setting player 0 freeze to 4100
[2022-12-07 11:04:33] [SEVERE ] setting player 3 freeze to 4100
[2022-12-07 11:04:33] [SEVERE ] setting player 1 freeze to 4099
[2022-12-07 11:04:34] [SEVERE ] setting player 2 freeze to 3199
[2022-12-07 11:04:34] [SEVERE ] setting player 0 freeze to 3200
[2022-12-07 11:04:34] [SEVERE ] setting player 3 freeze to 3199
[2022-12-07 11:04:34] [SEVERE ] setting player 1 freeze to 3199
[2022-12-07 11:04:34] [SEVERE ] setting player 2 freeze to 0
[2022-12-07 11:04:34] [SEVERE ] setting player 1 freeze to 0
[2022-12-07 11:04:34] [SEVERE ] setting player 0 freeze to 0
[2022-12-07 11:04:34] [SEVERE ] setting player 3 freeze to 0
[2022-12-07 11:04:34] [SEVERE ] placing card 77 in slot 0
[2022-12-07 11:04:35] [SEVERE ] placing card 51 in slot 1
[2022-12-07 11:04:35] [SEVERE ] placing card 80 in slot 2
[2022-12-07 11:04:35] [SEVERE ] placing card 36 in slot 3
[2022-12-07 11:04:35] [SEVERE ] placing card 43 in slot 4
[2022-12-07 11:04:35] [SEVERE ] placing card 61 in slot 5
[2022-12-07 11:04:35] [SEVERE ] placing card 35 in slot 6
[2022-12-07 11:04:35] [SEVERE ] placing card 63 in slot 7
[2022-12-07 11:04:35] [SEVERE ] placing card 18 in slot 8
[2022-12-07 11:04:35] [SEVERE ] placing card 3 in slot 9
[2022-12-07 11:04:35] [SEVERE ] placing card 6 in slot 10
[2022-12-07 11:04:36] [SEVERE ] placing card 25 in slot 11
[2022-12-07 11:04:36] [SEVERE ] player 0 placing token on slot 6
[2022-12-07 11:04:36] [SEVERE ] player 3 placing token on slot 10
[2022-12-07 11:04:36] [SEVERE ] player 1 placing token on slot 6
[2022-12-07 11:04:36] [SEVERE ] player 2 placing token on slot 7
[2022-12-07 11:04:37] [SEVERE ] player 2 placing token on slot 4
[2022-12-07 11:04:37] [SEVERE ] player 3 placing token on slot 7
[2022-12-07 11:04:37] [SEVERE ] player 0 placing token on slot 2
[2022-12-07 11:04:37] [SEVERE ] player 1 placing token on slot 5
[2022-12-07 11:04:38] [SEVERE ] player 1 placing token on slot 1
[2022-12-07 11:04:38] [SEVERE ] player 3 placing token on slot 9
[2022-12-07 11:04:38] [SEVERE ] player 2 placing token on slot 6
[2022-12-07 11:04:38] [SEVERE ] removing player 0 token from slot 6
[2022-12-07 11:04:39] [SEVERE ] removing card from slot 6
[2022-12-07 11:04:39] [SEVERE ] removing card from slot 5
[2022-12-07 11:04:39] [SEVERE ] removing card from slot 1
[2022-12-07 11:04:39] [SEVERE ] placing card 58 in slot 1
[2022-12-07 11:04:39] [SEVERE ] placing card 27 in slot 5
[2022-12-07 11:04:39] [SEVERE ] placing card 55 in slot 6
[2022-12-07 11:04:39] [SEVERE ] removing player 2 token from slot 6
[2022-12-07 11:04:39] [SEVERE ] removing player 1 token from slot 6
[2022-12-07 11:04:39] [SEVERE ] removing player 1 token from slot 5
[2022-12-07 11:04:39] [SEVERE ] removing player 1 token from slot 1
[2022-12-07 11:04:39] [SEVERE ] removing player 2 token from slot 7
[2022-12-07 11:04:39] [SEVERE ] setting player 1 score to 1
[2022-12-07 11:04:39] [SEVERE ] removing player 3 token from slot 10
[2022-12-07 11:04:39] [SEVERE ] setting player 1 freeze to 1000
[2022-12-07 11:04:39] [SEVERE ] removing player 2 token from slot 4
[2022-12-07 11:04:39] [SEVERE ] setting player 2 freeze to 5000
[2022-12-07 11:04:39] [SEVERE ] removing player 3 token from slot 7
[2022-12-07 11:04:39] [SEVERE ] removing player 3 token from slot 9
[2022-12-07 11:04:39] [SEVERE ] setting player 3 freeze to 5000
[2022-12-07 11:04:39] [SEVERE ] player 0 placing token on slot 3
[2022-12-07 11:04:40] [SEVERE ] setting player 1 freeze to 99
[2022-12-07 11:04:40] [SEVERE ] setting player 3 freeze to 4100
[2022-12-07 11:04:40] [SEVERE ] setting player 2 freeze to 4100
[2022-12-07 11:04:40] [SEVERE ] player 0 placing token on slot 5
[2022-12-07 11:04:40] [SEVERE ] removing player 0 token from slot 2
[2022-12-07 11:04:40] [SEVERE ] removing player 0 token from slot 3
[2022-12-07 11:04:40] [SEVERE ] removing player 0 token from slot 5
[2022-12-07 11:04:40] [SEVERE ] setting player 0 freeze to 5000
[2022-12-07 11:04:41] [SEVERE ] setting player 1 freeze to 0
[2022-12-07 11:04:41] [SEVERE ] setting player 3 freeze to 3200
[2022-12-07 11:04:41] [SEVERE ] setting player 2 freeze to 3200
[2022-12-07 11:04:41] [SEVERE ] player 1 placing token on slot 1
[2022-12-07 11:04:41] [SEVERE ] setting player 0 freeze to 4100
[2022-12-07 11:04:42] [SEVERE ] setting player 3 freeze to 2300
[2022-12-07 11:04:42] [SEVERE ] setting player 2 freeze to 2300
[2022-12-07 11:04:42] [SEVERE ] setting player 0 freeze to 3199
[2022-12-07 11:04:42] [SEVERE ] removing player 1 token from slot 1
[2022-12-07 11:04:43] [SEVERE ] setting player 3 freeze to 1399
[2022-12-07 11:04:43] [SEVERE ] setting player 2 freeze to 1399
[2022-12-07 11:04:43] [SEVERE ] setting player 0 freeze to 2299
[2022-12-07 11:04:43] [SEVERE ] player 1 placing token on slot 8
[2022-12-07 11:04:44] [SEVERE ] setting player 3 freeze to 499
[2022-12-07 11:04:44] [SEVERE ] setting player 2 freeze to 499
[2022-12-07 11:04:44] [SEVERE ] setting player 0 freeze to 1399
[2022-12-07 11:04:44] [SEVERE ] setting player 2 freeze to 0
[2022-12-07 11:04:44] [SEVERE ] setting player 0 freeze to 0
[2022-12-07 11:04:44] [SEVERE ] setting player 3 freeze to 0
[2022-12-07 11:04:44] [SEVERE ] removing player 1 token from slot 8
[2022-12-07 11:04:44] [SEVERE ] placing card 42 in slot 0
[2022-12-07 11:04:44] [SEVERE ] placing card 22 in slot 1
[2022-12-07 11:04:44] [SEVERE ] placing card 25 in slot 2
[2022-12-07 11:04:44] [SEVERE ] placing card 48 in slot 3
[2022-12-07 11:04:45] [SEVERE ] placing card 60 in slot 4
[2022-12-07 11:04:45] [SEVERE ] placing card 32 in slot 5
[2022-12-07 11:04:45] [SEVERE ] placing card 36 in slot 6
[2022-12-07 11:04:45] [SEVERE ] placing card 40 in slot 7
[2022-12-07 11:04:45] [SEVERE ] placing card 8 in slot 8
[2022-12-07 11:04:45] [SEVERE ] placing card 47 in slot 9
[2022-12-07 11:04:45] [SEVERE ] placing card 27 in slot 10
[2022-12-07 11:04:45] [SEVERE ] placing card 63 in slot 11
[2022-12-07 11:04:46] [SEVERE ] player 2 placing token on slot 10
[2022-12-07 11:04:46] [SEVERE ] player 3 placing token on slot 11
[2022-12-07 11:04:46] [SEVERE ] player 1 placing token on slot 4
[2022-12-07 11:04:46] [SEVERE ] player 0 placing token on slot 7
[2022-12-07 11:04:47] [SEVERE ] player 1 placing token on slot 11
[2022-12-07 11:04:47] [SEVERE ] player 3 placing token on slot 4
[2022-12-07 11:04:47] [SEVERE ] player 2 placing token on slot 5
[2022-12-07 11:04:47] [SEVERE ] player 0 placing token on slot 8
[2022-12-07 11:04:48] [SEVERE ] removing player 2 token from slot 10
[2022-12-07 11:04:48] [SEVERE ] player 3 placing token on slot 2
[2022-12-07 11:04:48] [SEVERE ] player 1 placing token on slot 10
[2022-12-07 11:04:48] [SEVERE ] removing player 0 token from slot 8
[2022-12-07 11:04:48] [SEVERE ] removing player 3 token from slot 11
[2022-12-07 11:04:48] [SEVERE ] removing player 3 token from slot 4
[2022-12-07 11:04:48] [SEVERE ] removing player 3 token from slot 2
[2022-12-07 11:04:48] [SEVERE ] setting player 3 freeze to 5000
[2022-12-07 11:04:48] [SEVERE ] removing player 1 token from slot 4
[2022-12-07 11:04:48] [SEVERE ] removing player 1 token from slot 11
[2022-12-07 11:04:48] [SEVERE ] removing player 1 token from slot 10
[2022-12-07 11:04:48] [SEVERE ] setting player 1 freeze to 5000
[2022-12-07 11:04:49] [SEVERE ] player 2 placing token on slot 6
[2022-12-07 11:04:49] [SEVERE ] player 0 placing token on slot 3
[2022-12-07 11:04:49] [SEVERE ] setting player 3 freeze to 4100
[2022-12-07 11:04:49] [SEVERE ] setting player 1 freeze to 4099
[2022-12-07 11:04:50] [SEVERE ] setting player 3 freeze to 3200
[2022-12-07 11:04:50] [SEVERE ] player 2 placing token on slot 4
[2022-12-07 11:04:50] [SEVERE ] player 0 placing token on slot 0
[2022-12-07 11:04:50] [SEVERE ] setting player 1 freeze to 3199
[2022-12-07 11:04:50] [SEVERE ] removing player 2 token from slot 5
[2022-12-07 11:04:50] [SEVERE ] removing player 2 token from slot 6
[2022-12-07 11:04:50] [SEVERE ] removing player 2 token from slot 4
[2022-12-07 11:04:50] [SEVERE ] setting player 2 freeze to 5000
[2022-12-07 11:04:50] [SEVERE ] removing player 0 token from slot 7
[2022-12-07 11:04:50] [SEVERE ] removing player 0 token from slot 3
[2022-12-07 11:04:50] [SEVERE ] removing player 0 token from slot 0
[2022-12-07 11:04:50] [SEVERE ] setting player 0 freeze to 5000
[2022-12-07 11:04:50] [SEVERE ] setting player 2 freeze to 0
[2022-12-07 11:04:50] [SEVERE ] setting player 1 freeze to 0
[2022-12-07 11:04:50] [SEVERE ] setting player 3 freeze to 0
[2022-12-07 11:04:50] [SEVERE ] setting player 0 freeze to 0
[2022-12-07 11:04:50] [SEVERE ] placing card 64 in slot 0
[2022-12-07 11:04:50] [SEVERE ] placing card 43 in slot 1
[2022-12-07 11:04:51] [SEVERE ] placing card 24 in slot 2
[2022-12-07 11:04:51] [SEVERE ] placing card 32 in slot 3
[2022-12-07 11:04:51] [SEVERE ] placing card 55 in slot 4
[2022-12-07 11:04:51] [SEVERE ] placing card 31 in slot 5
[2022-12-07 11:04:51] [SEVERE ] placing card 10 in slot 6
[2022-12-07 11:04:51] [SEVERE ] placing card 77 in slot 7
[2022-12-07 11:04:51] [SEVERE ] placing card 1 in slot 8
[2022-12-07 11:04:51] [SEVERE ] placing card 56 in slot 9
[2022-12-07 11:04:51] [SEVERE ] placing card 79 in slot 10
[2022-12-07 11:04:51] [SEVERE ] placing card 65 in slot 11
[2022-12-07 11:04:52] [SEVERE ] player 1 placing token on slot 4
[2022-12-07 11:04:52] [SEVERE ] player 3 placing token on slot 5
[2022-12-07 11:04:52] [SEVERE ] player 2 placing token on slot 7
[2022-12-07 11:04:52] [SEVERE ] player 0 placing token on slot 9
[2022-12-07 11:04:53] [SEVERE ] player 0 placing token on slot 5
[2022-12-07 11:04:53] [SEVERE ] player 3 placing token on slot 11
[2022-12-07 11:04:53] [SEVERE ] player 1 placing token on slot 9
[2022-12-07 11:04:53] [SEVERE ] player 2 placing token on slot 2
[2022-12-07 11:04:54] [SEVERE ] player 1 placing token on slot 0
[2022-12-07 11:04:54] [SEVERE ] player 3 placing token on slot 0
[2022-12-07 11:04:54] [SEVERE ] player 2 placing token on slot 8
[2022-12-07 11:04:54] [SEVERE ] player 0 placing token on slot 8
[2022-12-07 11:04:54] [SEVERE ] removing player 1 token from slot 4
[2022-12-07 11:04:54] [SEVERE ] removing player 1 token from slot 9
[2022-12-07 11:04:54] [SEVERE ] removing player 1 token from slot 0
[2022-12-07 11:04:54] [SEVERE ] setting player 1 freeze to 5000
[2022-12-07 11:04:54] [SEVERE ] removing player 3 token from slot 5
[2022-12-07 11:04:54] [SEVERE ] removing player 3 token from slot 11
[2022-12-07 11:04:54] [SEVERE ] removing player 3 token from slot 0
[2022-12-07 11:04:54] [SEVERE ] setting player 3 freeze to 5000
[2022-12-07 11:04:55] [SEVERE ] removing player 2 token from slot 7
[2022-12-07 11:04:55] [SEVERE ] removing player 2 token from slot 2
[2022-12-07 11:04:55] [SEVERE ] removing player 2 token from slot 8
[2022-12-07 11:04:55] [SEVERE ] setting player 2 freeze to 5000
[2022-12-07 11:04:55] [SEVERE ] removing player 0 token from slot 9
[2022-12-07 11:04:55] [SEVERE ] removing player 0 token from slot 5
[2022-12-07 11:04:55] [SEVERE ] removing player 0 token from slot 8
[2022-12-07 11:04:55] [SEVERE ] setting player 0 freeze to 5000
[2022-12-07 11:04:55] [SEVERE ] setting player 1 freeze to 4100
[2022-12-07 11:04:55] [SEVERE ] setting player 3 freeze to 4099
[2022-12-07 11:04:55] [SEVERE ] setting player 2 freeze to 4100
[2022-12-07 11:04:56] [SEVERE ] setting player 0 freeze to 4100
[2022-12-07 11:04:56] [SEVERE ] setting player 1 freeze to 3200
[2022-12-07 11:04:56] [SEVERE ] setting player 3 freeze to 3199
[2022-12-07 11:04:56] [SEVERE ] setting player 2 freeze to 3199
[2022-12-07 11:04:56] [SEVERE ] setting player 0 freeze to 3200
[2022-12-07 11:04:56] [SEVERE ] setting player 1 freeze to 0
[2022-12-07 11:04:56] [SEVERE ] setting player 2 freeze to 0
[2022-12-07 11:04:56] [SEVERE ] setting player 0 freeze to 0
[2022-12-07 11:04:56] [SEVERE ] setting player 3 freeze to 0
[2022-12-07 11:04:57] [SEVERE ] placing card 42 in slot 0
[2022-12-07 11:04:57] [SEVERE ] placing card 57 in slot 1
[2022-12-07 11:04:57] [SEVERE ] placing card 68 in slot 2
[2022-12-07 11:04:57] [SEVERE ] placing card 60 in slot 3
[2022-12-07 11:04:57] [SEVERE ] placing card 34 in slot 4
[2022-12-07 11:04:57] [SEVERE ] placing card 9 in slot 5
[2022-12-07 11:04:57] [SEVERE ] placing card 65 in slot 6
[2022-12-07 11:04:57] [SEVERE ] placing card 44 in slot 7
[2022-12-07 11:04:57] [SEVERE ] placing card 56 in slot 8
[2022-12-07 11:04:57] [SEVERE ] placing card 63 in slot 9
[2022-12-07 11:04:58] [SEVERE ] placing card 47 in slot 10
[2022-12-07 11:04:58] [SEVERE ] placing card 31 in slot 11
[2022-12-07 11:04:58] [SEVERE ] player 0 placing token on slot 3
[2022-12-07 11:04:58] [SEVERE ] player 2 placing token on slot 3
[2022-12-07 11:04:58] [SEVERE ] player 1 placing token on slot 0
[2022-12-07 11:04:58] [SEVERE ] player 3 placing token on slot 8
[2022-12-07 11:04:59] [SEVERE ] player 1 placing token on slot 1
[2022-12-07 11:04:59] [SEVERE ] player 3 placing token on slot 1
[2022-12-07 11:04:59] [SEVERE ] player 0 placing token on slot 11
[2022-12-07 11:04:59] [SEVERE ] player 2 placing token on slot 1
[2022-12-07 11:05:00] [SEVERE ] player 3 placing token on slot 4
[2022-12-07 11:05:00] [SEVERE ] player 1 placing token on slot 10
[2022-12-07 11:05:00] [SEVERE ] player 2 placing token on slot 7
[2022-12-07 11:05:00] [SEVERE ] player 0 placing token on slot 1
[2022-12-07 11:05:01] [SEVERE ] removing player 3 token from slot 8
[2022-12-07 11:05:01] [SEVERE ] removing player 3 token from slot 1
[2022-12-07 11:05:01] [SEVERE ] removing player 3 token from slot 4
[2022-12-07 11:05:01] [SEVERE ] setting player 3 freeze to 5000
[2022-12-07 11:05:01] [SEVERE ] removing player 1 token from slot 0
[2022-12-07 11:05:01] [SEVERE ] removing player 1 token from slot 1
[2022-12-07 11:05:01] [SEVERE ] removing player 1 token from slot 10
[2022-12-07 11:05:01] [SEVERE ] setting player 1 freeze to 5000
[2022-12-07 11:05:01] [SEVERE ] removing player 2 token from slot 3
[2022-12-07 11:05:01] [SEVERE ] removing player 2 token from slot 1
[2022-12-07 11:05:01] [SEVERE ] removing player 2 token from slot 7
[2022-12-07 11:05:01] [SEVERE ] setting player 2 freeze to 5000
[2022-12-07 11:05:01] [SEVERE ] removing player 0 token from slot 3
[2022-12-07 11:05:01] [SEVERE ] removing player 0 token from slot 11
[2022-12-07 11:05:01] [SEVERE ] removing player 0 token from slot 1
[2022-12-07 11:05:01] [SEVERE ] setting player 0 freeze to 5000
[2022-12-07 11:05:01] [SEVERE ] setting player 3 freeze to 4100
[2022-12-07 11:05:02] [SEVERE ] setting player 1 freeze to 4100
[2022-12-07 11:05:02] [SEVERE ] setting player 2 freeze to 4100
[2022-12-07 11:05:02] [SEVERE ] setting player 0 freeze to 4099
[2022-12-07 11:05:02] [SEVERE ] setting player 3 freeze to 3200
[2022-12-07 11:05:02] [SEVERE ] setting player 1 freeze to 3200
[2022-12-07 11:05:03] [SEVERE ] setting player 2 freeze to 3199
[2022-12-07 11:05:03] [SEVERE ] setting player 0 freeze to 3199
[2022-12-07 11:05:03] [SEVERE ] setting player 0 freeze to 0
[2022-12-07 11:05:03] [SEVERE ] setting player 2 freeze to 0
[2022-12-07 11:05:03] [SEVERE ] setting player 1 freeze to 0
[2022-12-07 11:05:03] [SEVERE ] setting player 3 freeze to 0
[2022-12-07 11:05:03] [SEVERE ] placing card 3 in slot 0
[2022-12-07 11:05:03] [SEVERE ] placing card 79 in slot 1
[2022-12-07 11:05:03] [SEVERE ] placing card 4 in slot 2
[2022-12-07 11:05:03] [SEVERE ] placing card 42 in slot 3
[2022-12-07 11:05:03] [SEVERE ] placing card 53 in slot 4
[2022-12-07 11:05:03] [SEVERE ] placing card 15 in slot 5
[2022-12-07 11:05:03] [SEVERE ] placing card 56 in slot 6
[2022-12-07 11:05:04] [SEVERE ] placing card 43 in slot 7
[2022-12-07 11:05:04] [SEVERE ] placing card 9 in slot 8
[2022-12-07 11:05:04] [SEVERE ] placing card 47 in slot 9
[2022-12-07 11:05:04] [SEVERE ] placing card 20 in slot 10
[2022-12-07 11:05:04] [SEVERE ] placing card 71 in slot 11
[2022-12-07 11:05:05] [SEVERE ] player 3 placing token on slot 6
[2022-12-07 11:05:05] [SEVERE ] player 2 placing token on slot 6
[2022-12-07 11:05:05] [SEVERE ] player 0 placing token on slot 9
[2022-12-07 11:05:05] [SEVERE ] player 1 placing token on slot 1
[2022-12-07 11:05:06] [SEVERE ] player 0 placing token on slot 11
[2022-12-07 11:05:06] [SEVERE ] player 3 placing token on slot 3
[2022-12-07 11:05:06] [SEVERE ] player 2 placing token on slot 7
[2022-12-07 11:05:06] [SEVERE ] player 1 placing token on slot 0
[2022-12-07 11:05:07] [SEVERE ] player 0 placing token on slot 4
[2022-12-07 11:05:07] [SEVERE ] player 1 placing token on slot 8
[2022-12-07 11:05:07] [SEVERE ] player 3 placing token on slot 1
[2022-12-07 11:05:07] [SEVERE ] player 2 placing token on slot 2
[2022-12-07 11:05:07] [SEVERE ] removing player 0 token from slot 9
[2022-12-07 11:05:07] [SEVERE ] removing player 0 token from slot 11
[2022-12-07 11:05:07] [SEVERE ] removing player 0 token from slot 4
[2022-12-07 11:05:07] [SEVERE ] setting player 0 freeze to 5000
[2022-12-07 11:05:07] [SEVERE ] removing player 1 token from slot 1
[2022-12-07 11:05:07] [SEVERE ] removing player 1 token from slot 0
[2022-12-07 11:05:07] [SEVERE ] removing player 1 token from slot 8
[2022-12-07 11:05:07] [SEVERE ] setting player 1 freeze to 5000
[2022-12-07 11:05:07] [SEVERE ] removing player 3 token from slot 6
[2022-12-07 11:05:07] [SEVERE ] removing player 3 token from slot 3
[2022-12-07 11:05:07] [SEVERE ] removing player 3 token from slot 1
[2022-12-07 11:05:07] [SEVERE ] setting player 3 freeze to 5000
[2022-12-07 11:05:07] [SEVERE ] removing player 2 token from slot 6
[2022-12-07 11:05:07] [SEVERE ] removing player 2 token from slot 7
[2022-12-07 11:05:07] [SEVERE ] removing player 2 token from slot 2
[2022-12-07 11:05:07] [SEVERE ] setting player 2 freeze to 5000
[2022-12-07 11:05:08] [SEVERE ] setting player 0 freeze to 4100
[2022-12-07 11:05:08] [SEVERE ] setting player 1 freeze to 4099
[2022-12-07 11:05:08] [SEVERE ] setting player 3 freeze to 4100
[2022-12-07 11:05:08] [SEVERE ] setting player 2 freeze to 4100
[2022-12-07 11:05:09] [SEVERE ] setting player 0 freeze to 3199
[2022-12-07 11:05:09] [SEVERE ] setting player 1 freeze to 3199
[2022-12-07 11:05:09] [SEVERE ] setting player 3 freeze to 3200
[2022-12-07 11:05:09] [SEVERE ] setting player 2 freeze to 3199
[2022-12-07 11:05:09] [SEVERE ] setting player 0 freeze to 0
[2022-12-07 11:05:09] [SEVERE ] setting player 2 freeze to 0
[2022-12-07 11:05:09] [SEVERE ] setting player 1 freeze to 0
[2022-12-07 11:05:09] [SEVERE ] setting player 3 freeze to 0
[2022-12-07 11:05:09] [SEVERE ] placing card 60 in slot 0
[2022-12-07 11:05:09] [SEVERE ] placing card 71 in slot 1
[2022-12-07 11:05:09] [SEVERE ] placing card 10 in slot 2
[2022-12-07 11:05:09] [SEVERE ] placing card 48 in slot 3
[2022-12-07 11:05:09] [SEVERE ] placing card 56 in slot 4
[2022-12-07 11:05:10] [SEVERE ] placing card 4 in slot 5
[2022-12-07 11:05:10] [SEVERE ] placing card 16 in slot 6
[2022-12-07 11:05:10] [SEVERE ] placing card 40 in slot 7
[2022-12-07 11:05:10] [SEVERE ] placing card 32 in slot 8
[2022-12-07 11:05:10] [SEVERE ] placing card 58 in slot 9
[2022-12-07 11:05:10] [SEVERE ] placing card 15 in slot 10
[2022-12-07 11:05:10] [SEVERE ] placing card 69 in slot 11
[2022-12-07 11:05:11] [SEVERE ] player 2 placing token on slot 1
[2022-12-07 11:05:11] [SEVERE ] player 1 placing token on slot 11
[2022-12-07 11:05:11] [SEVERE ] player 3 placing token on slot 10
[2022-12-07 11:05:11] [SEVERE ] player 0 placing token on slot 10
[2022-12-07 11:05:12] [SEVERE ] player 0 placing token on slot 4
[2022-12-07 11:05:12] [SEVERE ] player 3 placing token on slot 0
[2022-12-07 11:05:12] [SEVERE ] player 1 placing token on slot 5
[2022-12-07 11:05:12] [SEVERE ] player 2 placing token on slot 2
[2022-12-07 11:05:13] [SEVERE ] player 0 placing token on slot 11
[2022-12-07 11:05:13] [SEVERE ] player 3 placing token on slot 6
[2022-12-07 11:05:13] [SEVERE ] player 2 placing token on slot 0
[2022-12-07 11:05:13] [SEVERE ] player 1 placing token on slot 7
[2022-12-07 11:05:13] [SEVERE ] removing player 0 token from slot 10
[2022-12-07 11:05:13] [SEVERE ] removing player 0 token from slot 4
[2022-12-07 11:05:13] [SEVERE ] removing player 0 token from slot 11
[2022-12-07 11:05:13] [SEVERE ] setting player 0 freeze to 5000
[2022-12-07 11:05:13] [SEVERE ] removing player 3 token from slot 10
[2022-12-07 11:05:13] [SEVERE ] removing player 3 token from slot 0
[2022-12-07 11:05:13] [SEVERE ] removing player 3 token from slot 6
[2022-12-07 11:05:13] [SEVERE ] setting player 3 freeze to 5000
[2022-12-07 11:05:13] [SEVERE ] removing card from slot 1
[2022-12-07 11:05:13] [SEVERE ] removing card from slot 2
[2022-12-07 11:05:14] [SEVERE ] removing card from slot 0
[2022-12-07 11:05:14] [SEVERE ] placing card 47 in slot 0
[2022-12-07 11:05:14] [SEVERE ] placing card 11 in slot 1
[2022-12-07 11:05:14] [SEVERE ] placing card 18 in slot 2
[2022-12-07 11:05:14] [SEVERE ] removing player 2 token from slot 1
[2022-12-07 11:05:14] [SEVERE ] removing player 1 token from slot 11
[2022-12-07 11:05:14] [SEVERE ] removing player 2 token from slot 2
[2022-12-07 11:05:14] [SEVERE ] removing player 1 token from slot 5
[2022-12-07 11:05:14] [SEVERE ] removing player 2 token from slot 0
[2022-12-07 11:05:14] [SEVERE ] setting player 2 score to 2
[2022-12-07 11:05:14] [SEVERE ] setting player 2 freeze to 1000
[2022-12-07 11:05:14] [SEVERE ] removing player 1 token from slot 7
[2022-12-07 11:05:14] [SEVERE ] setting player 1 freeze to 5000
[2022-12-07 11:05:14] [SEVERE ] setting player 0 freeze to 4100
[2022-12-07 11:05:14] [SEVERE ] setting player 3 freeze to 4100
[2022-12-07 11:05:15] [SEVERE ] setting player 2 freeze to 100
[2022-12-07 11:05:15] [SEVERE ] setting player 1 freeze to 4100
[2022-12-07 11:05:15] [SEVERE ] setting player 0 freeze to 3199
[2022-12-07 11:05:15] [SEVERE ] setting player 3 freeze to 3200
[2022-12-07 11:05:16] [SEVERE ] setting player 2 freeze to 0
[2022-12-07 11:05:16] [SEVERE ] setting player 1 freeze to 3199
[2022-12-07 11:05:16] [SEVERE ] setting player 0 freeze to 2299
[2022-12-07 11:05:16] [SEVERE ] setting player 3 freeze to 2300
[2022-12-07 11:05:16] [SEVERE ] player 2 placing token on slot 8
[2022-12-07 11:05:17] [SEVERE ] setting player 1 freeze to 2299
[2022-12-07 11:05:17] [SEVERE ] setting player 0 freeze to 1399
[2022-12-07 11:05:17] [SEVERE ] setting player 3 freeze to 1399
[2022-12-07 11:05:17] [SEVERE ] player 2 placing token on slot 10
[2022-12-07 11:05:17] [SEVERE ] setting player 1 freeze to 1399
[2022-12-07 11:05:18] [SEVERE ] setting player 0 freeze to 498
[2022-12-07 11:05:18] [SEVERE ] setting player 3 freeze to 499
[2022-12-07 11:05:18] [SEVERE ] player 2 placing token on slot 4
[2022-12-07 11:05:18] [SEVERE ] removing player 2 token from slot 8
[2022-12-07 11:05:18] [SEVERE ] removing player 2 token from slot 10
[2022-12-07 11:05:18] [SEVERE ] removing player 2 token from slot 4
[2022-12-07 11:05:18] [SEVERE ] setting player 2 freeze to 5000
[2022-12-07 11:05:18] [SEVERE ] setting player 1 freeze to 498
[2022-12-07 11:05:18] [SEVERE ] setting player 0 freeze to 0
[2022-12-07 11:05:19] [SEVERE ] setting player 3 freeze to 0
[2022-12-07 11:05:19] [SEVERE ] setting player 1 freeze to 0
[2022-12-07 11:05:19] [SEVERE ] setting player 2 freeze to 0
[2022-12-07 11:05:19] [SEVERE ] placing card 75 in slot 0
[2022-12-07 11:05:19] [SEVERE ] placing card 11 in slot 1
[2022-12-07 11:05:19] [SEVERE ] placing card 32 in slot 2
[2022-12-07 11:05:19] [SEVERE ] placing card 76 in slot 3
[2022-12-07 11:05:19] [SEVERE ] placing card 77 in slot 4
[2022-12-07 11:05:19] [SEVERE ] placing card 20 in slot 5
[2022-12-07 11:05:20] [SEVERE ] placing card 7 in slot 6
[2022-12-07 11:05:20] [SEVERE ] placing card 55 in slot 7
[2022-12-07 11:05:20] [SEVERE ] placing card 46 in slot 8
[2022-12-07 11:05:20] [SEVERE ] placing card 58 in slot 9
[2022-12-07 11:05:20] [SEVERE ] placing card 47 in slot 10
[2022-12-07 11:05:20] [SEVERE ] placing card 40 in slot 11
[2022-12-07 11:05:21] [SEVERE ] player 1 placing token on slot 8
[2022-12-07 11:05:21] [SEVERE ] player 3 placing token on slot 5
[2022-12-07 11:05:21] [SEVERE ] player 0 placing token on slot 6
[2022-12-07 11:05:21] [SEVERE ] player 2 placing token on slot 7
[2022-12-07 11:05:22] [SEVERE ] player 0 placing token on slot 2
[2022-12-07 11:05:22] [SEVERE ] player 2 placing token on slot 11
[2022-12-07 11:05:22] [SEVERE ] player 3 placing token on slot 8
[2022-12-07 11:05:22] [SEVERE ] player 1 placing token on slot 2
[2022-12-07 11:05:23] [SEVERE ] player 3 placing token on slot 2
[2022-12-07 11:05:23] [SEVERE ] player 2 placing token on slot 8
[2022-12-07 11:05:23] [SEVERE ] player 0 placing token on slot 4
[2022-12-07 11:05:23] [SEVERE ] player 1 placing token on slot 6
[2022-12-07 11:05:23] [SEVERE ] removing card from slot 5
[2022-12-07 11:05:23] [SEVERE ] removing card from slot 8
[2022-12-07 11:05:23] [SEVERE ] removing card from slot 2
[2022-12-07 11:05:23] [SEVERE ] placing card 9 in slot 2
[2022-12-07 11:05:23] [SEVERE ] placing card 70 in slot 5
[2022-12-07 11:05:24] [SEVERE ] placing card 43 in slot 8
[2022-12-07 11:05:24] [SEVERE ] removing player 2 token from slot 8
[2022-12-07 11:05:24] [SEVERE ] removing player 0 token from slot 2
[2022-12-07 11:05:24] [SEVERE ] removing player 1 token from slot 8
[2022-12-07 11:05:24] [SEVERE ] removing player 1 token from slot 2
[2022-12-07 11:05:24] [SEVERE ] removing player 3 token from slot 5
[2022-12-07 11:05:24] [SEVERE ] removing player 2 token from slot 7
[2022-12-07 11:05:24] [SEVERE ] removing player 2 token from slot 11
[2022-12-07 11:05:24] [SEVERE ] setting player 2 freeze to 5000
[2022-12-07 11:05:24] [SEVERE ] removing player 3 token from slot 8
[2022-12-07 11:05:24] [SEVERE ] removing player 3 token from slot 2
[2022-12-07 11:05:24] [SEVERE ] setting player 3 score to 3
[2022-12-07 11:05:24] [SEVERE ] setting player 3 freeze to 1000
[2022-12-07 11:05:24] [SEVERE ] removing card from slot 6
[2022-12-07 11:05:24] [SEVERE ] removing card from slot 2
[2022-12-07 11:05:24] [SEVERE ] player 1 placing token on slot 3
[2022-12-07 11:05:24] [SEVERE ] removing player 0 token from slot 6
[2022-12-07 11:05:24] [SEVERE ] removing card from slot 4
[2022-12-07 11:05:24] [SEVERE ] placing card 24 in slot 2
[2022-12-07 11:05:24] [SEVERE ] placing card 67 in slot 4
[2022-12-07 11:05:24] [SEVERE ] placing card 53 in slot 6
[2022-12-07 11:05:24] [SEVERE ] removing player 1 token from slot 6
[2022-12-07 11:05:24] [SEVERE ] removing player 0 token from slot 4
[2022-12-07 11:05:24] [SEVERE ] setting player 0 score to 1
[2022-12-07 11:05:24] [SEVERE ] removing player 1 token from slot 3
[2022-12-07 11:05:24] [SEVERE ] setting player 0 freeze to 1000
[2022-12-07 11:05:24] [SEVERE ] setting player 1 freeze to 5000
[2022-12-07 11:05:24] [SEVERE ] setting player 2 freeze to 4099
[2022-12-07 11:05:24] [SEVERE ] setting player 3 freeze to 100
[2022-12-07 11:05:25] [SEVERE ] setting player 0 freeze to 100
[2022-12-07 11:05:25] [SEVERE ] setting player 1 freeze to 4100
[2022-12-07 11:05:25] [SEVERE ] setting player 2 freeze to 3199
[2022-12-07 11:05:25] [SEVERE ] setting player 3 freeze to 0
[2022-12-07 11:05:26] [SEVERE ] player 3 placing token on slot 11
[2022-12-07 11:05:26] [SEVERE ] setting player 0 freeze to 0
[2022-12-07 11:05:26] [SEVERE ] setting player 1 freeze to 3199
[2022-12-07 11:05:26] [SEVERE ] setting player 2 freeze to 2299
[2022-12-07 11:05:27] [SEVERE ] player 3 placing token on slot 6
[2022-12-07 11:05:27] [SEVERE ] player 0 placing token on slot 3
[2022-12-07 11:05:27] [SEVERE ] setting player 1 freeze to 2299
[2022-12-07 11:05:27] [SEVERE ] setting player 2 freeze to 1398
[2022-12-07 11:05:28] [SEVERE ] setting player 1 freeze to 1399
[2022-12-07 11:05:28] [SEVERE ] player 0 placing token on slot 1
[2022-12-07 11:05:28] [SEVERE ] player 3 placing token on slot 10
[2022-12-07 11:05:28] [SEVERE ] removing player 3 token from slot 11
[2022-12-07 11:05:28] [SEVERE ] removing player 3 token from slot 6
[2022-12-07 11:05:28] [SEVERE ] removing player 3 token from slot 10
[2022-12-07 11:05:28] [SEVERE ] setting player 3 freeze to 5000
[2022-12-07 11:05:28] [SEVERE ] setting player 2 freeze to 498
[2022-12-07 11:05:29] [SEVERE ] setting player 1 freeze to 498
[2022-12-07 11:05:29] [SEVERE ] removing player 0 token from slot 3
[2022-12-07 11:05:29] [SEVERE ] setting player 3 freeze to 4099
[2022-12-07 11:05:29] [SEVERE ] setting player 2 freeze to 0
[2022-12-07 11:05:29] [SEVERE ] removing player 0 token from slot 1
[2022-12-07 11:05:29] [SEVERE ] setting player 3 freeze to 0
[2022-12-07 11:05:29] [SEVERE ] setting player 1 freeze to 0
[2022-12-07 11:05:29] [SEVERE ] placing card 8 in slot 0
[2022-12-07 11:05:29] [SEVERE ] placing card 68 in slot 1
[2022-12-07 11:05:29] [SEVERE ] placing card 76 in slot 2
[2022-12-07 11:05:30] [SEVERE ] placing card 78 in slot 3
[2022-12-07 11:05:30] [SEVERE ] placing card 14 in slot 4
[2022-12-07 11:05:30] [SEVERE ] placing card 30 in slot 5
[2022-12-07 11:05:30] [SEVERE ] placing card 5 in slot 6
[2022-12-07 11:05:30] [SEVERE ] placing card 65 in slot 7
[2022-12-07 11:05:30] [SEVERE ] placing card 62 in slot 8
[2022-12-07 11:05:30] [SEVERE ] placing card 27 in slot 9
[2022-12-07 11:05:30] [SEVERE ] placing card 24 in slot 10
[2022-12-07 11:05:30] [SEVERE ] placing card 37 in slot 11
[2022-12-07 11:05:31] [SEVERE ] player 0 placing token on slot 0
[2022-12-07 11:05:31] [SEVERE ] player 1 placing token on slot 0
[2022-12-07 11:05:31] [SEVERE ] player 3 placing token on slot 8
[2022-12-07 11:05:31] [SEVERE ] player 2 placing token on slot 4
[2022-12-07 11:05:32] [SEVERE ] player 3 placing token on slot 1
[2022-12-07 11:05:32] [SEVERE ] player 2 placing token on slot 1
[2022-12-07 11:05:32] [SEVERE ] player 0 placing token on slot 10
[2022-12-07 11:05:32] [SEVERE ] player 1 placing token on slot 9
[2022-12-07 11:05:33] [SEVERE ] player 2 placing token on slot 9
[2022-12-07 11:05:33] [SEVERE ] player 3 placing token on slot 3
[2022-12-07 11:05:33] [SEVERE ] player 1 placing token on slot 10
[2022-12-07 11:05:33] [SEVERE ] player 0 placing token on slot 11
[2022-12-07 11:05:33] [SEVERE ] removing player 2 token from slot 4
[2022-12-07 11:05:33] [SEVERE ] removing player 2 token from slot 1
[2022-12-07 11:05:33] [SEVERE ] removing player 2 token from slot 9
[2022-12-07 11:05:33] [SEVERE ] setting player 2 freeze to 5000
[2022-12-07 11:05:33] [SEVERE ] removing card from slot 8
[2022-12-07 11:05:34] [SEVERE ] removing card from slot 1
[2022-12-07 11:05:34] [SEVERE ] removing card from slot 3
[2022-12-07 11:05:34] [SEVERE ] placing card 63 in slot 1
[2022-12-07 11:05:34] [SEVERE ] placing card 67 in slot 3
[2022-12-07 11:05:34] [SEVERE ] placing card 11 in slot 8
[2022-12-07 11:05:34] [SEVERE ] removing player 3 token from slot 8
[2022-12-07 11:05:34] [SEVERE ] removing player 1 token from slot 0
[2022-12-07 11:05:34] [SEVERE ] removing player 0 token from slot 0
[2022-12-07 11:05:34] [SEVERE ] removing player 0 token from slot 10
[2022-12-07 11:05:34] [SEVERE ] removing player 1 token from slot 9
[2022-12-07 11:05:34] [SEVERE ] removing player 3 token from slot 1
[2022-12-07 11:05:34] [SEVERE ] removing player 1 token from slot 10
[2022-12-07 11:05:34] [SEVERE ] removing player 0 token from slot 11
[2022-12-07 11:05:34] [SEVERE ] setting player 1 freeze to 5000
[2022-12-07 11:05:34] [SEVERE ] removing player 3 token from slot 3
[2022-12-07 11:05:34] [SEVERE ] setting player 0 freeze to 5000
[2022-12-07 11:05:34] [SEVERE ] setting player 3 score to 4
[2022-12-07 11:05:34] [SEVERE ] setting player 3 freeze to 1000
[2022-12-07 11:05:34] [SEVERE ] setting player 2 freeze to 4099
[2022-12-07 11:05:35] [SEVERE ] setting player 1 freeze to 4100
[2022-12-07 11:05:35] [SEVERE ] setting player 0 freeze to 4100
[2022-12-07 11:05:35] [SEVERE ] setting player 3 freeze to 100
[2022-12-07 11:05:35] [SEVERE ] setting player 2 freeze to 3199
[2022-12-07 11:05:36] [SEVERE ] setting player 1 freeze to 3200
[2022-12-07 11:05:36] [SEVERE ] setting player 3 freeze to 0
[2022-12-07 11:05:36] [SEVERE ] setting player 0 freeze to 3200
[2022-12-07 11:05:36] [SEVERE ] setting player 2 freeze to 2299
[2022-12-07 11:05:36] [SEVERE ] player 3 placing token on slot 2
[2022-12-07 11:05:37] [SEVERE ] setting player 1 freeze to 2299
[2022-12-07 11:05:37] [SEVERE ] setting player 0 freeze to 2299
[2022-12-07 11:05:37] [SEVERE ] setting player 2 freeze to 1399
[2022-12-07 11:05:37] [SEVERE ] player 3 placing token on slot 7
[2022-12-07 11:05:38] [SEVERE ] setting player 1 freeze to 1399
[2022-12-07 11:05:38] [SEVERE ] setting player 0 freeze to 1399
[2022-12-07 11:05:38] [SEVERE ] setting player 2 freeze to 498
[2022-12-07 11:05:38] [SEVERE ] player 3 placing token on slot 5
[2022-12-07 11:05:38] [SEVERE ] removing player 3 token from slot 2
[2022-12-07 11:05:38] [SEVERE ] removing player 3 token from slot 7
[2022-12-07 11:05:38] [SEVERE ] removing player 3 token from slot 5
[2022-12-07 11:05:38] [SEVERE ] setting player 3 freeze to 5000
[2022-12-07 11:05:38] [SEVERE ] setting player 1 freeze to 499
[2022-12-07 11:05:38] [SEVERE ] setting player 0 freeze to 499
[2022-12-07 11:05:39] [SEVERE ] setting player 2 freeze to 0
[2022-12-07 11:05:39] [SEVERE ] setting player 0 freeze to 0
[2022-12-07 11:05:39] [SEVERE ] setting player 3 freeze to 0
[2022-12-07 11:05:39] [SEVERE ] setting player 1 freeze to 0
[2022-12-07 11:05:39] [SEVERE ] placing card 76 in slot 0
[2022-12-07 11:05:39] [SEVERE ] placing card 31 in slot 1
[2022-12-07 11:05:39] [SEVERE ] placing card 43 in slot 2
[2022-12-07 11:05:39] [SEVERE ] placing card 22 in slot 3
[2022-12-07 11:05:39] [SEVERE ] placing card 30 in slot 4
[2022-12-07 11:05:40] [SEVERE ] placing card 37 in slot 5
[2022-12-07 11:05:40] [SEVERE ] placing card 41 in slot 6
[2022-12-07 11:05:40] [SEVERE ] placing card 27 in slot 7
[2022-12-07 11:05:40] [SEVERE ] placing card 5 in slot 8
[2022-12-07 11:05:40] [SEVERE ] placing card 11 in slot 9
[2022-12-07 11:05:40] [SEVERE ] placing card 25 in slot 10
[2022-12-07 11:05:40] [SEVERE ] placing card 42 in slot 11
