[2022-12-07 10:37:08] [INFO   ] cannot read configuration file config.properties trying from resources.
[2022-12-07 10:37:08] [INFO   ] configuration file was loaded from resources directory.
[2022-12-07 10:37:09] [SEVERE ] placing card 17 in slot 0
[2022-12-07 10:37:09] [SEVERE ] placing card 1 in slot 1
[2022-12-07 10:37:09] [SEVERE ] placing card 16 in slot 2
[2022-12-07 10:37:09] [SEVERE ] placing card 25 in slot 3
[2022-12-07 10:37:09] [SEVERE ] placing card 5 in slot 4
[2022-12-07 10:37:09] [SEVERE ] placing card 79 in slot 5
[2022-12-07 10:37:09] [SEVERE ] placing card 26 in slot 6
[2022-12-07 10:37:10] [SEVERE ] placing card 37 in slot 7
[2022-12-07 10:37:10] [SEVERE ] placing card 0 in slot 8
[2022-12-07 10:37:10] [SEVERE ] placing card 30 in slot 9
[2022-12-07 10:37:10] [SEVERE ] placing card 31 in slot 10
[2022-12-07 10:37:10] [SEVERE ] placing card 4 in slot 11
[2022-12-07 10:37:11] [SEVERE ] player 2 placing token on slot 3
[2022-12-07 10:37:11] [SEVERE ] player 1 placing token on slot 8
[2022-12-07 10:37:11] [SEVERE ] player 3 placing token on slot 7
[2022-12-07 10:37:11] [SEVERE ] player 0 placing token on slot 5
[2022-12-07 10:37:12] [SEVERE ] player 3 placing token on slot 6
[2022-12-07 10:37:12] [SEVERE ] player 2 placing token on slot 7
[2022-12-07 10:37:12] [SEVERE ] player 0 placing token on slot 3
[2022-12-07 10:37:12] [SEVERE ] player 1 placing token on slot 9
[2022-12-07 10:37:13] [SEVERE ] player 3 placing token on slot 9
[2022-12-07 10:37:13] [SEVERE ] removing player 2 token from slot 7
[2022-12-07 10:37:13] [SEVERE ] player 0 placing token on slot 0
[2022-12-07 10:37:13] [SEVERE ] player 1 placing token on slot 3
[2022-12-07 10:37:13] [SEVERE ] removing player 1 token from slot 8
[2022-12-07 10:37:13] [SEVERE ] removing player 1 token from slot 9
[2022-12-07 10:37:13] [SEVERE ] removing player 1 token from slot 3
[2022-12-07 10:37:13] [SEVERE ] setting player 1 freeze to 5000
[2022-12-07 10:37:13] [SEVERE ] removing player 3 token from slot 7
[2022-12-07 10:37:13] [SEVERE ] removing player 3 token from slot 6
[2022-12-07 10:37:13] [SEVERE ] removing player 3 token from slot 9
[2022-12-07 10:37:13] [SEVERE ] setting player 3 freeze to 5000
[2022-12-07 10:37:13] [SEVERE ] removing player 0 token from slot 5
[2022-12-07 10:37:13] [SEVERE ] removing player 0 token from slot 3
[2022-12-07 10:37:13] [SEVERE ] removing player 0 token from slot 0
[2022-12-07 10:37:13] [SEVERE ] setting player 0 freeze to 5000
[2022-12-07 10:37:14] [SEVERE ] player 2 placing token on slot 9
[2022-12-07 10:37:14] [SEVERE ] setting player 1 freeze to 4096
[2022-12-07 10:37:14] [SEVERE ] setting player 3 freeze to 4088
[2022-12-07 10:37:14] [SEVERE ] setting player 0 freeze to 4086
[2022-12-07 10:37:15] [SEVERE ] setting player 1 freeze to 3195
[2022-12-07 10:37:15] [SEVERE ] player 2 placing token on slot 4
[2022-12-07 10:37:15] [SEVERE ] setting player 3 freeze to 3187
[2022-12-07 10:37:15] [SEVERE ] removing player 2 token from slot 3
[2022-12-07 10:37:15] [SEVERE ] removing player 2 token from slot 9
[2022-12-07 10:37:15] [SEVERE ] removing player 2 token from slot 4
[2022-12-07 10:37:15] [SEVERE ] setting player 2 freeze to 5000
[2022-12-07 10:37:15] [SEVERE ] setting player 0 freeze to 3171
[2022-12-07 10:37:15] [SEVERE ] setting player 0 freeze to 0
[2022-12-07 10:37:15] [SEVERE ] setting player 3 freeze to 0
[2022-12-07 10:37:15] [SEVERE ] setting player 1 freeze to 0
[2022-12-07 10:37:15] [SEVERE ] setting player 2 freeze to 0
[2022-12-07 10:37:15] [SEVERE ] placing card 65 in slot 0
[2022-12-07 10:37:15] [SEVERE ] placing card 18 in slot 1
[2022-12-07 10:37:15] [SEVERE ] placing card 7 in slot 2
[2022-12-07 10:37:15] [SEVERE ] placing card 56 in slot 3
[2022-12-07 10:37:15] [SEVERE ] placing card 52 in slot 4
[2022-12-07 10:37:16] [SEVERE ] placing card 29 in slot 5
[2022-12-07 10:37:16] [SEVERE ] placing card 22 in slot 6
[2022-12-07 10:37:16] [SEVERE ] placing card 46 in slot 7
[2022-12-07 10:37:16] [SEVERE ] placing card 48 in slot 8
[2022-12-07 10:37:16] [SEVERE ] placing card 23 in slot 9
[2022-12-07 10:37:16] [SEVERE ] placing card 49 in slot 10
[2022-12-07 10:37:16] [SEVERE ] placing card 43 in slot 11
[2022-12-07 10:37:17] [SEVERE ] player 1 placing token on slot 4
[2022-12-07 10:37:17] [SEVERE ] player 3 placing token on slot 0
[2022-12-07 10:37:17] [SEVERE ] player 0 placing token on slot 11
[2022-12-07 10:37:17] [SEVERE ] player 2 placing token on slot 4
[2022-12-07 10:37:18] [SEVERE ] player 1 placing token on slot 7
[2022-12-07 10:37:18] [SEVERE ] player 0 placing token on slot 7
[2022-12-07 10:37:18] [SEVERE ] player 3 placing token on slot 1
[2022-12-07 10:37:18] [SEVERE ] player 2 placing token on slot 9
[2022-12-07 10:37:19] [SEVERE ] player 3 placing token on slot 11
[2022-12-07 10:37:19] [SEVERE ] player 1 placing token on slot 3
[2022-12-07 10:37:19] [SEVERE ] player 0 placing token on slot 2
[2022-12-07 10:37:19] [SEVERE ] player 2 placing token on slot 8
[2022-12-07 10:37:19] [SEVERE ] removing player 3 token from slot 0
[2022-12-07 10:37:19] [SEVERE ] removing player 3 token from slot 1
[2022-12-07 10:37:19] [SEVERE ] removing player 3 token from slot 11
[2022-12-07 10:37:19] [SEVERE ] setting player 3 freeze to 5000
[2022-12-07 10:37:19] [SEVERE ] removing player 1 token from slot 4
[2022-12-07 10:37:19] [SEVERE ] removing player 1 token from slot 7
[2022-12-07 10:37:19] [SEVERE ] removing player 1 token from slot 3
[2022-12-07 10:37:19] [SEVERE ] setting player 1 freeze to 5000
[2022-12-07 10:37:19] [SEVERE ] removing player 0 token from slot 11
[2022-12-07 10:37:19] [SEVERE ] removing player 0 token from slot 7
[2022-12-07 10:37:19] [SEVERE ] removing player 0 token from slot 2
[2022-12-07 10:37:19] [SEVERE ] setting player 0 freeze to 5000
[2022-12-07 10:37:19] [SEVERE ] removing player 2 token from slot 4
[2022-12-07 10:37:19] [SEVERE ] removing player 2 token from slot 9
[2022-12-07 10:37:19] [SEVERE ] removing player 2 token from slot 8
[2022-12-07 10:37:19] [SEVERE ] setting player 2 freeze to 5000
[2022-12-07 10:37:20] [SEVERE ] setting player 3 freeze to 4090
[2022-12-07 10:37:20] [SEVERE ] setting player 1 freeze to 4089
[2022-12-07 10:37:20] [SEVERE ] setting player 0 freeze to 4088
[2022-12-07 10:37:20] [SEVERE ] setting player 2 freeze to 4087
[2022-12-07 10:37:21] [SEVERE ] setting player 3 freeze to 3183
[2022-12-07 10:37:21] [SEVERE ] setting player 1 freeze to 3183
[2022-12-07 10:37:21] [SEVERE ] setting player 0 freeze to 3183
[2022-12-07 10:37:21] [SEVERE ] setting player 2 freeze to 3182
[2022-12-07 10:37:21] [SEVERE ] setting player 0 freeze to 0
[2022-12-07 10:37:21] [SEVERE ] setting player 3 freeze to 0
[2022-12-07 10:37:21] [SEVERE ] setting player 2 freeze to 0
[2022-12-07 10:37:21] [SEVERE ] setting player 1 freeze to 0
[2022-12-07 10:37:21] [SEVERE ] placing card 58 in slot 0
[2022-12-07 10:37:21] [SEVERE ] placing card 2 in slot 1
[2022-12-07 10:37:22] [SEVERE ] placing card 17 in slot 2
[2022-12-07 10:37:22] [SEVERE ] placing card 74 in slot 3
[2022-12-07 10:37:22] [SEVERE ] placing card 52 in slot 4
[2022-12-07 10:37:22] [SEVERE ] placing card 69 in slot 5
[2022-12-07 10:37:22] [SEVERE ] placing card 51 in slot 6
[2022-12-07 10:37:22] [SEVERE ] placing card 9 in slot 7
[2022-12-07 10:37:22] [SEVERE ] placing card 15 in slot 8
[2022-12-07 10:37:22] [SEVERE ] placing card 64 in slot 9
[2022-12-07 10:37:22] [SEVERE ] placing card 10 in slot 10
[2022-12-07 10:37:23] [SEVERE ] placing card 8 in slot 11
[2022-12-07 10:37:23] [SEVERE ] player 0 placing token on slot 2
[2022-12-07 10:37:23] [SEVERE ] player 2 placing token on slot 9
[2022-12-07 10:37:23] [SEVERE ] player 3 placing token on slot 9
[2022-12-07 10:37:23] [SEVERE ] player 1 placing token on slot 9
[2022-12-07 10:37:24] [SEVERE ] player 1 placing token on slot 3
[2022-12-07 10:37:24] [SEVERE ] player 3 placing token on slot 4
[2022-12-07 10:37:24] [SEVERE ] removing player 2 token from slot 9
[2022-12-07 10:37:24] [SEVERE ] removing player 0 token from slot 2
[2022-12-07 10:37:25] [SEVERE ] player 3 placing token on slot 1
[2022-12-07 10:37:25] [SEVERE ] player 0 placing token on slot 8
[2022-12-07 10:37:25] [SEVERE ] player 1 placing token on slot 4
[2022-12-07 10:37:25] [SEVERE ] player 2 placing token on slot 9
[2022-12-07 10:37:25] [SEVERE ] removing player 1 token from slot 9
[2022-12-07 10:37:25] [SEVERE ] removing player 1 token from slot 3
[2022-12-07 10:37:25] [SEVERE ] removing player 1 token from slot 4
[2022-12-07 10:37:25] [SEVERE ] setting player 1 freeze to 5000
[2022-12-07 10:37:26] [SEVERE ] removing player 3 token from slot 9
[2022-12-07 10:37:26] [SEVERE ] removing player 3 token from slot 4
[2022-12-07 10:37:26] [SEVERE ] removing player 3 token from slot 1
[2022-12-07 10:37:26] [SEVERE ] setting player 3 freeze to 5000
[2022-12-07 10:37:26] [SEVERE ] player 2 placing token on slot 1
[2022-12-07 10:37:26] [SEVERE ] player 0 placing token on slot 10
[2022-12-07 10:37:26] [SEVERE ] setting player 1 freeze to 4087
[2022-12-07 10:37:26] [SEVERE ] setting player 3 freeze to 4088
[2022-12-07 10:37:27] [SEVERE ] setting player 1 freeze to 3176
[2022-12-07 10:37:27] [SEVERE ] removing player 0 token from slot 8
[2022-12-07 10:37:27] [SEVERE ] player 2 placing token on slot 6
[2022-12-07 10:37:27] [SEVERE ] setting player 3 freeze to 3176
[2022-12-07 10:37:27] [SEVERE ] removing player 2 token from slot 9
[2022-12-07 10:37:27] [SEVERE ] removing player 2 token from slot 1
[2022-12-07 10:37:27] [SEVERE ] removing player 2 token from slot 6
[2022-12-07 10:37:27] [SEVERE ] setting player 2 freeze to 5000
[2022-12-07 10:37:28] [SEVERE ] removing player 0 token from slot 10
[2022-12-07 10:37:28] [SEVERE ] setting player 3 freeze to 0
[2022-12-07 10:37:28] [SEVERE ] setting player 1 freeze to 0
[2022-12-07 10:37:28] [SEVERE ] setting player 2 freeze to 0
[2022-12-07 10:37:28] [SEVERE ] placing card 62 in slot 0
[2022-12-07 10:37:28] [SEVERE ] placing card 28 in slot 1
[2022-12-07 10:37:28] [SEVERE ] placing card 46 in slot 2
[2022-12-07 10:37:28] [SEVERE ] placing card 51 in slot 3
[2022-12-07 10:37:28] [SEVERE ] placing card 30 in slot 4
[2022-12-07 10:37:28] [SEVERE ] placing card 67 in slot 5
[2022-12-07 10:37:28] [SEVERE ] placing card 10 in slot 6
[2022-12-07 10:37:28] [SEVERE ] placing card 76 in slot 7
[2022-12-07 10:37:29] [SEVERE ] placing card 2 in slot 8
[2022-12-07 10:37:29] [SEVERE ] placing card 6 in slot 9
[2022-12-07 10:37:29] [SEVERE ] placing card 78 in slot 10
[2022-12-07 10:37:29] [SEVERE ] placing card 24 in slot 11
[2022-12-07 10:37:30] [SEVERE ] player 0 placing token on slot 6
[2022-12-07 10:37:30] [SEVERE ] player 3 placing token on slot 10
[2022-12-07 10:37:30] [SEVERE ] player 1 placing token on slot 2
[2022-12-07 10:37:30] [SEVERE ] player 2 placing token on slot 10
[2022-12-07 10:37:31] [SEVERE ] player 3 placing token on slot 7
[2022-12-07 10:37:31] [SEVERE ] player 0 placing token on slot 5
[2022-12-07 10:37:31] [SEVERE ] player 2 placing token on slot 11
[2022-12-07 10:37:31] [SEVERE ] player 1 placing token on slot 6
[2022-12-07 10:37:32] [SEVERE ] removing player 1 token from slot 6
[2022-12-07 10:37:32] [SEVERE ] player 2 placing token on slot 3
[2022-12-07 10:37:32] [SEVERE ] player 0 placing token on slot 4
[2022-12-07 10:37:32] [SEVERE ] player 3 placing token on slot 6
[2022-12-07 10:37:32] [SEVERE ] removing player 0 token from slot 6
[2022-12-07 10:37:32] [SEVERE ] removing player 0 token from slot 5
[2022-12-07 10:37:32] [SEVERE ] removing player 0 token from slot 4
[2022-12-07 10:37:32] [SEVERE ] setting player 0 freeze to 5000
[2022-12-07 10:37:32] [SEVERE ] removing player 2 token from slot 10
[2022-12-07 10:37:32] [SEVERE ] removing player 2 token from slot 11
[2022-12-07 10:37:32] [SEVERE ] removing player 2 token from slot 3
[2022-12-07 10:37:32] [SEVERE ] setting player 2 freeze to 5000
[2022-12-07 10:37:32] [SEVERE ] removing player 3 token from slot 10
[2022-12-07 10:37:32] [SEVERE ] removing player 3 token from slot 7
[2022-12-07 10:37:32] [SEVERE ] removing player 3 token from slot 6
[2022-12-07 10:37:32] [SEVERE ] setting player 3 freeze to 5000
[2022-12-07 10:37:33] [SEVERE ] player 1 placing token on slot 9
[2022-12-07 10:37:33] [SEVERE ] setting player 0 freeze to 4086
[2022-12-07 10:37:33] [SEVERE ] setting player 2 freeze to 4085
[2022-12-07 10:37:33] [SEVERE ] setting player 3 freeze to 4085
[2022-12-07 10:37:34] [SEVERE ] setting player 0 freeze to 3173
[2022-12-07 10:37:34] [SEVERE ] player 1 placing token on slot 5
[2022-12-07 10:37:34] [SEVERE ] setting player 2 freeze to 3172
[2022-12-07 10:37:34] [SEVERE ] removing player 1 token from slot 2
[2022-12-07 10:37:34] [SEVERE ] removing player 1 token from slot 9
[2022-12-07 10:37:34] [SEVERE ] removing player 1 token from slot 5
[2022-12-07 10:37:34] [SEVERE ] setting player 1 freeze to 5000
[2022-12-07 10:37:34] [SEVERE ] setting player 3 freeze to 3171
[2022-12-07 10:37:34] [SEVERE ] setting player 1 freeze to 0
[2022-12-07 10:37:34] [SEVERE ] setting player 3 freeze to 0
[2022-12-07 10:37:34] [SEVERE ] setting player 0 freeze to 0
[2022-12-07 10:37:34] [SEVERE ] setting player 2 freeze to 0
[2022-12-07 10:37:34] [SEVERE ] placing card 29 in slot 0
[2022-12-07 10:37:34] [SEVERE ] placing card 24 in slot 1
[2022-12-07 10:37:34] [SEVERE ] placing card 13 in slot 2
[2022-12-07 10:37:34] [SEVERE ] placing card 43 in slot 3
[2022-12-07 10:37:34] [SEVERE ] placing card 47 in slot 4
[2022-12-07 10:37:35] [SEVERE ] placing card 17 in slot 5
[2022-12-07 10:37:35] [SEVERE ] placing card 73 in slot 6
[2022-12-07 10:37:35] [SEVERE ] placing card 69 in slot 7
[2022-12-07 10:37:35] [SEVERE ] placing card 11 in slot 8
[2022-12-07 10:37:35] [SEVERE ] placing card 1 in slot 9
[2022-12-07 10:37:35] [SEVERE ] placing card 27 in slot 10
[2022-12-07 10:37:35] [SEVERE ] placing card 33 in slot 11
[2022-12-07 10:37:36] [SEVERE ] player 1 placing token on slot 6
[2022-12-07 10:37:36] [SEVERE ] player 2 placing token on slot 0
[2022-12-07 10:37:36] [SEVERE ] player 3 placing token on slot 6
[2022-12-07 10:37:36] [SEVERE ] player 0 placing token on slot 4
[2022-12-07 10:37:37] [SEVERE ] player 2 placing token on slot 2
[2022-12-07 10:37:37] [SEVERE ] removing player 1 token from slot 6
[2022-12-07 10:37:37] [SEVERE ] player 0 placing token on slot 0
[2022-12-07 10:37:37] [SEVERE ] player 3 placing token on slot 8
[2022-12-07 10:37:38] [SEVERE ] player 0 placing token on slot 9
[2022-12-07 10:37:38] [SEVERE ] player 3 placing token on slot 11
[2022-12-07 10:37:38] [SEVERE ] player 1 placing token on slot 1
[2022-12-07 10:37:38] [SEVERE ] player 2 placing token on slot 7
[2022-12-07 10:37:38] [SEVERE ] removing player 0 token from slot 4
[2022-12-07 10:37:38] [SEVERE ] removing player 0 token from slot 0
[2022-12-07 10:37:38] [SEVERE ] removing player 0 token from slot 9
[2022-12-07 10:37:38] [SEVERE ] setting player 0 freeze to 5000
[2022-12-07 10:37:38] [SEVERE ] removing player 3 token from slot 6
[2022-12-07 10:37:38] [SEVERE ] removing player 3 token from slot 8
[2022-12-07 10:37:38] [SEVERE ] removing player 3 token from slot 11
[2022-12-07 10:37:38] [SEVERE ] setting player 3 freeze to 5000
[2022-12-07 10:37:38] [SEVERE ] removing player 2 token from slot 0
[2022-12-07 10:37:38] [SEVERE ] removing player 2 token from slot 2
[2022-12-07 10:37:38] [SEVERE ] removing player 2 token from slot 7
[2022-12-07 10:37:38] [SEVERE ] setting player 2 freeze to 5000
[2022-12-07 10:37:39] [SEVERE ] player 1 placing token on slot 9
[2022-12-07 10:37:39] [SEVERE ] setting player 0 freeze to 4084
[2022-12-07 10:37:39] [SEVERE ] setting player 3 freeze to 4086
[2022-12-07 10:37:39] [SEVERE ] setting player 2 freeze to 4086
[2022-12-07 10:37:40] [SEVERE ] setting player 0 freeze to 3172
[2022-12-07 10:37:40] [SEVERE ] player 1 placing token on slot 6
[2022-12-07 10:37:40] [SEVERE ] setting player 3 freeze to 3173
[2022-12-07 10:37:40] [SEVERE ] removing player 1 token from slot 1
[2022-12-07 10:37:40] [SEVERE ] removing player 1 token from slot 9
[2022-12-07 10:37:40] [SEVERE ] removing player 1 token from slot 6
[2022-12-07 10:37:40] [SEVERE ] setting player 1 freeze to 5000
[2022-12-07 10:37:40] [SEVERE ] setting player 2 freeze to 3175
[2022-12-07 10:37:40] [SEVERE ] setting player 1 freeze to 0
[2022-12-07 10:37:40] [SEVERE ] setting player 3 freeze to 0
[2022-12-07 10:37:40] [SEVERE ] setting player 0 freeze to 0
[2022-12-07 10:37:40] [SEVERE ] setting player 2 freeze to 0
[2022-12-07 10:37:40] [SEVERE ] placing card 41 in slot 0
[2022-12-07 10:37:40] [SEVERE ] placing card 69 in slot 1
[2022-12-07 10:37:41] [SEVERE ] placing card 14 in slot 2
[2022-12-07 10:37:41] [SEVERE ] placing card 25 in slot 3
[2022-12-07 10:37:41] [SEVERE ] placing card 46 in slot 4
[2022-12-07 10:37:41] [SEVERE ] placing card 52 in slot 5
[2022-12-07 10:37:41] [SEVERE ] placing card 36 in slot 6
[2022-12-07 10:37:41] [SEVERE ] placing card 53 in slot 7
[2022-12-07 10:37:41] [SEVERE ] placing card 66 in slot 8
[2022-12-07 10:37:41] [SEVERE ] placing card 10 in slot 9
[2022-12-07 10:37:41] [SEVERE ] placing card 7 in slot 10
[2022-12-07 10:37:42] [SEVERE ] placing card 64 in slot 11
[2022-12-07 10:37:42] [SEVERE ] player 2 placing token on slot 10
[2022-12-07 10:37:42] [SEVERE ] player 1 placing token on slot 5
[2022-12-07 10:37:42] [SEVERE ] player 3 placing token on slot 6
[2022-12-07 10:37:42] [SEVERE ] player 0 placing token on slot 1
[2022-12-07 10:37:43] [SEVERE ] removing player 3 token from slot 6
[2022-12-07 10:37:43] [SEVERE ] player 1 placing token on slot 1
[2022-12-07 10:37:43] [SEVERE ] player 2 placing token on slot 2
[2022-12-07 10:37:43] [SEVERE ] removing player 0 token from slot 1
[2022-12-07 10:37:44] [SEVERE ] player 0 placing token on slot 3
[2022-12-07 10:37:44] [SEVERE ] player 1 placing token on slot 9
[2022-12-07 10:37:44] [SEVERE ] player 2 placing token on slot 1
[2022-12-07 10:37:44] [SEVERE ] player 3 placing token on slot 9
[2022-12-07 10:37:44] [SEVERE ] removing player 1 token from slot 5
[2022-12-07 10:37:44] [SEVERE ] removing player 1 token from slot 1
[2022-12-07 10:37:44] [SEVERE ] removing player 1 token from slot 9
[2022-12-07 10:37:44] [SEVERE ] setting player 1 freeze to 5000
[2022-12-07 10:37:44] [SEVERE ] removing player 2 token from slot 10
[2022-12-07 10:37:44] [SEVERE ] removing player 2 token from slot 2
[2022-12-07 10:37:44] [SEVERE ] removing player 2 token from slot 1
[2022-12-07 10:37:44] [SEVERE ] setting player 2 freeze to 5000
[2022-12-07 10:37:45] [SEVERE ] player 0 placing token on slot 2
[2022-12-07 10:37:45] [SEVERE ] removing player 3 token from slot 9
[2022-12-07 10:37:45] [SEVERE ] setting player 1 freeze to 4087
[2022-12-07 10:37:45] [SEVERE ] setting player 2 freeze to 4092
[2022-12-07 10:37:46] [SEVERE ] setting player 1 freeze to 3181
[2022-12-07 10:37:46] [SEVERE ] player 0 placing token on slot 7
[2022-12-07 10:37:46] [SEVERE ] player 3 placing token on slot 2
[2022-12-07 10:37:46] [SEVERE ] setting player 2 freeze to 3179
[2022-12-07 10:37:46] [SEVERE ] removing card from slot 3
[2022-12-07 10:37:47] [SEVERE ] removing card from slot 2
[2022-12-07 10:37:47] [SEVERE ] removing card from slot 7
[2022-12-07 10:37:47] [SEVERE ] placing card 63 in slot 2
[2022-12-07 10:37:47] [SEVERE ] placing card 77 in slot 3
[2022-12-07 10:37:47] [SEVERE ] placing card 24 in slot 7
[2022-12-07 10:37:47] [SEVERE ] removing player 0 token from slot 3
[2022-12-07 10:37:47] [SEVERE ] removing player 3 token from slot 2
[2022-12-07 10:37:47] [SEVERE ] removing player 0 token from slot 2
[2022-12-07 10:37:47] [SEVERE ] removing player 0 token from slot 7
[2022-12-07 10:37:47] [SEVERE ] setting player 0 score to 1
[2022-12-07 10:37:47] [SEVERE ] setting player 0 freeze to 1000
[2022-12-07 10:37:47] [SEVERE ] setting player 1 freeze to 2270
[2022-12-07 10:37:47] [SEVERE ] setting player 2 freeze to 2264
[2022-12-07 10:37:47] [SEVERE ] player 3 placing token on slot 2
[2022-12-07 10:37:48] [SEVERE ] setting player 0 freeze to 100
[2022-12-07 10:37:48] [SEVERE ] setting player 1 freeze to 1364
[2022-12-07 10:37:48] [SEVERE ] setting player 2 freeze to 1354
[2022-12-07 10:37:48] [SEVERE ] player 3 placing token on slot 6
[2022-12-07 10:37:49] [SEVERE ] setting player 0 freeze to 0
[2022-12-07 10:37:49] [SEVERE ] setting player 1 freeze to 463
[2022-12-07 10:37:49] [SEVERE ] setting player 2 freeze to 446
[2022-12-07 10:37:49] [SEVERE ] player 0 placing token on slot 10
[2022-12-07 10:37:49] [SEVERE ] player 3 placing token on slot 11
[2022-12-07 10:37:49] [SEVERE ] removing player 3 token from slot 2
[2022-12-07 10:37:49] [SEVERE ] removing player 3 token from slot 6
[2022-12-07 10:37:49] [SEVERE ] removing player 3 token from slot 11
[2022-12-07 10:37:49] [SEVERE ] setting player 3 freeze to 5000
[2022-12-07 10:37:50] [SEVERE ] setting player 1 freeze to 0
[2022-12-07 10:37:50] [SEVERE ] setting player 2 freeze to 0
[2022-12-07 10:37:50] [SEVERE ] setting player 3 freeze to 4099
[2022-12-07 10:37:50] [SEVERE ] player 1 placing token on slot 9
[2022-12-07 10:37:50] [SEVERE ] player 0 placing token on slot 1
[2022-12-07 10:37:50] [SEVERE ] player 2 placing token on slot 6
[2022-12-07 10:37:51] [SEVERE ] setting player 3 freeze to 3188
[2022-12-07 10:37:51] [SEVERE ] player 0 placing token on slot 8
[2022-12-07 10:37:51] [SEVERE ] player 2 placing token on slot 8
[2022-12-07 10:37:51] [SEVERE ] removing player 1 token from slot 9
[2022-12-07 10:37:51] [SEVERE ] removing player 0 token from slot 10
[2022-12-07 10:37:51] [SEVERE ] removing player 0 token from slot 1
[2022-12-07 10:37:51] [SEVERE ] removing player 0 token from slot 8
[2022-12-07 10:37:51] [SEVERE ] setting player 0 freeze to 5000
[2022-12-07 10:37:52] [SEVERE ] setting player 0 freeze to 0
[2022-12-07 10:37:52] [SEVERE ] setting player 3 freeze to 0
[2022-12-07 10:37:52] [SEVERE ] removing player 2 token from slot 6
[2022-12-07 10:37:52] [SEVERE ] removing player 2 token from slot 8
[2022-12-07 10:37:52] [SEVERE ] placing card 24 in slot 0
[2022-12-07 10:37:52] [SEVERE ] placing card 3 in slot 1
[2022-12-07 10:37:52] [SEVERE ] placing card 66 in slot 2
[2022-12-07 10:37:53] [SEVERE ] placing card 41 in slot 3
[2022-12-07 10:37:53] [SEVERE ] placing card 33 in slot 4
[2022-12-07 10:37:53] [SEVERE ] placing card 70 in slot 5
[2022-12-07 10:37:53] [SEVERE ] placing card 45 in slot 6
[2022-12-07 10:37:53] [SEVERE ] placing card 2 in slot 7
[2022-12-07 10:37:53] [SEVERE ] placing card 47 in slot 8
[2022-12-07 10:37:53] [SEVERE ] placing card 34 in slot 9
[2022-12-07 10:37:53] [SEVERE ] placing card 58 in slot 10
[2022-12-07 10:37:53] [SEVERE ] placing card 5 in slot 11
[2022-12-07 10:37:54] [SEVERE ] player 0 placing token on slot 9
[2022-12-07 10:37:54] [SEVERE ] player 3 placing token on slot 6
[2022-12-07 10:37:54] [SEVERE ] player 1 placing token on slot 10
[2022-12-07 10:37:54] [SEVERE ] player 2 placing token on slot 6
[2022-12-07 10:37:55] [SEVERE ] player 0 placing token on slot 3
[2022-12-07 10:37:55] [SEVERE ] removing player 3 token from slot 6
[2022-12-07 10:37:55] [SEVERE ] player 1 placing token on slot 6
[2022-12-07 10:37:55] [SEVERE ] player 2 placing token on slot 4
[2022-12-07 10:37:56] [SEVERE ] player 2 placing token on slot 1
[2022-12-07 10:37:56] [SEVERE ] player 1 placing token on slot 1
[2022-12-07 10:37:56] [SEVERE ] player 3 placing token on slot 9
[2022-12-07 10:37:56] [SEVERE ] player 0 placing token on slot 4
[2022-12-07 10:37:56] [SEVERE ] removing player 0 token from slot 9
[2022-12-07 10:37:56] [SEVERE ] removing player 0 token from slot 3
[2022-12-07 10:37:56] [SEVERE ] removing player 0 token from slot 4
[2022-12-07 10:37:56] [SEVERE ] setting player 0 freeze to 5000
[2022-12-07 10:37:56] [SEVERE ] removing player 1 token from slot 10
[2022-12-07 10:37:56] [SEVERE ] removing player 1 token from slot 6
[2022-12-07 10:37:56] [SEVERE ] removing player 1 token from slot 1
[2022-12-07 10:37:56] [SEVERE ] setting player 1 freeze to 5000
[2022-12-07 10:37:56] [SEVERE ] removing player 2 token from slot 6
[2022-12-07 10:37:56] [SEVERE ] removing player 2 token from slot 4
[2022-12-07 10:37:56] [SEVERE ] removing player 2 token from slot 1
[2022-12-07 10:37:56] [SEVERE ] setting player 2 freeze to 5000
[2022-12-07 10:37:57] [SEVERE ] player 3 placing token on slot 6
[2022-12-07 10:37:57] [SEVERE ] setting player 0 freeze to 4095
[2022-12-07 10:37:57] [SEVERE ] setting player 1 freeze to 4098
[2022-12-07 10:37:57] [SEVERE ] setting player 2 freeze to 4094
[2022-12-07 10:37:58] [SEVERE ] setting player 0 freeze to 3189
[2022-12-07 10:37:58] [SEVERE ] player 3 placing token on slot 5
[2022-12-07 10:37:58] [SEVERE ] setting player 1 freeze to 3188
[2022-12-07 10:37:58] [SEVERE ] removing player 3 token from slot 9
[2022-12-07 10:37:58] [SEVERE ] removing player 3 token from slot 6
[2022-12-07 10:37:58] [SEVERE ] removing player 3 token from slot 5
[2022-12-07 10:37:58] [SEVERE ] setting player 3 freeze to 5000
[2022-12-07 10:37:58] [SEVERE ] setting player 2 freeze to 3190
[2022-12-07 10:37:58] [SEVERE ] setting player 2 freeze to 0
[2022-12-07 10:37:58] [SEVERE ] setting player 0 freeze to 0
[2022-12-07 10:37:58] [SEVERE ] setting player 3 freeze to 0
[2022-12-07 10:37:58] [SEVERE ] setting player 1 freeze to 0
[2022-12-07 10:37:58] [SEVERE ] placing card 54 in slot 0
[2022-12-07 10:37:59] [SEVERE ] placing card 62 in slot 1
[2022-12-07 10:37:59] [SEVERE ] placing card 43 in slot 2
[2022-12-07 10:37:59] [SEVERE ] placing card 61 in slot 3
[2022-12-07 10:37:59] [SEVERE ] placing card 48 in slot 4
[2022-12-07 10:37:59] [SEVERE ] placing card 9 in slot 5
[2022-12-07 10:37:59] [SEVERE ] placing card 33 in slot 6
[2022-12-07 10:37:59] [SEVERE ] placing card 18 in slot 7
[2022-12-07 10:37:59] [SEVERE ] placing card 40 in slot 8
[2022-12-07 10:37:59] [SEVERE ] placing card 57 in slot 9
[2022-12-07 10:38:00] [SEVERE ] placing card 39 in slot 10
[2022-12-07 10:38:00] [SEVERE ] placing card 69 in slot 11
[2022-12-07 10:38:00] [SEVERE ] player 3 placing token on slot 9
[2022-12-07 10:38:00] [SEVERE ] player 0 placing token on slot 9
[2022-12-07 10:38:00] [SEVERE ] player 1 placing token on slot 6
[2022-12-07 10:38:00] [SEVERE ] player 2 placing token on slot 9
[2022-12-07 10:38:01] [SEVERE ] player 0 placing token on slot 1
[2022-12-07 10:38:01] [SEVERE ] player 1 placing token on slot 7
[2022-12-07 10:38:01] [SEVERE ] player 3 placing token on slot 7
[2022-12-07 10:38:01] [SEVERE ] player 2 placing token on slot 7
[2022-12-07 10:38:02] [SEVERE ] player 3 placing token on slot 6
[2022-12-07 10:38:02] [SEVERE ] player 2 placing token on slot 8
[2022-12-07 10:38:02] [SEVERE ] player 0 placing token on slot 0
[2022-12-07 10:38:02] [SEVERE ] player 1 placing token on slot 11
[2022-12-07 10:38:03] [SEVERE ] removing player 1 token from slot 6
[2022-12-07 10:38:03] [SEVERE ] removing player 1 token from slot 7
[2022-12-07 10:38:03] [SEVERE ] removing player 1 token from slot 11
[2022-12-07 10:38:03] [SEVERE ] setting player 1 freeze to 5000
[2022-12-07 10:38:03] [SEVERE ] removing player 0 token from slot 9
[2022-12-07 10:38:03] [SEVERE ] removing player 0 token from slot 1
[2022-12-07 10:38:03] [SEVERE ] removing player 0 token from slot 0
[2022-12-07 10:38:03] [SEVERE ] setting player 0 freeze to 5000
[2022-12-07 10:38:03] [SEVERE ] removing player 2 token from slot 9
[2022-12-07 10:38:03] [SEVERE ] removing player 2 token from slot 7
[2022-12-07 10:38:03] [SEVERE ] removing player 2 token from slot 8
[2022-12-07 10:38:03] [SEVERE ] setting player 2 freeze to 5000
[2022-12-07 10:38:03] [SEVERE ] removing player 3 token from slot 9
[2022-12-07 10:38:03] [SEVERE ] removing player 3 token from slot 7
[2022-12-07 10:38:03] [SEVERE ] removing player 3 token from slot 6
[2022-12-07 10:38:03] [SEVERE ] setting player 3 freeze to 5000
[2022-12-07 10:38:03] [SEVERE ] setting player 1 freeze to 4093
[2022-12-07 10:38:04] [SEVERE ] setting player 0 freeze to 4089
[2022-12-07 10:38:04] [SEVERE ] setting player 2 freeze to 4085
[2022-12-07 10:38:04] [SEVERE ] setting player 3 freeze to 4091
[2022-12-07 10:38:04] [SEVERE ] setting player 1 freeze to 3184
[2022-12-07 10:38:04] [SEVERE ] setting player 0 freeze to 3181
[2022-12-07 10:38:05] [SEVERE ] setting player 2 freeze to 3170
[2022-12-07 10:38:05] [SEVERE ] setting player 3 freeze to 3188
[2022-12-07 10:38:05] [SEVERE ] setting player 0 freeze to 0
[2022-12-07 10:38:05] [SEVERE ] setting player 1 freeze to 0
[2022-12-07 10:38:05] [SEVERE ] setting player 3 freeze to 0
[2022-12-07 10:38:05] [SEVERE ] setting player 2 freeze to 0
[2022-12-07 10:38:05] [SEVERE ] placing card 38 in slot 0
[2022-12-07 10:38:05] [SEVERE ] placing card 64 in slot 1
[2022-12-07 10:38:05] [SEVERE ] placing card 79 in slot 2
[2022-12-07 10:38:05] [SEVERE ] placing card 45 in slot 3
[2022-12-07 10:38:05] [SEVERE ] placing card 63 in slot 4
[2022-12-07 10:38:05] [SEVERE ] placing card 70 in slot 5
[2022-12-07 10:38:05] [SEVERE ] placing card 29 in slot 6
[2022-12-07 10:38:06] [SEVERE ] placing card 26 in slot 7
[2022-12-07 10:38:06] [SEVERE ] placing card 58 in slot 8
[2022-12-07 10:38:06] [SEVERE ] placing card 11 in slot 9
[2022-12-07 10:38:06] [SEVERE ] placing card 50 in slot 10
[2022-12-07 10:38:06] [SEVERE ] placing card 37 in slot 11
[2022-12-07 10:38:07] [SEVERE ] player 1 placing token on slot 9
[2022-12-07 10:38:07] [SEVERE ] player 3 placing token on slot 11
[2022-12-07 10:38:07] [SEVERE ] player 0 placing token on slot 5
[2022-12-07 10:38:07] [SEVERE ] player 2 placing token on slot 4
[2022-12-07 10:38:08] [SEVERE ] player 3 placing token on slot 8
[2022-12-07 10:38:08] [SEVERE ] player 2 placing token on slot 8
[2022-12-07 10:38:08] [SEVERE ] player 0 placing token on slot 2
[2022-12-07 10:38:08] [SEVERE ] player 1 placing token on slot 5
[2022-12-07 10:38:09] [SEVERE ] player 2 placing token on slot 0
[2022-12-07 10:38:09] [SEVERE ] player 3 placing token on slot 6
[2022-12-07 10:38:09] [SEVERE ] removing player 1 token from slot 5
[2022-12-07 10:38:09] [SEVERE ] player 0 placing token on slot 3
[2022-12-07 10:38:09] [SEVERE ] removing player 3 token from slot 11
[2022-12-07 10:38:09] [SEVERE ] removing player 3 token from slot 8
[2022-12-07 10:38:09] [SEVERE ] removing player 3 token from slot 6
[2022-12-07 10:38:09] [SEVERE ] setting player 3 freeze to 5000
[2022-12-07 10:38:09] [SEVERE ] removing card from slot 4
[2022-12-07 10:38:09] [SEVERE ] removing card from slot 8
[2022-12-07 10:38:09] [SEVERE ] removing card from slot 0
[2022-12-07 10:38:09] [SEVERE ] placing card 2 in slot 0
[2022-12-07 10:38:09] [SEVERE ] placing card 0 in slot 4
[2022-12-07 10:38:10] [SEVERE ] placing card 62 in slot 8
[2022-12-07 10:38:10] [SEVERE ] removing player 0 token from slot 5
[2022-12-07 10:38:10] [SEVERE ] removing player 0 token from slot 2
[2022-12-07 10:38:10] [SEVERE ] removing player 2 token from slot 4
[2022-12-07 10:38:10] [SEVERE ] removing player 0 token from slot 3
[2022-12-07 10:38:10] [SEVERE ] removing player 2 token from slot 8
[2022-12-07 10:38:10] [SEVERE ] removing player 2 token from slot 0
[2022-12-07 10:38:10] [SEVERE ] setting player 2 score to 1
[2022-12-07 10:38:10] [SEVERE ] setting player 2 freeze to 1000
[2022-12-07 10:38:10] [SEVERE ] setting player 0 freeze to 5000
[2022-12-07 10:38:10] [SEVERE ] player 1 placing token on slot 1
[2022-12-07 10:38:10] [SEVERE ] setting player 3 freeze to 4095
[2022-12-07 10:38:11] [SEVERE ] setting player 2 freeze to 90
[2022-12-07 10:38:11] [SEVERE ] setting player 0 freeze to 4090
[2022-12-07 10:38:11] [SEVERE ] setting player 3 freeze to 3184
[2022-12-07 10:38:11] [SEVERE ] removing player 1 token from slot 9
[2022-12-07 10:38:11] [SEVERE ] setting player 0 freeze to 3175
[2022-12-07 10:38:11] [SEVERE ] setting player 2 freeze to 0
[2022-12-07 10:38:12] [SEVERE ] setting player 3 freeze to 2274
[2022-12-07 10:38:12] [SEVERE ] player 2 placing token on slot 10
[2022-12-07 10:38:12] [SEVERE ] player 1 placing token on slot 2
[2022-12-07 10:38:12] [SEVERE ] setting player 0 freeze to 2271
[2022-12-07 10:38:12] [SEVERE ] setting player 3 freeze to 1367
[2022-12-07 10:38:13] [SEVERE ] player 2 placing token on slot 5
[2022-12-07 10:38:13] [SEVERE ] player 1 placing token on slot 11
[2022-12-07 10:38:13] [SEVERE ] removing player 1 token from slot 1
[2022-12-07 10:38:13] [SEVERE ] removing player 1 token from slot 2
[2022-12-07 10:38:13] [SEVERE ] removing player 1 token from slot 11
[2022-12-07 10:38:13] [SEVERE ] setting player 1 freeze to 5000
[2022-12-07 10:38:13] [SEVERE ] setting player 0 freeze to 1371
[2022-12-07 10:38:13] [SEVERE ] setting player 3 freeze to 451
[2022-12-07 10:38:14] [SEVERE ] player 2 placing token on slot 11
[2022-12-07 10:38:14] [SEVERE ] setting player 1 freeze to 4094
[2022-12-07 10:38:14] [SEVERE ] removing player 2 token from slot 10
[2022-12-07 10:38:14] [SEVERE ] removing player 2 token from slot 5
[2022-12-07 10:38:14] [SEVERE ] removing player 2 token from slot 11
[2022-12-07 10:38:14] [SEVERE ] setting player 2 freeze to 5000
[2022-12-07 10:38:14] [SEVERE ] setting player 0 freeze to 465
[2022-12-07 10:38:14] [SEVERE ] setting player 3 freeze to 0
[2022-12-07 10:38:15] [SEVERE ] setting player 0 freeze to 0
[2022-12-07 10:38:15] [SEVERE ] setting player 2 freeze to 0
[2022-12-07 10:38:15] [SEVERE ] setting player 1 freeze to 0
[2022-12-07 10:38:15] [SEVERE ] placing card 67 in slot 0
[2022-12-07 10:38:15] [SEVERE ] placing card 44 in slot 1
[2022-12-07 10:38:15] [SEVERE ] placing card 65 in slot 2
[2022-12-07 10:38:15] [SEVERE ] placing card 8 in slot 3
[2022-12-07 10:38:15] [SEVERE ] placing card 55 in slot 4
[2022-12-07 10:38:15] [SEVERE ] placing card 78 in slot 5
[2022-12-07 10:38:15] [SEVERE ] placing card 77 in slot 6
[2022-12-07 10:38:15] [SEVERE ] placing card 37 in slot 7
[2022-12-07 10:38:16] [SEVERE ] placing card 7 in slot 8
[2022-12-07 10:38:16] [SEVERE ] placing card 29 in slot 9
[2022-12-07 10:38:16] [SEVERE ] placing card 30 in slot 10
[2022-12-07 10:38:16] [SEVERE ] placing card 0 in slot 11
[2022-12-07 10:38:17] [SEVERE ] player 1 placing token on slot 9
[2022-12-07 10:38:17] [SEVERE ] player 0 placing token on slot 9
[2022-12-07 10:38:17] [SEVERE ] player 3 placing token on slot 7
[2022-12-07 10:38:17] [SEVERE ] player 2 placing token on slot 11
[2022-12-07 10:38:18] [SEVERE ] removing player 2 token from slot 11
[2022-12-07 10:38:18] [SEVERE ] player 3 placing token on slot 9
[2022-12-07 10:38:18] [SEVERE ] player 1 placing token on slot 7
[2022-12-07 10:38:18] [SEVERE ] player 0 placing token on slot 2
[2022-12-07 10:38:19] [SEVERE ] player 0 placing token on slot 1
[2022-12-07 10:38:19] [SEVERE ] player 2 placing token on slot 2
[2022-12-07 10:38:19] [SEVERE ] player 3 placing token on slot 11
[2022-12-07 10:38:19] [SEVERE ] removing player 1 token from slot 7
[2022-12-07 10:38:19] [SEVERE ] removing player 0 token from slot 9
[2022-12-07 10:38:19] [SEVERE ] removing player 0 token from slot 2
[2022-12-07 10:38:19] [SEVERE ] removing player 0 token from slot 1
[2022-12-07 10:38:19] [SEVERE ] setting player 0 freeze to 5000
[2022-12-07 10:38:19] [SEVERE ] removing player 3 token from slot 7
[2022-12-07 10:38:19] [SEVERE ] removing player 3 token from slot 9
[2022-12-07 10:38:19] [SEVERE ] removing player 3 token from slot 11
[2022-12-07 10:38:19] [SEVERE ] setting player 3 freeze to 5000
[2022-12-07 10:38:20] [SEVERE ] player 2 placing token on slot 5
[2022-12-07 10:38:20] [SEVERE ] player 1 placing token on slot 2
[2022-12-07 10:38:20] [SEVERE ] setting player 0 freeze to 4086
[2022-12-07 10:38:20] [SEVERE ] setting player 3 freeze to 4098
[2022-12-07 10:38:21] [SEVERE ] setting player 0 freeze to 3173
[2022-12-07 10:38:21] [SEVERE ] player 1 placing token on slot 4
[2022-12-07 10:38:21] [SEVERE ] player 2 placing token on slot 4
[2022-12-07 10:38:21] [SEVERE ] setting player 3 freeze to 3190
[2022-12-07 10:38:21] [SEVERE ] removing player 1 token from slot 9
[2022-12-07 10:38:21] [SEVERE ] removing player 1 token from slot 2
[2022-12-07 10:38:21] [SEVERE ] removing player 1 token from slot 4
[2022-12-07 10:38:21] [SEVERE ] setting player 1 freeze to 5000
[2022-12-07 10:38:21] [SEVERE ] removing player 2 token from slot 2
[2022-12-07 10:38:21] [SEVERE ] removing player 2 token from slot 5
[2022-12-07 10:38:21] [SEVERE ] removing player 2 token from slot 4
[2022-12-07 10:38:21] [SEVERE ] setting player 2 freeze to 5000
[2022-12-07 10:38:21] [SEVERE ] setting player 1 freeze to 0
[2022-12-07 10:38:21] [SEVERE ] setting player 0 freeze to 0
[2022-12-07 10:38:21] [SEVERE ] setting player 3 freeze to 0
[2022-12-07 10:38:21] [SEVERE ] setting player 2 freeze to 0
[2022-12-07 10:38:21] [SEVERE ] placing card 22 in slot 0
[2022-12-07 10:38:21] [SEVERE ] placing card 29 in slot 1
[2022-12-07 10:38:21] [SEVERE ] placing card 11 in slot 2
[2022-12-07 10:38:21] [SEVERE ] placing card 42 in slot 3
[2022-12-07 10:38:21] [SEVERE ] placing card 36 in slot 4
[2022-12-07 10:38:22] [SEVERE ] placing card 50 in slot 5
[2022-12-07 10:38:22] [SEVERE ] placing card 40 in slot 6
[2022-12-07 10:38:22] [SEVERE ] placing card 13 in slot 7
[2022-12-07 10:38:22] [SEVERE ] placing card 16 in slot 8
[2022-12-07 10:38:22] [SEVERE ] placing card 67 in slot 9
[2022-12-07 10:38:22] [SEVERE ] placing card 5 in slot 10
[2022-12-07 10:38:22] [SEVERE ] placing card 72 in slot 11
[2022-12-07 10:38:23] [SEVERE ] player 0 placing token on slot 9
[2022-12-07 10:38:23] [SEVERE ] player 1 placing token on slot 8
[2022-12-07 10:38:23] [SEVERE ] player 2 placing token on slot 6
[2022-12-07 10:38:23] [SEVERE ] player 3 placing token on slot 6
[2022-12-07 10:38:24] [SEVERE ] removing player 2 token from slot 6
[2022-12-07 10:38:24] [SEVERE ] player 1 placing token on slot 6
[2022-12-07 10:38:24] [SEVERE ] player 3 placing token on slot 2
[2022-12-07 10:38:24] [SEVERE ] player 0 placing token on slot 10
[2022-12-07 10:38:25] [SEVERE ] removing player 1 token from slot 6
[2022-12-07 10:38:25] [SEVERE ] player 0 placing token on slot 4
[2022-12-07 10:38:25] [SEVERE ] player 3 placing token on slot 0
[2022-12-07 10:38:25] [SEVERE ] player 2 placing token on slot 0
[2022-12-07 10:38:25] [SEVERE ] removing player 3 token from slot 6
[2022-12-07 10:38:25] [SEVERE ] removing player 3 token from slot 2
[2022-12-07 10:38:25] [SEVERE ] removing player 3 token from slot 0
[2022-12-07 10:38:25] [SEVERE ] setting player 3 freeze to 5000
[2022-12-07 10:38:25] [SEVERE ] removing player 0 token from slot 9
[2022-12-07 10:38:25] [SEVERE ] removing player 0 token from slot 10
[2022-12-07 10:38:25] [SEVERE ] removing player 0 token from slot 4
[2022-12-07 10:38:25] [SEVERE ] setting player 0 freeze to 5000
[2022-12-07 10:38:26] [SEVERE ] player 1 placing token on slot 9
[2022-12-07 10:38:26] [SEVERE ] player 2 placing token on slot 2
[2022-12-07 10:38:26] [SEVERE ] setting player 3 freeze to 4099
[2022-12-07 10:38:26] [SEVERE ] setting player 0 freeze to 4099
[2022-12-07 10:38:27] [SEVERE ] setting player 3 freeze to 3193
[2022-12-07 10:38:27] [SEVERE ] setting player 0 freeze to 3194
[2022-12-07 10:38:27] [SEVERE ] player 1 placing token on slot 1
[2022-12-07 10:38:27] [SEVERE ] player 2 placing token on slot 7
[2022-12-07 10:38:27] [SEVERE ] removing player 2 token from slot 0
[2022-12-07 10:38:27] [SEVERE ] removing player 2 token from slot 2
[2022-12-07 10:38:27] [SEVERE ] removing player 2 token from slot 7
[2022-12-07 10:38:27] [SEVERE ] setting player 2 freeze to 5000
[2022-12-07 10:38:27] [SEVERE ] setting player 0 freeze to 0
[2022-12-07 10:38:27] [SEVERE ] removing player 1 token from slot 8
[2022-12-07 10:38:27] [SEVERE ] setting player 2 freeze to 0
[2022-12-07 10:38:27] [SEVERE ] setting player 3 freeze to 0
[2022-12-07 10:38:27] [SEVERE ] removing player 1 token from slot 9
[2022-12-07 10:38:27] [SEVERE ] removing player 1 token from slot 1
[2022-12-07 10:38:27] [SEVERE ] placing card 51 in slot 0
[2022-12-07 10:38:27] [SEVERE ] placing card 61 in slot 1
[2022-12-07 10:38:28] [SEVERE ] placing card 50 in slot 2
[2022-12-07 10:38:28] [SEVERE ] placing card 49 in slot 3
[2022-12-07 10:38:28] [SEVERE ] placing card 15 in slot 4
[2022-12-07 10:38:28] [SEVERE ] placing card 48 in slot 5
[2022-12-07 10:38:28] [SEVERE ] placing card 45 in slot 6
[2022-12-07 10:38:28] [SEVERE ] placing card 22 in slot 7
[2022-12-07 10:38:28] [SEVERE ] placing card 55 in slot 8
[2022-12-07 10:38:28] [SEVERE ] placing card 44 in slot 9
[2022-12-07 10:38:28] [SEVERE ] placing card 5 in slot 10
[2022-12-07 10:38:29] [SEVERE ] placing card 73 in slot 11
[2022-12-07 10:38:29] [SEVERE ] player 0 placing token on slot 4
[2022-12-07 10:38:29] [SEVERE ] player 2 placing token on slot 0
[2022-12-07 10:38:29] [SEVERE ] setting player 1 freeze to 5000
[2022-12-07 10:38:29] [SEVERE ] player 3 placing token on slot 11
[2022-12-07 10:38:30] [SEVERE ] setting player 1 freeze to 4091
[2022-12-07 10:38:30] [SEVERE ] player 0 placing token on slot 6
[2022-12-07 10:38:30] [SEVERE ] player 2 placing token on slot 11
[2022-12-07 10:38:30] [SEVERE ] player 3 placing token on slot 5
[2022-12-07 10:38:31] [SEVERE ] setting player 1 freeze to 3182
[2022-12-07 10:38:31] [SEVERE ] player 0 placing token on slot 10
[2022-12-07 10:38:31] [SEVERE ] player 2 placing token on slot 3
[2022-12-07 10:38:31] [SEVERE ] removing player 3 token from slot 5
[2022-12-07 10:38:31] [SEVERE ] removing player 0 token from slot 4
[2022-12-07 10:38:31] [SEVERE ] removing player 0 token from slot 6
[2022-12-07 10:38:31] [SEVERE ] removing player 0 token from slot 10
[2022-12-07 10:38:31] [SEVERE ] setting player 0 freeze to 5000
[2022-12-07 10:38:32] [SEVERE ] removing player 2 token from slot 0
[2022-12-07 10:38:32] [SEVERE ] removing player 2 token from slot 11
[2022-12-07 10:38:32] [SEVERE ] removing player 2 token from slot 3
[2022-12-07 10:38:32] [SEVERE ] setting player 2 freeze to 5000
[2022-12-07 10:38:32] [SEVERE ] setting player 1 freeze to 2273
[2022-12-07 10:38:32] [SEVERE ] player 3 placing token on slot 2
[2022-12-07 10:38:32] [SEVERE ] setting player 0 freeze to 4092
[2022-12-07 10:38:32] [SEVERE ] setting player 2 freeze to 4092
[2022-12-07 10:38:33] [SEVERE ] setting player 1 freeze to 1371
[2022-12-07 10:38:33] [SEVERE ] setting player 0 freeze to 3177
[2022-12-07 10:38:33] [SEVERE ] player 3 placing token on slot 3
[2022-12-07 10:38:33] [SEVERE ] setting player 2 freeze to 3176
[2022-12-07 10:38:33] [SEVERE ] removing player 3 token from slot 11
[2022-12-07 10:38:33] [SEVERE ] removing player 3 token from slot 2
[2022-12-07 10:38:33] [SEVERE ] removing player 3 token from slot 3
[2022-12-07 10:38:33] [SEVERE ] setting player 3 freeze to 5000
[2022-12-07 10:38:34] [SEVERE ] setting player 0 freeze to 0
[2022-12-07 10:38:34] [SEVERE ] setting player 2 freeze to 0
[2022-12-07 10:38:34] [SEVERE ] setting player 3 freeze to 0
[2022-12-07 10:38:34] [SEVERE ] setting player 1 freeze to 0
[2022-12-07 10:38:34] [SEVERE ] placing card 50 in slot 0
[2022-12-07 10:38:34] [SEVERE ] placing card 2 in slot 1
[2022-12-07 10:38:34] [SEVERE ] placing card 62 in slot 2
[2022-12-07 10:38:34] [SEVERE ] placing card 33 in slot 3
[2022-12-07 10:38:34] [SEVERE ] placing card 40 in slot 4
[2022-12-07 10:38:34] [SEVERE ] placing card 45 in slot 5
[2022-12-07 10:38:34] [SEVERE ] placing card 69 in slot 6
[2022-12-07 10:38:34] [SEVERE ] placing card 30 in slot 7
[2022-12-07 10:38:35] [SEVERE ] placing card 1 in slot 8
[2022-12-07 10:38:35] [SEVERE ] placing card 77 in slot 9
[2022-12-07 10:38:35] [SEVERE ] placing card 19 in slot 10
[2022-12-07 10:38:35] [SEVERE ] placing card 49 in slot 11
[2022-12-07 10:38:36] [SEVERE ] player 0 placing token on slot 10
[2022-12-07 10:38:36] [SEVERE ] player 1 placing token on slot 9
[2022-12-07 10:38:36] [SEVERE ] player 3 placing token on slot 5
[2022-12-07 10:38:36] [SEVERE ] player 2 placing token on slot 5
[2022-12-07 10:38:37] [SEVERE ] player 3 placing token on slot 4
[2022-12-07 10:38:37] [SEVERE ] player 1 placing token on slot 4
[2022-12-07 10:38:37] [SEVERE ] player 0 placing token on slot 4
[2022-12-07 10:38:37] [SEVERE ] removing player 2 token from slot 5
[2022-12-07 10:38:38] [SEVERE ] player 3 placing token on slot 8
[2022-12-07 10:38:38] [SEVERE ] player 2 placing token on slot 1
[2022-12-07 10:38:38] [SEVERE ] player 0 placing token on slot 7
[2022-12-07 10:38:38] [SEVERE ] player 1 placing token on slot 5
[2022-12-07 10:38:38] [SEVERE ] removing player 1 token from slot 9
[2022-12-07 10:38:38] [SEVERE ] removing player 1 token from slot 4
[2022-12-07 10:38:38] [SEVERE ] removing player 1 token from slot 5
[2022-12-07 10:38:38] [SEVERE ] setting player 1 freeze to 5000
[2022-12-07 10:38:38] [SEVERE ] removing player 3 token from slot 5
[2022-12-07 10:38:38] [SEVERE ] removing player 3 token from slot 4
[2022-12-07 10:38:38] [SEVERE ] removing player 3 token from slot 8
[2022-12-07 10:38:38] [SEVERE ] setting player 3 freeze to 5000
[2022-12-07 10:38:38] [SEVERE ] removing player 0 token from slot 10
[2022-12-07 10:38:38] [SEVERE ] removing player 0 token from slot 4
[2022-12-07 10:38:38] [SEVERE ] removing player 0 token from slot 7
[2022-12-07 10:38:38] [SEVERE ] setting player 0 freeze to 5000
[2022-12-07 10:38:39] [SEVERE ] player 2 placing token on slot 5
[2022-12-07 10:38:39] [SEVERE ] setting player 1 freeze to 4096
[2022-12-07 10:38:39] [SEVERE ] setting player 3 freeze to 4098
[2022-12-07 10:38:39] [SEVERE ] setting player 0 freeze to 4097
[2022-12-07 10:38:40] [SEVERE ] setting player 1 freeze to 3183
[2022-12-07 10:38:40] [SEVERE ] player 2 placing token on slot 6
[2022-12-07 10:38:40] [SEVERE ] setting player 3 freeze to 3185
[2022-12-07 10:38:40] [SEVERE ] setting player 0 freeze to 3183
[2022-12-07 10:38:40] [SEVERE ] removing card from slot 1
[2022-12-07 10:38:40] [SEVERE ] removing card from slot 5
[2022-12-07 10:38:40] [SEVERE ] removing card from slot 6
[2022-12-07 10:38:40] [SEVERE ] placing card 68 in slot 1
[2022-12-07 10:38:40] [SEVERE ] placing card 74 in slot 5
[2022-12-07 10:38:40] [SEVERE ] placing card 66 in slot 6
[2022-12-07 10:38:40] [SEVERE ] removing player 2 token from slot 1
[2022-12-07 10:38:40] [SEVERE ] removing player 2 token from slot 5
[2022-12-07 10:38:40] [SEVERE ] removing player 2 token from slot 6
[2022-12-07 10:38:40] [SEVERE ] setting player 2 score to 2
[2022-12-07 10:38:40] [SEVERE ] setting player 2 freeze to 1000
[2022-12-07 10:38:40] [SEVERE ] setting player 1 freeze to 2274
[2022-12-07 10:38:41] [SEVERE ] setting player 3 freeze to 2275
[2022-12-07 10:38:41] [SEVERE ] setting player 0 freeze to 2274
[2022-12-07 10:38:41] [SEVERE ] setting player 2 freeze to 85
[2022-12-07 10:38:41] [SEVERE ] setting player 1 freeze to 1373
[2022-12-07 10:38:41] [SEVERE ] setting player 3 freeze to 1359
[2022-12-07 10:38:42] [SEVERE ] setting player 0 freeze to 1373
[2022-12-07 10:38:42] [SEVERE ] setting player 2 freeze to 0
[2022-12-07 10:38:42] [SEVERE ] setting player 1 freeze to 466
[2022-12-07 10:38:42] [SEVERE ] setting player 3 freeze to 453
[2022-12-07 10:38:43] [SEVERE ] setting player 0 freeze to 467
[2022-12-07 10:38:43] [SEVERE ] player 2 placing token on slot 0
[2022-12-07 10:38:43] [SEVERE ] setting player 1 freeze to 0
[2022-12-07 10:38:43] [SEVERE ] setting player 3 freeze to 0
[2022-12-07 10:38:43] [SEVERE ] setting player 0 freeze to 0
[2022-12-07 10:38:44] [SEVERE ] player 0 placing token on slot 7
[2022-12-07 10:38:44] [SEVERE ] player 3 placing token on slot 2
[2022-12-07 10:38:44] [SEVERE ] player 1 placing token on slot 0
[2022-12-07 10:38:44] [SEVERE ] player 2 placing token on slot 11
[2022-12-07 10:38:45] [SEVERE ] removing player 2 token from slot 11
[2022-12-07 10:38:45] [SEVERE ] player 3 placing token on slot 5
[2022-12-07 10:38:45] [SEVERE ] player 1 placing token on slot 6
[2022-12-07 10:38:45] [SEVERE ] player 0 placing token on slot 2
[2022-12-07 10:38:45] [SEVERE ] removing player 0 token from slot 7
[2022-12-07 10:38:45] [SEVERE ] removing player 0 token from slot 2
[2022-12-07 10:38:45] [SEVERE ] removing player 1 token from slot 0
[2022-12-07 10:38:45] [SEVERE ] removing player 1 token from slot 6
[2022-12-07 10:38:45] [SEVERE ] removing player 2 token from slot 0
[2022-12-07 10:38:45] [SEVERE ] removing player 3 token from slot 2
[2022-12-07 10:38:45] [SEVERE ] removing player 3 token from slot 5
[2022-12-07 10:38:46] [SEVERE ] placing card 11 in slot 0
[2022-12-07 10:38:46] [SEVERE ] placing card 51 in slot 1
[2022-12-07 10:38:46] [SEVERE ] placing card 50 in slot 2
[2022-12-07 10:38:46] [SEVERE ] placing card 75 in slot 3
[2022-12-07 10:38:46] [SEVERE ] placing card 5 in slot 4
[2022-12-07 10:38:46] [SEVERE ] placing card 48 in slot 5
[2022-12-07 10:38:46] [SEVERE ] placing card 79 in slot 6
[2022-12-07 10:38:46] [SEVERE ] placing card 32 in slot 7
[2022-12-07 10:38:46] [SEVERE ] placing card 47 in slot 8
[2022-12-07 10:38:47] [SEVERE ] placing card 16 in slot 9
[2022-12-07 10:38:47] [SEVERE ] placing card 70 in slot 10
[2022-12-07 10:38:47] [SEVERE ] placing card 40 in slot 11
[2022-12-07 10:38:47] [SEVERE ] player 0 placing token on slot 1
[2022-12-07 10:38:47] [SEVERE ] player 1 placing token on slot 1
[2022-12-07 10:38:47] [SEVERE ] player 2 placing token on slot 3
[2022-12-07 10:38:47] [SEVERE ] player 3 placing token on slot 3
[2022-12-07 10:38:48] [SEVERE ] player 3 placing token on slot 7
[2022-12-07 10:38:48] [SEVERE ] player 2 placing token on slot 5
[2022-12-07 10:38:48] [SEVERE ] removing player 1 token from slot 1
[2022-12-07 10:38:48] [SEVERE ] player 0 placing token on slot 10
[2022-12-07 10:38:49] [SEVERE ] player 3 placing token on slot 8
[2022-12-07 10:38:49] [SEVERE ] player 2 placing token on slot 6
[2022-12-07 10:38:49] [SEVERE ] player 1 placing token on slot 2
[2022-12-07 10:38:49] [SEVERE ] player 0 placing token on slot 7
[2022-12-07 10:38:50] [SEVERE ] removing player 0 token from slot 1
[2022-12-07 10:38:50] [SEVERE ] removing player 0 token from slot 10
[2022-12-07 10:38:50] [SEVERE ] removing player 0 token from slot 7
[2022-12-07 10:38:50] [SEVERE ] setting player 0 freeze to 5000
[2022-12-07 10:38:50] [SEVERE ] removing player 2 token from slot 3
[2022-12-07 10:38:50] [SEVERE ] removing player 2 token from slot 5
[2022-12-07 10:38:50] [SEVERE ] removing player 2 token from slot 6
[2022-12-07 10:38:50] [SEVERE ] setting player 2 freeze to 5000
[2022-12-07 10:38:50] [SEVERE ] removing player 3 token from slot 3
[2022-12-07 10:38:50] [SEVERE ] removing player 3 token from slot 7
[2022-12-07 10:38:50] [SEVERE ] removing player 3 token from slot 8
[2022-12-07 10:38:50] [SEVERE ] setting player 3 freeze to 5000
[2022-12-07 10:38:50] [SEVERE ] removing player 1 token from slot 2
[2022-12-07 10:38:50] [SEVERE ] setting player 0 freeze to 4089
[2022-12-07 10:38:51] [SEVERE ] setting player 2 freeze to 4088
[2022-12-07 10:38:51] [SEVERE ] setting player 3 freeze to 4087
[2022-12-07 10:38:51] [SEVERE ] setting player 0 freeze to 3186
[2022-12-07 10:38:51] [SEVERE ] player 1 placing token on slot 10
[2022-12-07 10:38:52] [SEVERE ] setting player 2 freeze to 3187
[2022-12-07 10:38:52] [SEVERE ] setting player 3 freeze to 3186
[2022-12-07 10:38:52] [SEVERE ] removing player 1 token from slot 10
[2022-12-07 10:38:52] [SEVERE ] setting player 0 freeze to 0
[2022-12-07 10:38:52] [SEVERE ] setting player 2 freeze to 0
[2022-12-07 10:38:52] [SEVERE ] setting player 3 freeze to 0
[2022-12-07 10:38:52] [SEVERE ] placing card 43 in slot 0
[2022-12-07 10:38:52] [SEVERE ] placing card 44 in slot 1
[2022-12-07 10:38:52] [SEVERE ] placing card 37 in slot 2
[2022-12-07 10:38:52] [SEVERE ] placing card 24 in slot 3
[2022-12-07 10:38:52] [SEVERE ] placing card 16 in slot 4
[2022-12-07 10:38:52] [SEVERE ] placing card 57 in slot 5
[2022-12-07 10:38:53] [SEVERE ] placing card 62 in slot 6
[2022-12-07 10:38:53] [SEVERE ] placing card 19 in slot 7
[2022-12-07 10:38:53] [SEVERE ] placing card 71 in slot 8
[2022-12-07 10:38:53] [SEVERE ] placing card 31 in slot 9
[2022-12-07 10:38:53] [SEVERE ] placing card 52 in slot 10
[2022-12-07 10:38:53] [SEVERE ] placing card 9 in slot 11
[2022-12-07 10:38:54] [SEVERE ] player 3 placing token on slot 8
[2022-12-07 10:38:54] [SEVERE ] player 1 placing token on slot 7
[2022-12-07 10:38:54] [SEVERE ] player 0 placing token on slot 2
[2022-12-07 10:38:54] [SEVERE ] player 2 placing token on slot 2
[2022-12-07 10:38:55] [SEVERE ] player 2 placing token on slot 0
[2022-12-07 10:38:55] [SEVERE ] player 3 placing token on slot 7
[2022-12-07 10:38:55] [SEVERE ] player 1 placing token on slot 10
[2022-12-07 10:38:55] [SEVERE ] player 0 placing token on slot 7
[2022-12-07 10:38:56] [SEVERE ] player 1 placing token on slot 3
[2022-12-07 10:38:56] [SEVERE ] player 2 placing token on slot 11
[2022-12-07 10:38:56] [SEVERE ] player 0 placing token on slot 0
[2022-12-07 10:38:56] [SEVERE ] player 3 placing token on slot 5
[2022-12-07 10:38:56] [SEVERE ] removing player 2 token from slot 2
[2022-12-07 10:38:56] [SEVERE ] removing player 2 token from slot 0
[2022-12-07 10:38:56] [SEVERE ] removing player 2 token from slot 11
[2022-12-07 10:38:56] [SEVERE ] setting player 2 freeze to 5000
[2022-12-07 10:38:56] [SEVERE ] removing player 1 token from slot 7
[2022-12-07 10:38:56] [SEVERE ] removing player 1 token from slot 10
[2022-12-07 10:38:56] [SEVERE ] removing player 1 token from slot 3
[2022-12-07 10:38:56] [SEVERE ] setting player 1 freeze to 5000
[2022-12-07 10:38:56] [SEVERE ] removing player 3 token from slot 8
[2022-12-07 10:38:56] [SEVERE ] removing player 3 token from slot 7
[2022-12-07 10:38:56] [SEVERE ] removing player 3 token from slot 5
[2022-12-07 10:38:56] [SEVERE ] setting player 3 freeze to 5000
[2022-12-07 10:38:56] [SEVERE ] removing player 0 token from slot 2
[2022-12-07 10:38:56] [SEVERE ] removing player 0 token from slot 7
[2022-12-07 10:38:56] [SEVERE ] removing player 0 token from slot 0
[2022-12-07 10:38:56] [SEVERE ] setting player 0 freeze to 5000
[2022-12-07 10:38:57] [SEVERE ] setting player 2 freeze to 4085
[2022-12-07 10:38:57] [SEVERE ] setting player 1 freeze to 4087
[2022-12-07 10:38:57] [SEVERE ] setting player 3 freeze to 4085
[2022-12-07 10:38:57] [SEVERE ] setting player 0 freeze to 4085
[2022-12-07 10:38:58] [SEVERE ] setting player 2 freeze to 3183
[2022-12-07 10:38:58] [SEVERE ] setting player 1 freeze to 3184
[2022-12-07 10:38:58] [SEVERE ] setting player 3 freeze to 3182
[2022-12-07 10:38:58] [SEVERE ] setting player 0 freeze to 3182
[2022-12-07 10:38:58] [SEVERE ] setting player 0 freeze to 0
[2022-12-07 10:38:58] [SEVERE ] setting player 1 freeze to 0
[2022-12-07 10:38:58] [SEVERE ] setting player 3 freeze to 0
[2022-12-07 10:38:58] [SEVERE ] setting player 2 freeze to 0
[2022-12-07 10:38:58] [SEVERE ] placing card 22 in slot 0
[2022-12-07 10:38:58] [SEVERE ] placing card 9 in slot 1
[2022-12-07 10:38:58] [SEVERE ] placing card 7 in slot 2
[2022-12-07 10:38:59] [SEVERE ] placing card 50 in slot 3
[2022-12-07 10:38:59] [SEVERE ] placing card 68 in slot 4
[2022-12-07 10:38:59] [SEVERE ] placing card 4 in slot 5
[2022-12-07 10:38:59] [SEVERE ] placing card 41 in slot 6
[2022-12-07 10:38:59] [SEVERE ] placing card 39 in slot 7
[2022-12-07 10:38:59] [SEVERE ] placing card 74 in slot 8
[2022-12-07 10:38:59] [SEVERE ] placing card 23 in slot 9
[2022-12-07 10:38:59] [SEVERE ] placing card 19 in slot 10
[2022-12-07 10:38:59] [SEVERE ] placing card 77 in slot 11
[2022-12-07 10:39:00] [SEVERE ] player 1 placing token on slot 1
[2022-12-07 10:39:00] [SEVERE ] player 0 placing token on slot 6
[2022-12-07 10:39:00] [SEVERE ] player 2 placing token on slot 5
[2022-12-07 10:39:00] [SEVERE ] player 3 placing token on slot 8
[2022-12-07 10:39:01] [SEVERE ] player 0 placing token on slot 1
[2022-12-07 10:39:01] [SEVERE ] player 3 placing token on slot 7
[2022-12-07 10:39:01] [SEVERE ] player 2 placing token on slot 0
[2022-12-07 10:39:01] [SEVERE ] player 1 placing token on slot 9
[2022-12-07 10:39:02] [SEVERE ] removing player 3 token from slot 8
[2022-12-07 10:39:02] [SEVERE ] player 1 placing token on slot 2
[2022-12-07 10:39:02] [SEVERE ] player 2 placing token on slot 2
[2022-12-07 10:39:02] [SEVERE ] player 0 placing token on slot 10
[2022-12-07 10:39:02] [SEVERE ] removing player 0 token from slot 6
[2022-12-07 10:39:02] [SEVERE ] removing player 0 token from slot 1
[2022-12-07 10:39:02] [SEVERE ] removing player 0 token from slot 10
[2022-12-07 10:39:02] [SEVERE ] setting player 0 freeze to 5000
[2022-12-07 10:39:02] [SEVERE ] removing player 2 token from slot 5
[2022-12-07 10:39:02] [SEVERE ] removing player 2 token from slot 0
[2022-12-07 10:39:02] [SEVERE ] removing player 2 token from slot 2
[2022-12-07 10:39:02] [SEVERE ] setting player 2 freeze to 5000
[2022-12-07 10:39:02] [SEVERE ] removing player 1 token from slot 1
[2022-12-07 10:39:02] [SEVERE ] removing player 1 token from slot 9
[2022-12-07 10:39:02] [SEVERE ] removing player 1 token from slot 2
[2022-12-07 10:39:02] [SEVERE ] setting player 1 freeze to 5000
[2022-12-07 10:39:03] [SEVERE ] player 3 placing token on slot 2
[2022-12-07 10:39:03] [SEVERE ] setting player 0 freeze to 4095
[2022-12-07 10:39:03] [SEVERE ] setting player 2 freeze to 4096
[2022-12-07 10:39:03] [SEVERE ] setting player 1 freeze to 4098
[2022-12-07 10:39:04] [SEVERE ] setting player 0 freeze to 3190
[2022-12-07 10:39:04] [SEVERE ] player 3 placing token on slot 1
[2022-12-07 10:39:04] [SEVERE ] setting player 2 freeze to 3192
[2022-12-07 10:39:04] [SEVERE ] setting player 1 freeze to 3193
[2022-12-07 10:39:04] [SEVERE ] removing player 3 token from slot 7
[2022-12-07 10:39:04] [SEVERE ] removing player 3 token from slot 2
[2022-12-07 10:39:04] [SEVERE ] removing player 3 token from slot 1
[2022-12-07 10:39:04] [SEVERE ] setting player 3 freeze to 5000
[2022-12-07 10:39:04] [SEVERE ] setting player 0 freeze to 0
[2022-12-07 10:39:04] [SEVERE ] setting player 1 freeze to 0
[2022-12-07 10:39:04] [SEVERE ] setting player 3 freeze to 0
[2022-12-07 10:39:04] [SEVERE ] setting player 2 freeze to 0
[2022-12-07 10:39:05] [SEVERE ] placing card 43 in slot 0
[2022-12-07 10:39:05] [SEVERE ] placing card 30 in slot 1
[2022-12-07 10:39:05] [SEVERE ] placing card 51 in slot 2
[2022-12-07 10:39:05] [SEVERE ] placing card 40 in slot 3
[2022-12-07 10:39:05] [SEVERE ] placing card 50 in slot 4
[2022-12-07 10:39:05] [SEVERE ] placing card 8 in slot 5
[2022-12-07 10:39:05] [SEVERE ] placing card 80 in slot 6
[2022-12-07 10:39:05] [SEVERE ] placing card 1 in slot 7
[2022-12-07 10:39:05] [SEVERE ] placing card 26 in slot 8
[2022-12-07 10:39:06] [SEVERE ] placing card 9 in slot 9
[2022-12-07 10:39:06] [SEVERE ] placing card 59 in slot 10
[2022-12-07 10:39:06] [SEVERE ] placing card 18 in slot 11
[2022-12-07 10:39:06] [SEVERE ] player 3 placing token on slot 3
[2022-12-07 10:39:06] [SEVERE ] player 0 placing token on slot 11
[2022-12-07 10:39:06] [SEVERE ] player 1 placing token on slot 2
[2022-12-07 10:39:06] [SEVERE ] player 2 placing token on slot 8
[2022-12-07 10:39:07] [SEVERE ] player 1 placing token on slot 9
[2022-12-07 10:39:07] [SEVERE ] player 3 placing token on slot 2
[2022-12-07 10:39:07] [SEVERE ] player 2 placing token on slot 10
[2022-12-07 10:39:07] [SEVERE ] player 0 placing token on slot 7
[2022-12-07 10:39:08] [SEVERE ] player 1 placing token on slot 7
[2022-12-07 10:39:08] [SEVERE ] player 2 placing token on slot 4
[2022-12-07 10:39:08] [SEVERE ] removing player 3 token from slot 2
[2022-12-07 10:39:08] [SEVERE ] player 0 placing token on slot 9
[2022-12-07 10:39:09] [SEVERE ] removing player 0 token from slot 11
[2022-12-07 10:39:09] [SEVERE ] removing player 0 token from slot 7
[2022-12-07 10:39:09] [SEVERE ] removing player 0 token from slot 9
[2022-12-07 10:39:09] [SEVERE ] setting player 0 freeze to 5000
[2022-12-07 10:39:09] [SEVERE ] removing player 1 token from slot 2
[2022-12-07 10:39:09] [SEVERE ] removing player 1 token from slot 9
[2022-12-07 10:39:09] [SEVERE ] removing player 1 token from slot 7
[2022-12-07 10:39:09] [SEVERE ] setting player 1 freeze to 5000
[2022-12-07 10:39:09] [SEVERE ] removing player 2 token from slot 8
[2022-12-07 10:39:09] [SEVERE ] removing player 2 token from slot 10
[2022-12-07 10:39:09] [SEVERE ] removing player 2 token from slot 4
[2022-12-07 10:39:09] [SEVERE ] setting player 2 freeze to 5000
[2022-12-07 10:39:09] [SEVERE ] setting player 0 freeze to 4096
[2022-12-07 10:39:09] [SEVERE ] player 3 placing token on slot 0
[2022-12-07 10:39:10] [SEVERE ] setting player 1 freeze to 4096
[2022-12-07 10:39:10] [SEVERE ] setting player 2 freeze to 4095
[2022-12-07 10:39:10] [SEVERE ] setting player 0 freeze to 3187
[2022-12-07 10:39:10] [SEVERE ] player 3 placing token on slot 10
[2022-12-07 10:39:10] [SEVERE ] setting player 1 freeze to 3187
[2022-12-07 10:39:11] [SEVERE ] setting player 2 freeze to 3176
[2022-12-07 10:39:11] [SEVERE ] removing player 3 token from slot 3
[2022-12-07 10:39:11] [SEVERE ] removing player 3 token from slot 0
[2022-12-07 10:39:11] [SEVERE ] removing player 3 token from slot 10
[2022-12-07 10:39:11] [SEVERE ] setting player 3 freeze to 5000
[2022-12-07 10:39:11] [SEVERE ] setting player 0 freeze to 0
[2022-12-07 10:39:11] [SEVERE ] setting player 1 freeze to 0
[2022-12-07 10:39:11] [SEVERE ] setting player 2 freeze to 0
[2022-12-07 10:39:11] [SEVERE ] setting player 3 freeze to 0
[2022-12-07 10:39:11] [SEVERE ] placing card 64 in slot 0
[2022-12-07 10:39:11] [SEVERE ] placing card 80 in slot 1
[2022-12-07 10:39:11] [SEVERE ] placing card 16 in slot 2
[2022-12-07 10:39:11] [SEVERE ] placing card 10 in slot 3
[2022-12-07 10:39:11] [SEVERE ] placing card 23 in slot 4
[2022-12-07 10:39:11] [SEVERE ] placing card 43 in slot 5
[2022-12-07 10:39:12] [SEVERE ] placing card 49 in slot 6
[2022-12-07 10:39:12] [SEVERE ] placing card 67 in slot 7
[2022-12-07 10:39:12] [SEVERE ] placing card 61 in slot 8
[2022-12-07 10:39:12] [SEVERE ] placing card 5 in slot 9
[2022-12-07 10:39:12] [SEVERE ] placing card 28 in slot 10
[2022-12-07 10:39:12] [SEVERE ] placing card 77 in slot 11
[2022-12-07 10:39:13] [SEVERE ] player 1 placing token on slot 9
[2022-12-07 10:39:13] [SEVERE ] player 0 placing token on slot 3
[2022-12-07 10:39:13] [SEVERE ] player 3 placing token on slot 3
[2022-12-07 10:39:13] [SEVERE ] player 2 placing token on slot 0
