[2022-12-07 11:06:32] [INFO   ] cannot read configuration file config.properties trying from resources.
[2022-12-07 11:06:32] [INFO   ] configuration file was loaded from resources directory.
[2022-12-07 11:06:33] [SEVERE ] placing card 73 in slot 0
[2022-12-07 11:06:33] [SEVERE ] placing card 23 in slot 1
[2022-12-07 11:06:33] [SEVERE ] placing card 41 in slot 2
[2022-12-07 11:06:33] [SEVERE ] placing card 60 in slot 3
[2022-12-07 11:06:33] [SEVERE ] placing card 12 in slot 4
[2022-12-07 11:06:33] [SEVERE ] placing card 54 in slot 5
[2022-12-07 11:06:33] [SEVERE ] placing card 34 in slot 6
[2022-12-07 11:06:33] [SEVERE ] placing card 42 in slot 7
[2022-12-07 11:06:33] [SEVERE ] placing card 1 in slot 8
[2022-12-07 11:06:33] [SEVERE ] placing card 29 in slot 9
[2022-12-07 11:06:34] [SEVERE ] placing card 74 in slot 10
[2022-12-07 11:06:34] [SEVERE ] placing card 77 in slot 11
[2022-12-07 11:06:35] [SEVERE ] Key 85 was pressed by player 1
[2022-12-07 11:06:35] [SEVERE ] player 1 placing token on slot 0
[2022-12-07 11:06:35] [SEVERE ] Key 81 was pressed by player 0
[2022-12-07 11:06:35] [SEVERE ] player 0 placing token on slot 0
[2022-12-07 11:06:36] [SEVERE ] Key 73 was pressed by player 1
[2022-12-07 11:06:36] [SEVERE ] player 1 placing token on slot 1
[2022-12-07 11:06:36] [SEVERE ] Key 87 was pressed by player 0
[2022-12-07 11:06:36] [SEVERE ] player 0 placing token on slot 1
[2022-12-07 11:06:37] [SEVERE ] Key 79 was pressed by player 1
[2022-12-07 11:06:37] [SEVERE ] player 1 placing token on slot 2
[2022-12-07 11:06:37] [SEVERE ] Key 69 was pressed by player 0
[2022-12-07 11:06:37] [SEVERE ] player 0 placing token on slot 2
[2022-12-07 11:06:37] [SEVERE ] removing card from slot 0
[2022-12-07 11:06:37] [SEVERE ] removing card from slot 1
[2022-12-07 11:06:37] [SEVERE ] removing card from slot 2
[2022-12-07 11:06:37] [SEVERE ] placing card 24 in slot 0
[2022-12-07 11:06:37] [SEVERE ] placing card 45 in slot 1
[2022-12-07 11:06:37] [SEVERE ] placing card 19 in slot 2
[2022-12-07 11:06:37] [SEVERE ] removing player 0 token from slot 0
[2022-12-07 11:06:37] [SEVERE ] removing player 1 token from slot 0
[2022-12-07 11:06:37] [SEVERE ] removing player 1 token from slot 1
[2022-12-07 11:06:37] [SEVERE ] removing player 0 token from slot 1
[2022-12-07 11:06:37] [SEVERE ] removing player 1 token from slot 2
[2022-12-07 11:06:37] [SEVERE ] removing player 0 token from slot 2
[2022-12-07 11:06:37] [SEVERE ] setting player 1 score to 1
[2022-12-07 11:06:37] [SEVERE ] setting player 1 freeze to 1000
[2022-12-07 11:06:37] [SEVERE ] removing card from slot 0
[2022-12-07 11:06:38] [SEVERE ] removing card from slot 1
[2022-12-07 11:06:38] [SEVERE ] removing card from slot 2
[2022-12-07 11:06:38] [SEVERE ] placing card 66 in slot 0
[2022-12-07 11:06:38] [SEVERE ] placing card 56 in slot 1
[2022-12-07 11:06:38] [SEVERE ] placing card 27 in slot 2
[2022-12-07 11:06:38] [SEVERE ] setting player 0 score to 1
[2022-12-07 11:06:38] [SEVERE ] setting player 0 freeze to 1000
[2022-12-07 11:06:38] [SEVERE ] setting player 1 freeze to 98
[2022-12-07 11:06:39] [SEVERE ] setting player 0 freeze to 99
[2022-12-07 11:06:39] [SEVERE ] setting player 1 freeze to 0
[2022-12-07 11:06:40] [SEVERE ] setting player 0 freeze to 0
[2022-12-07 11:07:55] [SEVERE ] Key 85 was pressed by player 1
[2022-12-07 11:07:55] [SEVERE ] player 1 placing token on slot 0
[2022-12-07 11:07:55] [SEVERE ] Key 81 was pressed by player 0
[2022-12-07 11:07:55] [SEVERE ] player 0 placing token on slot 0
[2022-12-07 11:07:55] [SEVERE ] Key 87 was pressed by player 0
[2022-12-07 11:07:55] [SEVERE ] player 0 placing token on slot 1
[2022-12-07 11:07:55] [SEVERE ] Key 73 was pressed by player 1
[2022-12-07 11:07:55] [SEVERE ] player 1 placing token on slot 1
[2022-12-07 11:07:56] [SEVERE ] Key 79 was pressed by player 1
[2022-12-07 11:07:56] [SEVERE ] player 1 placing token on slot 2
[2022-12-07 11:07:56] [SEVERE ] Key 69 was pressed by player 0
[2022-12-07 11:07:56] [SEVERE ] player 0 placing token on slot 2
[2022-12-07 11:08:26] [SEVERE ] removing card from slot 0
[2022-12-07 11:08:26] [SEVERE ] removing card from slot 1
[2022-12-07 11:08:26] [SEVERE ] removing card from slot 2
[2022-12-07 11:08:26] [SEVERE ] placing card 47 in slot 0
[2022-12-07 11:08:26] [SEVERE ] placing card 6 in slot 1
[2022-12-07 11:08:26] [SEVERE ] placing card 17 in slot 2
[2022-12-07 11:08:35] [SEVERE ] removing card from slot 0
[2022-12-07 11:08:35] [SEVERE ] removing card from slot 1
[2022-12-07 11:08:35] [SEVERE ] removing card from slot 2
[2022-12-07 11:08:35] [SEVERE ] placing card 71 in slot 0
[2022-12-07 11:08:36] [SEVERE ] placing card 33 in slot 1
[2022-12-07 11:08:36] [SEVERE ] placing card 50 in slot 2
[2022-12-07 11:08:37] [SEVERE ] removing player 0 token from slot 0
[2022-12-07 11:08:37] [SEVERE ] removing player 0 token from slot 1
[2022-12-07 11:08:37] [SEVERE ] removing player 0 token from slot 2
[2022-12-07 11:08:37] [SEVERE ] setting player 0 score to 2
[2022-12-07 11:08:37] [SEVERE ] setting player 0 freeze to 1000
[2022-12-07 11:08:38] [SEVERE ] setting player 0 freeze to 85
[2022-12-07 11:08:39] [SEVERE ] setting player 0 freeze to 0
