[2022-12-07 11:14:01] [INFO   ] cannot read configuration file config.properties trying from resources.
[2022-12-07 11:14:01] [INFO   ] configuration file was loaded from resources directory.
[2022-12-07 11:14:02] [SEVERE ] placing card 79 in slot 0
[2022-12-07 11:14:02] [SEVERE ] placing card 56 in slot 1
[2022-12-07 11:14:02] [SEVERE ] placing card 59 in slot 2
[2022-12-07 11:14:02] [SEVERE ] placing card 14 in slot 3
[2022-12-07 11:14:02] [SEVERE ] placing card 6 in slot 4
[2022-12-07 11:14:02] [SEVERE ] placing card 65 in slot 5
[2022-12-07 11:14:02] [SEVERE ] placing card 37 in slot 6
[2022-12-07 11:14:02] [SEVERE ] placing card 11 in slot 7
[2022-12-07 11:14:02] [SEVERE ] placing card 49 in slot 8
[2022-12-07 11:14:03] [SEVERE ] placing card 77 in slot 9
[2022-12-07 11:14:03] [SEVERE ] placing card 17 in slot 10
[2022-12-07 11:14:03] [SEVERE ] placing card 12 in slot 11
[2022-12-07 11:14:04] [SEVERE ] Key 85 was pressed by player 1
[2022-12-07 11:14:04] [SEVERE ] player 1 placing token on slot 0
[2022-12-07 11:14:04] [SEVERE ] Key 81 was pressed by player 0
[2022-12-07 11:14:04] [SEVERE ] player 0 placing token on slot 0
[2022-12-07 11:14:04] [SEVERE ] Key 73 was pressed by player 1
[2022-12-07 11:14:04] [SEVERE ] player 1 placing token on slot 1
[2022-12-07 11:14:04] [SEVERE ] Key 87 was pressed by player 0
[2022-12-07 11:14:04] [SEVERE ] player 0 placing token on slot 1
[2022-12-07 11:14:05] [SEVERE ] Key 69 was pressed by player 0
[2022-12-07 11:14:05] [SEVERE ] player 0 placing token on slot 2
[2022-12-07 11:14:05] [SEVERE ] Key 79 was pressed by player 1
[2022-12-07 11:14:05] [SEVERE ] player 1 placing token on slot 2
[2022-12-07 11:14:05] [SEVERE ] removing card from slot 0
[2022-12-07 11:14:05] [SEVERE ] removing card from slot 1
[2022-12-07 11:14:05] [SEVERE ] removing card from slot 2
[2022-12-07 11:14:05] [SEVERE ] placing card 4 in slot 0
[2022-12-07 11:14:05] [SEVERE ] placing card 63 in slot 1
[2022-12-07 11:14:06] [SEVERE ] placing card 40 in slot 2
[2022-12-07 11:14:06] [SEVERE ] removing player 0 token from slot 0
[2022-12-07 11:14:06] [SEVERE ] removing player 0 token from slot 1
[2022-12-07 11:14:06] [SEVERE ] removing player 0 token from slot 2
[2022-12-07 11:14:06] [SEVERE ] setting player 0 score to 1
[2022-12-07 11:14:06] [SEVERE ] setting player 0 freeze to 1000
[2022-12-07 11:14:06] [SEVERE ] removing card from slot 0
[2022-12-07 11:14:06] [SEVERE ] removing card from slot 1
[2022-12-07 11:14:06] [SEVERE ] removing card from slot 2
[2022-12-07 11:14:06] [SEVERE ] placing card 54 in slot 0
[2022-12-07 11:14:06] [SEVERE ] placing card 1 in slot 1
[2022-12-07 11:14:06] [SEVERE ] placing card 23 in slot 2
[2022-12-07 11:14:06] [SEVERE ] removing player 1 token from slot 0
[2022-12-07 11:14:06] [SEVERE ] removing player 1 token from slot 1
[2022-12-07 11:14:06] [SEVERE ] removing player 1 token from slot 2
[2022-12-07 11:14:06] [SEVERE ] setting player 1 score to 1
[2022-12-07 11:14:06] [SEVERE ] setting player 1 freeze to 1000
[2022-12-07 11:14:06] [SEVERE ] setting player 0 freeze to 100
[2022-12-07 11:14:07] [SEVERE ] setting player 1 freeze to 100
[2022-12-07 11:14:07] [SEVERE ] setting player 0 freeze to 0
[2022-12-07 11:14:08] [SEVERE ] setting player 1 freeze to 0
