[2022-12-07 11:18:21] [INFO   ] cannot read configuration file config.properties trying from resources.
[2022-12-07 11:18:21] [INFO   ] configuration file was loaded from resources directory.
[2022-12-07 11:18:22] [SEVERE ] placing card 60 in slot 0
[2022-12-07 11:18:22] [SEVERE ] placing card 0 in slot 1
[2022-12-07 11:18:22] [SEVERE ] placing card 48 in slot 2
[2022-12-07 11:18:22] [SEVERE ] placing card 3 in slot 3
[2022-12-07 11:18:22] [SEVERE ] placing card 42 in slot 4
[2022-12-07 11:18:22] [SEVERE ] placing card 34 in slot 5
[2022-12-07 11:18:22] [SEVERE ] placing card 37 in slot 6
[2022-12-07 11:18:23] [SEVERE ] placing card 9 in slot 7
[2022-12-07 11:18:23] [SEVERE ] placing card 69 in slot 8
[2022-12-07 11:18:23] [SEVERE ] placing card 74 in slot 9
[2022-12-07 11:18:23] [SEVERE ] placing card 41 in slot 10
[2022-12-07 11:18:23] [SEVERE ] placing card 50 in slot 11
[2022-12-07 11:18:24] [SEVERE ] Key 81 was pressed by player 0
[2022-12-07 11:18:24] [SEVERE ] player 0 placing token on slot 0
[2022-12-07 11:18:24] [SEVERE ] Key 85 was pressed by player 1
[2022-12-07 11:18:24] [SEVERE ] player 1 placing token on slot 0
[2022-12-07 11:18:25] [SEVERE ] Key 87 was pressed by player 0
[2022-12-07 11:18:25] [SEVERE ] player 0 placing token on slot 1
[2022-12-07 11:18:25] [SEVERE ] Key 73 was pressed by player 1
[2022-12-07 11:18:25] [SEVERE ] player 1 placing token on slot 1
[2022-12-07 11:18:25] [SEVERE ] Key 69 was pressed by player 0
[2022-12-07 11:18:25] [SEVERE ] player 0 placing token on slot 2
[2022-12-07 11:18:25] [SEVERE ] Key 79 was pressed by player 1
[2022-12-07 11:18:25] [SEVERE ] player 1 placing token on slot 2
[2022-12-07 11:18:29] [SEVERE ] removing card from slot 0
[2022-12-07 11:18:29] [SEVERE ] removing card from slot 1
[2022-12-07 11:18:29] [SEVERE ] removing card from slot 2
[2022-12-07 11:18:29] [SEVERE ] placing card 73 in slot 0
[2022-12-07 11:18:29] [SEVERE ] placing card 64 in slot 1
[2022-12-07 11:18:29] [SEVERE ] placing card 54 in slot 2
[2022-12-07 11:18:29] [SEVERE ] removing player 1 token from slot 0
[2022-12-07 11:18:29] [SEVERE ] removing player 0 token from slot 0
[2022-12-07 11:18:29] [SEVERE ] removing player 0 token from slot 1
[2022-12-07 11:18:29] [SEVERE ] removing player 0 token from slot 2
[2022-12-07 11:18:29] [SEVERE ] setting player 0 score to 1
[2022-12-07 11:18:29] [SEVERE ] removing player 1 token from slot 1
[2022-12-07 11:18:29] [SEVERE ] setting player 0 freeze to 1000
[2022-12-07 11:18:29] [SEVERE ] removing player 1 token from slot 2
[2022-12-07 11:18:30] [SEVERE ] setting player 0 freeze to 99
[2022-12-07 11:18:31] [SEVERE ] setting player 0 freeze to 0
[2022-12-07 11:18:32] [SEVERE ] Key 81 was pressed by player 0
[2022-12-07 11:18:32] [SEVERE ] player 0 placing token on slot 0
[2022-12-07 11:18:32] [SEVERE ] Key 85 was pressed by player 1
[2022-12-07 11:18:32] [SEVERE ] player 1 placing token on slot 0
[2022-12-07 11:18:33] [SEVERE ] Key 73 was pressed by player 1
[2022-12-07 11:18:33] [SEVERE ] player 1 placing token on slot 1
[2022-12-07 11:18:33] [SEVERE ] Key 87 was pressed by player 0
[2022-12-07 11:18:33] [SEVERE ] player 0 placing token on slot 1
[2022-12-07 11:18:33] [SEVERE ] Key 69 was pressed by player 0
[2022-12-07 11:18:33] [SEVERE ] player 0 placing token on slot 2
[2022-12-07 11:18:33] [SEVERE ] Key 79 was pressed by player 1
[2022-12-07 11:18:33] [SEVERE ] player 1 placing token on slot 2
[2022-12-07 11:18:33] [SEVERE ] removing card from slot 0
[2022-12-07 11:18:34] [SEVERE ] removing card from slot 1
[2022-12-07 11:18:34] [SEVERE ] removing card from slot 2
[2022-12-07 11:18:34] [SEVERE ] placing card 47 in slot 0
[2022-12-07 11:18:34] [SEVERE ] placing card 61 in slot 1
[2022-12-07 11:18:34] [SEVERE ] placing card 39 in slot 2
[2022-12-07 11:18:34] [SEVERE ] removing player 0 token from slot 0
[2022-12-07 11:18:34] [SEVERE ] removing player 1 token from slot 0
[2022-12-07 11:18:34] [SEVERE ] removing player 0 token from slot 1
[2022-12-07 11:18:34] [SEVERE ] removing player 0 token from slot 2
[2022-12-07 11:18:34] [SEVERE ] setting player 0 score to 2
[2022-12-07 11:18:34] [SEVERE ] removing player 1 token from slot 1
[2022-12-07 11:18:34] [SEVERE ] setting player 0 freeze to 1000
[2022-12-07 11:18:34] [SEVERE ] removing player 1 token from slot 2
[2022-12-07 11:18:35] [SEVERE ] setting player 0 freeze to 100
[2022-12-07 11:18:36] [SEVERE ] setting player 0 freeze to 0
[2022-12-07 11:18:38] [SEVERE ] Key 81 was pressed by player 0
[2022-12-07 11:18:38] [SEVERE ] player 0 placing token on slot 0
[2022-12-07 11:18:38] [SEVERE ] Key 85 was pressed by player 1
[2022-12-07 11:18:38] [SEVERE ] player 1 placing token on slot 0
[2022-12-07 11:18:39] [SEVERE ] Key 87 was pressed by player 0
[2022-12-07 11:18:39] [SEVERE ] player 0 placing token on slot 1
[2022-12-07 11:18:39] [SEVERE ] Key 73 was pressed by player 1
[2022-12-07 11:18:39] [SEVERE ] player 1 placing token on slot 1
[2022-12-07 11:18:39] [SEVERE ] Key 69 was pressed by player 0
[2022-12-07 11:18:39] [SEVERE ] player 0 placing token on slot 2
[2022-12-07 11:18:39] [SEVERE ] Key 79 was pressed by player 1
[2022-12-07 11:18:39] [SEVERE ] player 1 placing token on slot 2
[2022-12-07 11:18:39] [SEVERE ] removing card from slot 0
[2022-12-07 11:18:39] [SEVERE ] removing card from slot 1
[2022-12-07 11:18:39] [SEVERE ] removing card from slot 2
[2022-12-07 11:18:39] [SEVERE ] placing card 10 in slot 0
[2022-12-07 11:18:40] [SEVERE ] placing card 32 in slot 1
[2022-12-07 11:18:40] [SEVERE ] placing card 46 in slot 2
[2022-12-07 11:18:40] [SEVERE ] removing player 0 token from slot 0
[2022-12-07 11:18:40] [SEVERE ] removing player 0 token from slot 1
[2022-12-07 11:18:40] [SEVERE ] removing player 0 token from slot 2
[2022-12-07 11:18:40] [SEVERE ] removing player 1 token from slot 0
[2022-12-07 11:18:40] [SEVERE ] setting player 0 score to 3
[2022-12-07 11:18:40] [SEVERE ] setting player 0 freeze to 1000
[2022-12-07 11:18:40] [SEVERE ] removing player 1 token from slot 1
[2022-12-07 11:18:40] [SEVERE ] removing player 1 token from slot 2
[2022-12-07 11:18:41] [SEVERE ] setting player 0 freeze to 100
