[2022-12-07 11:15:37] [INFO   ] cannot read configuration file config.properties trying from resources.
[2022-12-07 11:15:37] [INFO   ] configuration file was loaded from resources directory.
[2022-12-07 11:15:38] [SEVERE ] placing card 7 in slot 0
[2022-12-07 11:15:38] [SEVERE ] placing card 60 in slot 1
[2022-12-07 11:15:38] [SEVERE ] placing card 76 in slot 2
[2022-12-07 11:15:38] [SEVERE ] placing card 58 in slot 3
[2022-12-07 11:15:38] [SEVERE ] placing card 39 in slot 4
[2022-12-07 11:15:38] [SEVERE ] placing card 37 in slot 5
[2022-12-07 11:15:38] [SEVERE ] placing card 25 in slot 6
[2022-12-07 11:15:38] [SEVERE ] placing card 68 in slot 7
[2022-12-07 11:15:39] [SEVERE ] placing card 62 in slot 8
[2022-12-07 11:15:39] [SEVERE ] placing card 71 in slot 9
[2022-12-07 11:15:39] [SEVERE ] placing card 27 in slot 10
[2022-12-07 11:15:39] [SEVERE ] placing card 66 in slot 11
[2022-12-07 11:15:39] [SEVERE ] Key 81 was pressed by player 0
[2022-12-07 11:15:39] [SEVERE ] player 0 placing token on slot 0
[2022-12-07 11:15:39] [SEVERE ] Key 85 was pressed by player 1
[2022-12-07 11:15:39] [SEVERE ] player 1 placing token on slot 0
[2022-12-07 11:15:40] [SEVERE ] Key 73 was pressed by player 1
[2022-12-07 11:15:40] [SEVERE ] player 1 placing token on slot 1
[2022-12-07 11:15:40] [SEVERE ] Key 87 was pressed by player 0
[2022-12-07 11:15:40] [SEVERE ] player 0 placing token on slot 1
[2022-12-07 11:15:40] [SEVERE ] Key 69 was pressed by player 0
[2022-12-07 11:15:40] [SEVERE ] player 0 placing token on slot 2
[2022-12-07 11:15:40] [SEVERE ] Key 79 was pressed by player 1
[2022-12-07 11:15:40] [SEVERE ] player 1 placing token on slot 2
[2022-12-07 11:15:44] [SEVERE ] removing card from slot 0
[2022-12-07 11:15:45] [SEVERE ] removing card from slot 1
[2022-12-07 11:15:45] [SEVERE ] removing card from slot 2
[2022-12-07 11:15:45] [SEVERE ] placing card 73 in slot 0
[2022-12-07 11:15:45] [SEVERE ] placing card 65 in slot 1
[2022-12-07 11:15:45] [SEVERE ] placing card 35 in slot 2
[2022-12-07 11:15:45] [SEVERE ] removing player 0 token from slot 0
[2022-12-07 11:15:45] [SEVERE ] removing player 0 token from slot 1
[2022-12-07 11:15:45] [SEVERE ] removing player 0 token from slot 2
[2022-12-07 11:15:45] [SEVERE ] setting player 0 score to 1
[2022-12-07 11:15:45] [SEVERE ] setting player 0 freeze to 1000
[2022-12-07 11:15:45] [SEVERE ] removing card from slot 0
[2022-12-07 11:15:45] [SEVERE ] removing card from slot 1
[2022-12-07 11:15:45] [SEVERE ] removing card from slot 2
[2022-12-07 11:15:45] [SEVERE ] placing card 41 in slot 0
[2022-12-07 11:15:46] [SEVERE ] placing card 75 in slot 1
[2022-12-07 11:15:46] [SEVERE ] placing card 45 in slot 2
[2022-12-07 11:15:46] [SEVERE ] removing player 1 token from slot 0
[2022-12-07 11:15:46] [SEVERE ] removing player 1 token from slot 1
[2022-12-07 11:15:46] [SEVERE ] removing player 1 token from slot 2
[2022-12-07 11:15:46] [SEVERE ] setting player 1 score to 1
[2022-12-07 11:15:46] [SEVERE ] setting player 1 freeze to 1000
[2022-12-07 11:15:46] [SEVERE ] setting player 0 freeze to 99
[2022-12-07 11:15:47] [SEVERE ] setting player 1 freeze to 99
[2022-12-07 11:15:47] [SEVERE ] setting player 0 freeze to 0
[2022-12-07 11:15:47] [SEVERE ] setting player 1 freeze to 0
[2022-12-07 11:15:49] [SEVERE ] Key 81 was pressed by player 0
[2022-12-07 11:15:49] [SEVERE ] player 0 placing token on slot 0
[2022-12-07 11:15:49] [SEVERE ] Key 85 was pressed by player 1
[2022-12-07 11:15:49] [SEVERE ] player 1 placing token on slot 0
[2022-12-07 11:15:49] [SEVERE ] Key 73 was pressed by player 1
[2022-12-07 11:15:49] [SEVERE ] player 1 placing token on slot 1
[2022-12-07 11:15:49] [SEVERE ] Key 87 was pressed by player 0
[2022-12-07 11:15:49] [SEVERE ] player 0 placing token on slot 1
[2022-12-07 11:15:50] [SEVERE ] Key 69 was pressed by player 0
[2022-12-07 11:15:50] [SEVERE ] player 0 placing token on slot 2
[2022-12-07 11:15:50] [SEVERE ] Key 79 was pressed by player 1
[2022-12-07 11:15:50] [SEVERE ] player 1 placing token on slot 2
[2022-12-07 11:15:50] [SEVERE ] removing card from slot 0
[2022-12-07 11:15:50] [SEVERE ] removing card from slot 1
[2022-12-07 11:15:50] [SEVERE ] removing card from slot 2
[2022-12-07 11:15:50] [SEVERE ] placing card 57 in slot 0
[2022-12-07 11:15:50] [SEVERE ] placing card 74 in slot 1
[2022-12-07 11:15:50] [SEVERE ] placing card 79 in slot 2
[2022-12-07 11:15:50] [SEVERE ] removing player 0 token from slot 0
[2022-12-07 11:15:50] [SEVERE ] removing player 0 token from slot 1
[2022-12-07 11:15:50] [SEVERE ] removing player 0 token from slot 2
[2022-12-07 11:15:50] [SEVERE ] setting player 0 score to 2
[2022-12-07 11:15:50] [SEVERE ] setting player 0 freeze to 1000
[2022-12-07 11:15:51] [SEVERE ] removing card from slot 0
[2022-12-07 11:15:51] [SEVERE ] removing card from slot 1
[2022-12-07 11:15:51] [SEVERE ] removing card from slot 2
[2022-12-07 11:15:51] [SEVERE ] placing card 8 in slot 0
[2022-12-07 11:15:51] [SEVERE ] placing card 33 in slot 1
[2022-12-07 11:15:51] [SEVERE ] placing card 59 in slot 2
[2022-12-07 11:15:51] [SEVERE ] removing player 1 token from slot 0
[2022-12-07 11:15:51] [SEVERE ] removing player 1 token from slot 1
[2022-12-07 11:15:51] [SEVERE ] removing player 1 token from slot 2
[2022-12-07 11:15:51] [SEVERE ] setting player 1 score to 2
[2022-12-07 11:15:51] [SEVERE ] setting player 1 freeze to 1000
[2022-12-07 11:15:51] [SEVERE ] setting player 0 freeze to 100
[2022-12-07 11:15:52] [SEVERE ] setting player 1 freeze to 100
[2022-12-07 11:15:52] [SEVERE ] setting player 0 freeze to 0
[2022-12-07 11:15:53] [SEVERE ] setting player 1 freeze to 0
