[2022-12-07 10:38:31] [INFO   ] cannot read configuration file config.properties trying from resources.
[2022-12-07 10:38:31] [INFO   ] configuration file was loaded from resources directory.
[2022-12-07 10:38:32] [SEVERE ] placing card 72 in slot 0
[2022-12-07 10:38:32] [SEVERE ] placing card 32 in slot 1
[2022-12-07 10:38:32] [SEVERE ] placing card 77 in slot 2
[2022-12-07 10:38:33] [SEVERE ] placing card 60 in slot 3
[2022-12-07 10:38:33] [SEVERE ] placing card 26 in slot 4
[2022-12-07 10:38:33] [SEVERE ] placing card 23 in slot 5
[2022-12-07 10:38:33] [SEVERE ] placing card 25 in slot 6
[2022-12-07 10:38:33] [SEVERE ] placing card 42 in slot 7
[2022-12-07 10:38:33] [SEVERE ] placing card 31 in slot 8
[2022-12-07 10:38:33] [SEVERE ] placing card 58 in slot 9
[2022-12-07 10:38:33] [SEVERE ] placing card 43 in slot 10
[2022-12-07 10:38:33] [SEVERE ] placing card 36 in slot 11
[2022-12-07 10:38:34] [SEVERE ] player 0 placing token on slot 2
[2022-12-07 10:38:34] [SEVERE ] player 2 placing token on slot 5
[2022-12-07 10:38:34] [SEVERE ] player 3 placing token on slot 0
[2022-12-07 10:38:34] [SEVERE ] player 1 placing token on slot 3
[2022-12-07 10:38:35] [SEVERE ] player 3 placing token on slot 5
[2022-12-07 10:38:35] [SEVERE ] removing player 0 token from slot 2
[2022-12-07 10:38:35] [SEVERE ] player 1 placing token on slot 1
[2022-12-07 10:38:35] [SEVERE ] player 2 placing token on slot 8
[2022-12-07 10:38:36] [SEVERE ] player 1 placing token on slot 4
[2022-12-07 10:38:36] [SEVERE ] player 0 placing token on slot 0
[2022-12-07 10:38:36] [SEVERE ] player 3 placing token on slot 9
[2022-12-07 10:38:36] [SEVERE ] player 2 placing token on slot 6
[2022-12-07 10:38:36] [SEVERE ] removing player 2 token from slot 5
[2022-12-07 10:38:36] [SEVERE ] removing player 2 token from slot 8
[2022-12-07 10:38:36] [SEVERE ] removing player 2 token from slot 6
[2022-12-07 10:38:36] [SEVERE ] setting player 2 freeze to 5000
[2022-12-07 10:38:36] [SEVERE ] removing player 1 token from slot 3
[2022-12-07 10:38:36] [SEVERE ] removing player 1 token from slot 1
[2022-12-07 10:38:36] [SEVERE ] removing player 1 token from slot 4
[2022-12-07 10:38:36] [SEVERE ] setting player 1 freeze to 5000
[2022-12-07 10:38:36] [SEVERE ] removing player 3 token from slot 0
[2022-12-07 10:38:36] [SEVERE ] removing player 3 token from slot 5
[2022-12-07 10:38:36] [SEVERE ] removing player 3 token from slot 9
[2022-12-07 10:38:36] [SEVERE ] setting player 3 freeze to 5000
[2022-12-07 10:38:37] [SEVERE ] player 0 placing token on slot 5
[2022-12-07 10:38:37] [SEVERE ] setting player 2 freeze to 4089
[2022-12-07 10:38:37] [SEVERE ] setting player 1 freeze to 4092
[2022-12-07 10:38:37] [SEVERE ] setting player 3 freeze to 4097
[2022-12-07 10:38:38] [SEVERE ] setting player 2 freeze to 3184
[2022-12-07 10:38:38] [SEVERE ] removing player 0 token from slot 5
[2022-12-07 10:38:38] [SEVERE ] setting player 1 freeze to 3185
[2022-12-07 10:38:38] [SEVERE ] setting player 3 freeze to 3190
[2022-12-07 10:38:38] [SEVERE ] setting player 1 freeze to 0
[2022-12-07 10:38:38] [SEVERE ] setting player 2 freeze to 0
[2022-12-07 10:38:38] [SEVERE ] removing player 0 token from slot 0
[2022-12-07 10:38:38] [SEVERE ] setting player 3 freeze to 0
[2022-12-07 10:38:39] [SEVERE ] placing card 10 in slot 0
[2022-12-07 10:38:39] [SEVERE ] placing card 77 in slot 1
[2022-12-07 10:38:39] [SEVERE ] placing card 70 in slot 2
[2022-12-07 10:38:39] [SEVERE ] placing card 48 in slot 3
[2022-12-07 10:38:39] [SEVERE ] placing card 25 in slot 4
[2022-12-07 10:38:39] [SEVERE ] placing card 27 in slot 5
[2022-12-07 10:38:39] [SEVERE ] placing card 57 in slot 6
[2022-12-07 10:38:39] [SEVERE ] placing card 28 in slot 7
[2022-12-07 10:38:39] [SEVERE ] placing card 26 in slot 8
[2022-12-07 10:38:40] [SEVERE ] placing card 21 in slot 9
[2022-12-07 10:38:40] [SEVERE ] placing card 9 in slot 10
[2022-12-07 10:38:40] [SEVERE ] placing card 54 in slot 11
[2022-12-07 10:38:40] [SEVERE ] player 0 placing token on slot 11
[2022-12-07 10:38:40] [SEVERE ] player 3 placing token on slot 11
[2022-12-07 10:38:40] [SEVERE ] player 1 placing token on slot 8
[2022-12-07 10:38:40] [SEVERE ] player 2 placing token on slot 5
[2022-12-07 10:38:41] [SEVERE ] player 2 placing token on slot 6
[2022-12-07 10:38:41] [SEVERE ] player 1 placing token on slot 9
[2022-12-07 10:38:41] [SEVERE ] player 3 placing token on slot 0
[2022-12-07 10:38:41] [SEVERE ] player 0 placing token on slot 2
[2022-12-07 10:38:42] [SEVERE ] player 2 placing token on slot 1
[2022-12-07 10:38:42] [SEVERE ] player 1 placing token on slot 11
[2022-12-07 10:38:42] [SEVERE ] player 0 placing token on slot 7
[2022-12-07 10:38:42] [SEVERE ] removing player 3 token from slot 0
[2022-12-07 10:38:43] [SEVERE ] removing card from slot 5
[2022-12-07 10:38:43] [SEVERE ] removing card from slot 6
[2022-12-07 10:38:43] [SEVERE ] removing card from slot 1
[2022-12-07 10:38:43] [SEVERE ] placing card 31 in slot 1
[2022-12-07 10:38:43] [SEVERE ] placing card 74 in slot 5
[2022-12-07 10:38:43] [SEVERE ] placing card 58 in slot 6
[2022-12-07 10:38:43] [SEVERE ] removing player 2 token from slot 5
[2022-12-07 10:38:43] [SEVERE ] removing player 0 token from slot 11
[2022-12-07 10:38:43] [SEVERE ] removing player 1 token from slot 8
[2022-12-07 10:38:43] [SEVERE ] removing player 0 token from slot 2
[2022-12-07 10:38:43] [SEVERE ] removing player 2 token from slot 6
[2022-12-07 10:38:43] [SEVERE ] removing player 0 token from slot 7
[2022-12-07 10:38:43] [SEVERE ] removing player 1 token from slot 9
[2022-12-07 10:38:43] [SEVERE ] setting player 0 freeze to 5000
[2022-12-07 10:38:43] [SEVERE ] removing player 2 token from slot 1
[2022-12-07 10:38:43] [SEVERE ] setting player 2 score to 1
[2022-12-07 10:38:43] [SEVERE ] removing player 1 token from slot 11
[2022-12-07 10:38:43] [SEVERE ] setting player 1 freeze to 5000
[2022-12-07 10:38:43] [SEVERE ] setting player 2 freeze to 1000
[2022-12-07 10:38:43] [SEVERE ] player 3 placing token on slot 9
[2022-12-07 10:38:44] [SEVERE ] setting player 0 freeze to 4098
[2022-12-07 10:38:44] [SEVERE ] setting player 2 freeze to 98
[2022-12-07 10:38:44] [SEVERE ] setting player 1 freeze to 4098
[2022-12-07 10:38:44] [SEVERE ] player 3 placing token on slot 7
[2022-12-07 10:38:45] [SEVERE ] removing player 3 token from slot 11
[2022-12-07 10:38:45] [SEVERE ] removing player 3 token from slot 9
[2022-12-07 10:38:45] [SEVERE ] removing player 3 token from slot 7
[2022-12-07 10:38:45] [SEVERE ] setting player 3 freeze to 5000
[2022-12-07 10:38:45] [SEVERE ] setting player 2 freeze to 0
[2022-12-07 10:38:45] [SEVERE ] setting player 0 freeze to 3193
[2022-12-07 10:38:45] [SEVERE ] setting player 1 freeze to 3193
[2022-12-07 10:38:45] [SEVERE ] player 2 placing token on slot 4
[2022-12-07 10:38:46] [SEVERE ] setting player 3 freeze to 4089
[2022-12-07 10:38:46] [SEVERE ] setting player 1 freeze to 2283
[2022-12-07 10:38:46] [SEVERE ] setting player 0 freeze to 2283
[2022-12-07 10:38:46] [SEVERE ] setting player 3 freeze to 3177
[2022-12-07 10:38:46] [SEVERE ] player 2 placing token on slot 9
[2022-12-07 10:38:47] [SEVERE ] setting player 0 freeze to 1370
[2022-12-07 10:38:47] [SEVERE ] setting player 1 freeze to 1370
[2022-12-07 10:38:47] [SEVERE ] setting player 3 freeze to 2273
[2022-12-07 10:38:47] [SEVERE ] removing player 2 token from slot 9
[2022-12-07 10:38:48] [SEVERE ] setting player 0 freeze to 468
[2022-12-07 10:38:48] [SEVERE ] setting player 1 freeze to 468
[2022-12-07 10:38:48] [SEVERE ] setting player 1 freeze to 0
[2022-12-07 10:38:48] [SEVERE ] setting player 3 freeze to 0
[2022-12-07 10:38:48] [SEVERE ] setting player 0 freeze to 0
[2022-12-07 10:38:48] [SEVERE ] removing player 2 token from slot 4
[2022-12-07 10:38:48] [SEVERE ] placing card 28 in slot 0
[2022-12-07 10:38:48] [SEVERE ] placing card 41 in slot 1
[2022-12-07 10:38:49] [SEVERE ] placing card 67 in slot 2
[2022-12-07 10:38:49] [SEVERE ] placing card 42 in slot 3
[2022-12-07 10:38:49] [SEVERE ] placing card 56 in slot 4
[2022-12-07 10:38:49] [SEVERE ] placing card 32 in slot 5
[2022-12-07 10:38:49] [SEVERE ] placing card 4 in slot 6
[2022-12-07 10:38:49] [SEVERE ] placing card 31 in slot 7
[2022-12-07 10:38:49] [SEVERE ] placing card 78 in slot 8
[2022-12-07 10:38:49] [SEVERE ] placing card 9 in slot 9
[2022-12-07 10:38:49] [SEVERE ] placing card 0 in slot 10
[2022-12-07 10:38:50] [SEVERE ] placing card 30 in slot 11
[2022-12-07 10:38:50] [SEVERE ] player 0 placing token on slot 6
[2022-12-07 10:38:50] [SEVERE ] player 2 placing token on slot 8
[2022-12-07 10:38:50] [SEVERE ] player 1 placing token on slot 6
[2022-12-07 10:38:50] [SEVERE ] player 3 placing token on slot 2
[2022-12-07 10:38:51] [SEVERE ] player 3 placing token on slot 6
[2022-12-07 10:38:51] [SEVERE ] player 0 placing token on slot 3
[2022-12-07 10:38:51] [SEVERE ] player 1 placing token on slot 7
[2022-12-07 10:38:51] [SEVERE ] player 2 placing token on slot 9
[2022-12-07 10:38:52] [SEVERE ] player 3 placing token on slot 4
[2022-12-07 10:38:52] [SEVERE ] player 1 placing token on slot 4
[2022-12-07 10:38:52] [SEVERE ] player 0 placing token on slot 0
[2022-12-07 10:38:52] [SEVERE ] player 2 placing token on slot 5
[2022-12-07 10:38:53] [SEVERE ] removing card from slot 6
[2022-12-07 10:38:53] [SEVERE ] removing card from slot 3
[2022-12-07 10:38:53] [SEVERE ] removing card from slot 0
[2022-12-07 10:38:53] [SEVERE ] placing card 44 in slot 0
[2022-12-07 10:38:53] [SEVERE ] placing card 47 in slot 3
[2022-12-07 10:38:53] [SEVERE ] placing card 33 in slot 6
[2022-12-07 10:38:53] [SEVERE ] removing player 0 token from slot 6
[2022-12-07 10:38:53] [SEVERE ] removing player 3 token from slot 6
[2022-12-07 10:38:53] [SEVERE ] removing player 1 token from slot 6
[2022-12-07 10:38:53] [SEVERE ] removing player 0 token from slot 3
[2022-12-07 10:38:53] [SEVERE ] removing player 0 token from slot 0
[2022-12-07 10:38:53] [SEVERE ] setting player 0 score to 1
[2022-12-07 10:38:53] [SEVERE ] setting player 0 freeze to 1000
[2022-12-07 10:38:53] [SEVERE ] removing card from slot 2
[2022-12-07 10:38:53] [SEVERE ] player 3 placing token on slot 8
[2022-12-07 10:38:53] [SEVERE ] player 1 placing token on slot 9
[2022-12-07 10:38:53] [SEVERE ] removing card from slot 6
[2022-12-07 10:38:53] [SEVERE ] removing card from slot 4
[2022-12-07 10:38:54] [SEVERE ] placing card 34 in slot 2
[2022-12-07 10:38:54] [SEVERE ] placing card 1 in slot 4
[2022-12-07 10:38:54] [SEVERE ] placing card 46 in slot 6
[2022-12-07 10:38:54] [SEVERE ] removing player 1 token from slot 4
[2022-12-07 10:38:54] [SEVERE ] removing player 1 token from slot 7
[2022-12-07 10:38:54] [SEVERE ] removing player 1 token from slot 9
[2022-12-07 10:38:54] [SEVERE ] setting player 1 freeze to 5000
[2022-12-07 10:38:54] [SEVERE ] removing player 2 token from slot 8
[2022-12-07 10:38:54] [SEVERE ] removing player 3 token from slot 2
[2022-12-07 10:38:54] [SEVERE ] removing player 2 token from slot 9
[2022-12-07 10:38:54] [SEVERE ] removing player 2 token from slot 5
[2022-12-07 10:38:54] [SEVERE ] removing player 3 token from slot 4
[2022-12-07 10:38:54] [SEVERE ] setting player 2 freeze to 5000
[2022-12-07 10:38:54] [SEVERE ] removing player 3 token from slot 8
[2022-12-07 10:38:54] [SEVERE ] setting player 3 freeze to 5000
[2022-12-07 10:38:54] [SEVERE ] setting player 0 freeze to 99
[2022-12-07 10:38:55] [SEVERE ] setting player 1 freeze to 4098
[2022-12-07 10:38:55] [SEVERE ] setting player 3 freeze to 4098
[2022-12-07 10:38:55] [SEVERE ] setting player 2 freeze to 4098
[2022-12-07 10:38:55] [SEVERE ] setting player 0 freeze to 0
[2022-12-07 10:38:55] [SEVERE ] player 0 placing token on slot 9
[2022-12-07 10:38:56] [SEVERE ] setting player 2 freeze to 3188
[2022-12-07 10:38:56] [SEVERE ] setting player 3 freeze to 3188
[2022-12-07 10:38:56] [SEVERE ] setting player 1 freeze to 3188
[2022-12-07 10:38:56] [SEVERE ] player 0 placing token on slot 4
[2022-12-07 10:38:56] [SEVERE ] setting player 1 freeze to 2273
[2022-12-07 10:38:56] [SEVERE ] setting player 2 freeze to 2273
[2022-12-07 10:38:56] [SEVERE ] setting player 3 freeze to 2273
[2022-12-07 10:38:57] [SEVERE ] player 0 placing token on slot 5
[2022-12-07 10:38:57] [SEVERE ] setting player 2 freeze to 1373
[2022-12-07 10:38:57] [SEVERE ] setting player 3 freeze to 1373
[2022-12-07 10:38:57] [SEVERE ] setting player 1 freeze to 1373
[2022-12-07 10:38:57] [SEVERE ] removing player 0 token from slot 9
[2022-12-07 10:38:57] [SEVERE ] removing player 0 token from slot 4
[2022-12-07 10:38:57] [SEVERE ] removing player 0 token from slot 5
[2022-12-07 10:38:57] [SEVERE ] setting player 0 freeze to 5000
[2022-12-07 10:38:58] [SEVERE ] setting player 1 freeze to 470
[2022-12-07 10:38:58] [SEVERE ] setting player 3 freeze to 470
[2022-12-07 10:38:58] [SEVERE ] setting player 2 freeze to 470
[2022-12-07 10:38:58] [SEVERE ] setting player 0 freeze to 4098
[2022-12-07 10:38:59] [SEVERE ] setting player 0 freeze to 0
[2022-12-07 10:38:59] [SEVERE ] setting player 2 freeze to 0
[2022-12-07 10:38:59] [SEVERE ] setting player 1 freeze to 0
[2022-12-07 10:38:59] [SEVERE ] setting player 3 freeze to 0
[2022-12-07 10:38:59] [SEVERE ] placing card 39 in slot 0
[2022-12-07 10:38:59] [SEVERE ] placing card 35 in slot 1
[2022-12-07 10:38:59] [SEVERE ] placing card 79 in slot 2
[2022-12-07 10:38:59] [SEVERE ] placing card 80 in slot 3
[2022-12-07 10:38:59] [SEVERE ] placing card 17 in slot 4
[2022-12-07 10:38:59] [SEVERE ] placing card 10 in slot 5
[2022-12-07 10:38:59] [SEVERE ] placing card 60 in slot 6
[2022-12-07 10:39:00] [SEVERE ] placing card 65 in slot 7
[2022-12-07 10:39:00] [SEVERE ] placing card 70 in slot 8
[2022-12-07 10:39:00] [SEVERE ] placing card 26 in slot 9
[2022-12-07 10:39:00] [SEVERE ] placing card 49 in slot 10
[2022-12-07 10:39:00] [SEVERE ] placing card 58 in slot 11
[2022-12-07 10:39:01] [SEVERE ] player 1 placing token on slot 11
[2022-12-07 10:39:01] [SEVERE ] player 2 placing token on slot 10
[2022-12-07 10:39:01] [SEVERE ] player 0 placing token on slot 2
[2022-12-07 10:39:01] [SEVERE ] player 3 placing token on slot 11
[2022-12-07 10:39:01] [SEVERE ] Key 81 was pressed by player 0
[2022-12-07 10:39:01] [SEVERE ] Key 87 was pressed by player 0
[2022-12-07 10:39:02] [SEVERE ] player 3 placing token on slot 2
[2022-12-07 10:39:02] [SEVERE ] player 0 placing token on slot 10
[2022-12-07 10:39:02] [SEVERE ] removing player 1 token from slot 11
[2022-12-07 10:39:02] [SEVERE ] player 2 placing token on slot 3
[2022-12-07 10:39:03] [SEVERE ] Key 81 was pressed by player 0
[2022-12-07 10:39:03] [SEVERE ] Key 87 was pressed by player 0
[2022-12-07 10:39:03] [SEVERE ] Key 69 was pressed by player 0
[2022-12-07 10:39:03] [SEVERE ] player 1 placing token on slot 6
[2022-12-07 10:39:03] [SEVERE ] player 2 placing token on slot 6
[2022-12-07 10:39:03] [SEVERE ] player 3 placing token on slot 0
[2022-12-07 10:39:03] [SEVERE ] removing player 0 token from slot 2
[2022-12-07 10:39:03] [SEVERE ] removing player 2 token from slot 10
[2022-12-07 10:39:03] [SEVERE ] removing player 2 token from slot 3
[2022-12-07 10:39:03] [SEVERE ] removing player 2 token from slot 6
[2022-12-07 10:39:03] [SEVERE ] setting player 2 freeze to 5000
[2022-12-07 10:39:03] [SEVERE ] removing player 3 token from slot 11
[2022-12-07 10:39:03] [SEVERE ] removing player 3 token from slot 2
[2022-12-07 10:39:03] [SEVERE ] removing player 3 token from slot 0
[2022-12-07 10:39:03] [SEVERE ] setting player 3 freeze to 5000
[2022-12-07 10:39:03] [SEVERE ] Key 65 was pressed by player 0
[2022-12-07 10:39:03] [SEVERE ] Key 87 was pressed by player 0
[2022-12-07 10:39:04] [SEVERE ] Key 70 was pressed by player 0
[2022-12-07 10:39:04] [SEVERE ] Key 65 was pressed by player 0
[2022-12-07 10:39:04] [SEVERE ] player 1 placing token on slot 8
[2022-12-07 10:39:04] [SEVERE ] player 0 placing token on slot 2
[2022-12-07 10:39:04] [SEVERE ] Key 87 was pressed by player 0
[2022-12-07 10:39:04] [SEVERE ] setting player 2 freeze to 4095
[2022-12-07 10:39:04] [SEVERE ] setting player 3 freeze to 4096
[2022-12-07 10:39:04] [SEVERE ] Key 70 was pressed by player 0
[2022-12-07 10:39:04] [SEVERE ] Key 65 was pressed by player 0
[2022-12-07 10:39:05] [SEVERE ] setting player 2 freeze to 3193
[2022-12-07 10:39:05] [SEVERE ] player 1 placing token on slot 0
[2022-12-07 10:39:05] [SEVERE ] player 0 placing token on slot 7
[2022-12-07 10:39:05] [SEVERE ] setting player 3 freeze to 3194
[2022-12-07 10:39:05] [SEVERE ] removing player 0 token from slot 10
[2022-12-07 10:39:05] [SEVERE ] removing player 0 token from slot 2
[2022-12-07 10:39:05] [SEVERE ] removing player 0 token from slot 7
[2022-12-07 10:39:05] [SEVERE ] setting player 0 freeze to 5000
[2022-12-07 10:39:05] [SEVERE ] removing player 1 token from slot 6
[2022-12-07 10:39:05] [SEVERE ] removing player 1 token from slot 8
[2022-12-07 10:39:05] [SEVERE ] removing player 1 token from slot 0
[2022-12-07 10:39:05] [SEVERE ] setting player 1 freeze to 5000
[2022-12-07 10:39:05] [SEVERE ] Key 85 was pressed by player 1
[2022-12-07 10:39:05] [SEVERE ] Key 73 was pressed by player 1
[2022-12-07 10:39:05] [SEVERE ] Key 74 was pressed by player 1
[2022-12-07 10:39:05] [SEVERE ] setting player 0 freeze to 0
[2022-12-07 10:39:05] [SEVERE ] setting player 1 freeze to 0
[2022-12-07 10:39:05] [SEVERE ] setting player 2 freeze to 0
[2022-12-07 10:39:05] [SEVERE ] setting player 3 freeze to 0
[2022-12-07 10:39:05] [SEVERE ] Key 79 was pressed by player 1
[2022-12-07 10:39:05] [SEVERE ] placing card 13 in slot 0
[2022-12-07 10:39:05] [SEVERE ] Key 75 was pressed by player 1
[2022-12-07 10:39:05] [SEVERE ] placing card 29 in slot 1
[2022-12-07 10:39:05] [SEVERE ] placing card 6 in slot 2
[2022-12-07 10:39:06] [SEVERE ] placing card 49 in slot 3
[2022-12-07 10:39:06] [SEVERE ] placing card 5 in slot 4
[2022-12-07 10:39:06] [SEVERE ] placing card 48 in slot 5
[2022-12-07 10:39:06] [SEVERE ] placing card 60 in slot 6
[2022-12-07 10:39:06] [SEVERE ] placing card 63 in slot 7
[2022-12-07 10:39:06] [SEVERE ] placing card 23 in slot 8
[2022-12-07 10:39:06] [SEVERE ] placing card 31 in slot 9
[2022-12-07 10:39:06] [SEVERE ] placing card 55 in slot 10
[2022-12-07 10:39:06] [SEVERE ] placing card 3 in slot 11
[2022-12-07 10:39:07] [SEVERE ] player 1 placing token on slot 6
[2022-12-07 10:39:07] [SEVERE ] player 0 placing token on slot 8
[2022-12-07 10:39:07] [SEVERE ] player 2 placing token on slot 3
[2022-12-07 10:39:07] [SEVERE ] player 3 placing token on slot 9
[2022-12-07 10:39:07] [SEVERE ] Key 73 was pressed by player 1
[2022-12-07 10:39:08] [SEVERE ] Key 79 was pressed by player 1
[2022-12-07 10:39:08] [SEVERE ] Key 74 was pressed by player 1
[2022-12-07 10:39:08] [SEVERE ] Key 73 was pressed by player 1
[2022-12-07 10:39:08] [SEVERE ] player 3 placing token on slot 11
[2022-12-07 10:39:08] [SEVERE ] player 1 placing token on slot 8
[2022-12-07 10:39:08] [SEVERE ] player 2 placing token on slot 0
[2022-12-07 10:39:08] [SEVERE ] player 0 placing token on slot 1
[2022-12-07 10:39:08] [SEVERE ] Key 74 was pressed by player 1
[2022-12-07 10:39:08] [SEVERE ] Key 85 was pressed by player 1
[2022-12-07 10:39:08] [SEVERE ] Key 73 was pressed by player 1
[2022-12-07 10:39:09] [SEVERE ] Key 75 was pressed by player 1
[2022-12-07 10:39:09] [SEVERE ] Key 76 was pressed by player 1
[2022-12-07 10:39:09] [SEVERE ] Key 77 was pressed by player 1
[2022-12-07 10:39:09] [SEVERE ] Key 44 was pressed by player 1
[2022-12-07 10:39:09] [SEVERE ] Key 46 was pressed by player 1
[2022-12-07 10:39:09] [SEVERE ] player 2 placing token on slot 4
[2022-12-07 10:39:09] [SEVERE ] player 0 placing token on slot 3
[2022-12-07 10:39:09] [SEVERE ] player 3 placing token on slot 2
[2022-12-07 10:39:09] [SEVERE ] player 1 placing token on slot 10
[2022-12-07 10:39:09] [SEVERE ] removing player 2 token from slot 3
[2022-12-07 10:39:09] [SEVERE ] removing player 2 token from slot 0
[2022-12-07 10:39:09] [SEVERE ] removing player 2 token from slot 4
[2022-12-07 10:39:09] [SEVERE ] setting player 2 freeze to 5000
[2022-12-07 10:39:09] [SEVERE ] Key 79 was pressed by player 1
[2022-12-07 10:39:09] [SEVERE ] Key 80 was pressed by player 1
[2022-12-07 10:39:09] [SEVERE ] removing card from slot 8
[2022-12-07 10:39:10] [SEVERE ] Key 73 was pressed by player 1
[2022-12-07 10:39:10] [SEVERE ] removing card from slot 1
[2022-12-07 10:39:10] [SEVERE ] removing card from slot 3
[2022-12-07 10:39:10] [SEVERE ] placing card 45 in slot 1
[2022-12-07 10:39:10] [SEVERE ] placing card 79 in slot 3
[2022-12-07 10:39:10] [SEVERE ] placing card 22 in slot 8
[2022-12-07 10:39:10] [SEVERE ] removing player 0 token from slot 8
[2022-12-07 10:39:10] [SEVERE ] removing player 1 token from slot 8
[2022-12-07 10:39:10] [SEVERE ] removing player 0 token from slot 1
[2022-12-07 10:39:10] [SEVERE ] removing player 0 token from slot 3
[2022-12-07 10:39:10] [SEVERE ] removing player 3 token from slot 9
[2022-12-07 10:39:10] [SEVERE ] setting player 0 score to 2
[2022-12-07 10:39:10] [SEVERE ] removing player 1 token from slot 6
[2022-12-07 10:39:10] [SEVERE ] setting player 0 freeze to 1000
[2022-12-07 10:39:10] [SEVERE ] removing player 3 token from slot 11
[2022-12-07 10:39:10] [SEVERE ] removing player 1 token from slot 10
[2022-12-07 10:39:10] [SEVERE ] removing player 3 token from slot 2
[2022-12-07 10:39:10] [SEVERE ] setting player 3 freeze to 5000
[2022-12-07 10:39:10] [SEVERE ] setting player 1 freeze to 5000
[2022-12-07 10:39:10] [SEVERE ] setting player 2 freeze to 4090
[2022-12-07 10:39:11] [SEVERE ] setting player 1 freeze to 4098
[2022-12-07 10:39:11] [SEVERE ] setting player 0 freeze to 98
[2022-12-07 10:39:11] [SEVERE ] setting player 3 freeze to 4098
[2022-12-07 10:39:11] [SEVERE ] setting player 2 freeze to 3177
[2022-12-07 10:39:12] [SEVERE ] setting player 1 freeze to 3195
[2022-12-07 10:39:12] [SEVERE ] setting player 3 freeze to 3195
[2022-12-07 10:39:12] [SEVERE ] setting player 0 freeze to 0
[2022-12-07 10:39:12] [SEVERE ] setting player 2 freeze to 2274
[2022-12-07 10:39:12] [SEVERE ] player 0 placing token on slot 1
[2022-12-07 10:39:13] [SEVERE ] setting player 3 freeze to 2284
[2022-12-07 10:39:13] [SEVERE ] setting player 1 freeze to 2284
[2022-12-07 10:39:13] [SEVERE ] setting player 2 freeze to 1364
[2022-12-07 10:39:13] [SEVERE ] player 0 placing token on slot 3
[2022-12-07 10:39:14] [SEVERE ] setting player 3 freeze to 1376
[2022-12-07 10:39:14] [SEVERE ] setting player 1 freeze to 1376
[2022-12-07 10:39:14] [SEVERE ] setting player 2 freeze to 453
[2022-12-07 10:39:14] [SEVERE ] player 0 placing token on slot 8
[2022-12-07 10:39:14] [SEVERE ] removing card from slot 1
[2022-12-07 10:39:14] [SEVERE ] removing card from slot 3
[2022-12-07 10:39:15] [SEVERE ] setting player 3 freeze to 475
[2022-12-07 10:39:15] [SEVERE ] setting player 1 freeze to 475
[2022-12-07 10:39:15] [SEVERE ] removing card from slot 8
[2022-12-07 10:39:15] [SEVERE ] placing card 18 in slot 1
[2022-12-07 10:39:15] [SEVERE ] setting player 2 freeze to 0
[2022-12-07 10:39:15] [SEVERE ] placing card 43 in slot 3
[2022-12-07 10:39:15] [SEVERE ] placing card 26 in slot 8
[2022-12-07 10:39:15] [SEVERE ] removing player 0 token from slot 1
[2022-12-07 10:39:15] [SEVERE ] removing player 0 token from slot 3
[2022-12-07 10:39:15] [SEVERE ] removing player 0 token from slot 8
[2022-12-07 10:39:15] [SEVERE ] setting player 0 score to 3
[2022-12-07 10:39:15] [SEVERE ] setting player 0 freeze to 1000
[2022-12-07 10:39:15] [SEVERE ] player 2 placing token on slot 3
[2022-12-07 10:39:15] [SEVERE ] setting player 3 freeze to 0
[2022-12-07 10:39:15] [SEVERE ] setting player 1 freeze to 0
[2022-12-07 10:39:16] [SEVERE ] setting player 0 freeze to 88
[2022-12-07 10:39:16] [SEVERE ] player 3 placing token on slot 1
[2022-12-07 10:39:16] [SEVERE ] player 2 placing token on slot 9
[2022-12-07 10:39:16] [SEVERE ] player 1 placing token on slot 8
[2022-12-07 10:39:17] [SEVERE ] setting player 0 freeze to 0
[2022-12-07 10:39:17] [SEVERE ] player 0 placing token on slot 2
[2022-12-07 10:39:17] [SEVERE ] player 1 placing token on slot 5
[2022-12-07 10:39:17] [SEVERE ] player 3 placing token on slot 3
[2022-12-07 10:39:17] [SEVERE ] player 2 placing token on slot 8
[2022-12-07 10:39:17] [SEVERE ] removing player 2 token from slot 3
[2022-12-07 10:39:17] [SEVERE ] removing player 2 token from slot 9
[2022-12-07 10:39:17] [SEVERE ] removing player 2 token from slot 8
[2022-12-07 10:39:17] [SEVERE ] setting player 2 freeze to 5000
[2022-12-07 10:39:18] [SEVERE ] player 3 placing token on slot 5
[2022-12-07 10:39:18] [SEVERE ] player 0 placing token on slot 0
[2022-12-07 10:39:18] [SEVERE ] player 1 placing token on slot 4
[2022-12-07 10:39:18] [SEVERE ] setting player 2 freeze to 4089
[2022-12-07 10:39:18] [SEVERE ] removing player 1 token from slot 8
[2022-12-07 10:39:18] [SEVERE ] removing player 1 token from slot 5
[2022-12-07 10:39:18] [SEVERE ] removing player 1 token from slot 4
[2022-12-07 10:39:18] [SEVERE ] setting player 1 freeze to 5000
[2022-12-07 10:39:18] [SEVERE ] removing player 3 token from slot 1
[2022-12-07 10:39:18] [SEVERE ] removing player 3 token from slot 3
[2022-12-07 10:39:18] [SEVERE ] removing player 3 token from slot 5
[2022-12-07 10:39:18] [SEVERE ] setting player 3 freeze to 5000
[2022-12-07 10:39:19] [SEVERE ] setting player 2 freeze to 3185
[2022-12-07 10:39:19] [SEVERE ] player 0 placing token on slot 3
[2022-12-07 10:39:19] [SEVERE ] setting player 1 freeze to 4098
[2022-12-07 10:39:19] [SEVERE ] removing player 0 token from slot 2
[2022-12-07 10:39:19] [SEVERE ] removing player 0 token from slot 0
[2022-12-07 10:39:19] [SEVERE ] removing player 0 token from slot 3
[2022-12-07 10:39:19] [SEVERE ] setting player 0 freeze to 5000
[2022-12-07 10:39:19] [SEVERE ] setting player 3 freeze to 4098
[2022-12-07 10:39:20] [SEVERE ] setting player 0 freeze to 0
[2022-12-07 10:39:20] [SEVERE ] setting player 2 freeze to 0
[2022-12-07 10:39:20] [SEVERE ] setting player 1 freeze to 0
[2022-12-07 10:39:20] [SEVERE ] setting player 3 freeze to 0
[2022-12-07 10:39:20] [SEVERE ] placing card 24 in slot 0
[2022-12-07 10:39:20] [SEVERE ] placing card 64 in slot 1
[2022-12-07 10:39:20] [SEVERE ] placing card 20 in slot 2
[2022-12-07 10:39:20] [SEVERE ] placing card 76 in slot 3
[2022-12-07 10:39:20] [SEVERE ] placing card 7 in slot 4
[2022-12-07 10:39:21] [SEVERE ] placing card 21 in slot 5
[2022-12-07 10:39:21] [SEVERE ] placing card 46 in slot 6
[2022-12-07 10:39:21] [SEVERE ] placing card 13 in slot 7
[2022-12-07 10:39:21] [SEVERE ] placing card 41 in slot 8
[2022-12-07 10:39:21] [SEVERE ] placing card 58 in slot 9
[2022-12-07 10:39:21] [SEVERE ] placing card 12 in slot 10
[2022-12-07 10:39:21] [SEVERE ] placing card 26 in slot 11
[2022-12-07 10:39:22] [SEVERE ] player 3 placing token on slot 5
[2022-12-07 10:39:22] [SEVERE ] player 2 placing token on slot 3
[2022-12-07 10:39:22] [SEVERE ] player 0 placing token on slot 2
[2022-12-07 10:39:22] [SEVERE ] player 1 placing token on slot 0
[2022-12-07 10:39:23] [SEVERE ] player 2 placing token on slot 9
[2022-12-07 10:39:23] [SEVERE ] player 3 placing token on slot 1
[2022-12-07 10:39:23] [SEVERE ] removing player 0 token from slot 2
[2022-12-07 10:39:23] [SEVERE ] player 1 placing token on slot 10
[2022-12-07 10:39:24] [SEVERE ] player 1 placing token on slot 8
[2022-12-07 10:39:24] [SEVERE ] player 2 placing token on slot 2
[2022-12-07 10:39:24] [SEVERE ] player 0 placing token on slot 0
[2022-12-07 10:39:24] [SEVERE ] player 3 placing token on slot 4
[2022-12-07 10:39:24] [SEVERE ] removing player 1 token from slot 0
[2022-12-07 10:39:24] [SEVERE ] removing player 1 token from slot 10
[2022-12-07 10:39:24] [SEVERE ] removing player 1 token from slot 8
[2022-12-07 10:39:24] [SEVERE ] setting player 1 freeze to 5000
[2022-12-07 10:39:24] [SEVERE ] removing player 2 token from slot 3
[2022-12-07 10:39:24] [SEVERE ] removing player 2 token from slot 9
[2022-12-07 10:39:24] [SEVERE ] removing player 2 token from slot 2
[2022-12-07 10:39:24] [SEVERE ] setting player 2 freeze to 5000
[2022-12-07 10:39:24] [SEVERE ] removing player 3 token from slot 5
[2022-12-07 10:39:24] [SEVERE ] removing player 3 token from slot 1
[2022-12-07 10:39:24] [SEVERE ] removing player 3 token from slot 4
[2022-12-07 10:39:24] [SEVERE ] setting player 3 freeze to 5000
[2022-12-07 10:39:25] [SEVERE ] player 0 placing token on slot 3
[2022-12-07 10:39:25] [SEVERE ] setting player 1 freeze to 4094
[2022-12-07 10:39:25] [SEVERE ] setting player 2 freeze to 4097
[2022-12-07 10:39:25] [SEVERE ] setting player 3 freeze to 4096
[2022-12-07 10:39:26] [SEVERE ] setting player 1 freeze to 3183
[2022-12-07 10:39:26] [SEVERE ] player 0 placing token on slot 8
[2022-12-07 10:39:26] [SEVERE ] setting player 2 freeze to 3186
[2022-12-07 10:39:26] [SEVERE ] removing player 0 token from slot 0
[2022-12-07 10:39:26] [SEVERE ] removing player 0 token from slot 3
[2022-12-07 10:39:26] [SEVERE ] removing player 0 token from slot 8
[2022-12-07 10:39:26] [SEVERE ] setting player 0 freeze to 5000
[2022-12-07 10:39:26] [SEVERE ] setting player 3 freeze to 3187
[2022-12-07 10:39:26] [SEVERE ] setting player 3 freeze to 0
[2022-12-07 10:39:26] [SEVERE ] setting player 1 freeze to 0
[2022-12-07 10:39:26] [SEVERE ] setting player 0 freeze to 0
[2022-12-07 10:39:26] [SEVERE ] setting player 2 freeze to 0
[2022-12-07 10:39:26] [SEVERE ] placing card 70 in slot 0
[2022-12-07 10:39:26] [SEVERE ] placing card 14 in slot 1
[2022-12-07 10:39:27] [SEVERE ] placing card 75 in slot 2
[2022-12-07 10:39:27] [SEVERE ] placing card 31 in slot 3
[2022-12-07 10:39:27] [SEVERE ] placing card 25 in slot 4
[2022-12-07 10:39:27] [SEVERE ] placing card 21 in slot 5
[2022-12-07 10:39:27] [SEVERE ] placing card 10 in slot 6
[2022-12-07 10:39:27] [SEVERE ] placing card 50 in slot 7
[2022-12-07 10:39:27] [SEVERE ] placing card 44 in slot 8
[2022-12-07 10:39:27] [SEVERE ] placing card 2 in slot 9
[2022-12-07 10:39:27] [SEVERE ] placing card 72 in slot 10
[2022-12-07 10:39:28] [SEVERE ] placing card 12 in slot 11
[2022-12-07 10:39:28] [SEVERE ] player 1 placing token on slot 4
[2022-12-07 10:39:28] [SEVERE ] player 2 placing token on slot 8
[2022-12-07 10:39:28] [SEVERE ] player 3 placing token on slot 11
[2022-12-07 10:39:28] [SEVERE ] player 0 placing token on slot 1
[2022-12-07 10:39:29] [SEVERE ] player 2 placing token on slot 7
[2022-12-07 10:39:29] [SEVERE ] player 1 placing token on slot 0
[2022-12-07 10:39:29] [SEVERE ] player 3 placing token on slot 5
[2022-12-07 10:39:29] [SEVERE ] player 0 placing token on slot 7
[2022-12-07 10:39:30] [SEVERE ] player 0 placing token on slot 3
[2022-12-07 10:39:30] [SEVERE ] player 3 placing token on slot 4
[2022-12-07 10:39:30] [SEVERE ] player 2 placing token on slot 0
[2022-12-07 10:39:30] [SEVERE ] player 1 placing token on slot 7
[2022-12-07 10:39:30] [SEVERE ] removing player 2 token from slot 8
[2022-12-07 10:39:30] [SEVERE ] removing player 2 token from slot 7
[2022-12-07 10:39:30] [SEVERE ] removing player 2 token from slot 0
[2022-12-07 10:39:30] [SEVERE ] setting player 2 freeze to 5000
[2022-12-07 10:39:31] [SEVERE ] removing player 0 token from slot 1
[2022-12-07 10:39:31] [SEVERE ] removing player 0 token from slot 7
[2022-12-07 10:39:31] [SEVERE ] removing player 0 token from slot 3
[2022-12-07 10:39:31] [SEVERE ] setting player 0 freeze to 5000
[2022-12-07 10:39:31] [SEVERE ] removing player 3 token from slot 11
[2022-12-07 10:39:31] [SEVERE ] removing player 3 token from slot 5
[2022-12-07 10:39:31] [SEVERE ] removing player 3 token from slot 4
[2022-12-07 10:39:31] [SEVERE ] setting player 3 freeze to 5000
[2022-12-07 10:39:31] [SEVERE ] removing player 1 token from slot 4
[2022-12-07 10:39:31] [SEVERE ] removing player 1 token from slot 0
[2022-12-07 10:39:31] [SEVERE ] removing player 1 token from slot 7
[2022-12-07 10:39:31] [SEVERE ] setting player 1 freeze to 5000
[2022-12-07 10:39:31] [SEVERE ] setting player 2 freeze to 4090
[2022-12-07 10:39:31] [SEVERE ] setting player 0 freeze to 4090
[2022-12-07 10:39:32] [SEVERE ] setting player 3 freeze to 4090
[2022-12-07 10:39:32] [SEVERE ] setting player 1 freeze to 4094
[2022-12-07 10:39:32] [SEVERE ] setting player 2 freeze to 3182
[2022-12-07 10:39:32] [SEVERE ] setting player 0 freeze to 3180
[2022-12-07 10:39:32] [SEVERE ] setting player 3 freeze to 3181
[2022-12-07 10:39:33] [SEVERE ] setting player 1 freeze to 3185
[2022-12-07 10:39:33] [SEVERE ] setting player 1 freeze to 0
[2022-12-07 10:39:33] [SEVERE ] setting player 2 freeze to 0
[2022-12-07 10:39:33] [SEVERE ] setting player 0 freeze to 0
[2022-12-07 10:39:33] [SEVERE ] setting player 3 freeze to 0
[2022-12-07 10:39:33] [SEVERE ] placing card 75 in slot 0
[2022-12-07 10:39:33] [SEVERE ] placing card 34 in slot 1
[2022-12-07 10:39:33] [SEVERE ] placing card 35 in slot 2
[2022-12-07 10:39:33] [SEVERE ] placing card 6 in slot 3
[2022-12-07 10:39:33] [SEVERE ] placing card 25 in slot 4
[2022-12-07 10:39:33] [SEVERE ] placing card 60 in slot 5
[2022-12-07 10:39:33] [SEVERE ] placing card 46 in slot 6
[2022-12-07 10:39:33] [SEVERE ] placing card 21 in slot 7
[2022-12-07 10:39:34] [SEVERE ] placing card 30 in slot 8
[2022-12-07 10:39:34] [SEVERE ] placing card 15 in slot 9
[2022-12-07 10:39:34] [SEVERE ] placing card 72 in slot 10
[2022-12-07 10:39:34] [SEVERE ] placing card 50 in slot 11
[2022-12-07 10:39:35] [SEVERE ] player 1 placing token on slot 3
[2022-12-07 10:39:35] [SEVERE ] player 2 placing token on slot 0
[2022-12-07 10:39:35] [SEVERE ] player 0 placing token on slot 4
[2022-12-07 10:39:35] [SEVERE ] player 3 placing token on slot 5
[2022-12-07 10:39:36] [SEVERE ] player 0 placing token on slot 11
[2022-12-07 10:39:36] [SEVERE ] player 2 placing token on slot 5
[2022-12-07 10:39:36] [SEVERE ] player 1 placing token on slot 8
[2022-12-07 10:39:36] [SEVERE ] player 3 placing token on slot 1
[2022-12-07 10:39:37] [SEVERE ] removing player 2 token from slot 0
[2022-12-07 10:39:37] [SEVERE ] player 1 placing token on slot 7
[2022-12-07 10:39:37] [SEVERE ] player 0 placing token on slot 9
[2022-12-07 10:39:37] [SEVERE ] player 3 placing token on slot 6
[2022-12-07 10:39:37] [SEVERE ] removing player 0 token from slot 4
[2022-12-07 10:39:37] [SEVERE ] removing player 0 token from slot 11
[2022-12-07 10:39:37] [SEVERE ] removing player 0 token from slot 9
[2022-12-07 10:39:37] [SEVERE ] setting player 0 freeze to 5000
[2022-12-07 10:39:37] [SEVERE ] removing player 1 token from slot 3
[2022-12-07 10:39:37] [SEVERE ] removing player 1 token from slot 8
[2022-12-07 10:39:37] [SEVERE ] removing player 1 token from slot 7
[2022-12-07 10:39:37] [SEVERE ] setting player 1 freeze to 5000
[2022-12-07 10:39:37] [SEVERE ] removing card from slot 5
[2022-12-07 10:39:37] [SEVERE ] removing card from slot 1
[2022-12-07 10:39:37] [SEVERE ] removing card from slot 6
[2022-12-07 10:39:37] [SEVERE ] placing card 14 in slot 1
[2022-12-07 10:39:38] [SEVERE ] placing card 5 in slot 5
[2022-12-07 10:39:38] [SEVERE ] placing card 78 in slot 6
[2022-12-07 10:39:38] [SEVERE ] removing player 3 token from slot 5
[2022-12-07 10:39:38] [SEVERE ] removing player 3 token from slot 1
[2022-12-07 10:39:38] [SEVERE ] removing player 3 token from slot 6
[2022-12-07 10:39:38] [SEVERE ] setting player 3 score to 1
[2022-12-07 10:39:38] [SEVERE ] setting player 3 freeze to 1000
[2022-12-07 10:39:38] [SEVERE ] removing player 2 token from slot 5
[2022-12-07 10:39:38] [SEVERE ] player 2 placing token on slot 2
[2022-12-07 10:39:38] [SEVERE ] setting player 0 freeze to 4098
[2022-12-07 10:39:38] [SEVERE ] setting player 1 freeze to 4099
[2022-12-07 10:39:39] [SEVERE ] setting player 3 freeze to 100
[2022-12-07 10:39:39] [SEVERE ] setting player 0 freeze to 3194
[2022-12-07 10:39:39] [SEVERE ] setting player 1 freeze to 3194
[2022-12-07 10:39:39] [SEVERE ] player 2 placing token on slot 0
[2022-12-07 10:39:39] [SEVERE ] setting player 3 freeze to 0
[2022-12-07 10:39:39] [SEVERE ] setting player 0 freeze to 2289
[2022-12-07 10:39:40] [SEVERE ] setting player 1 freeze to 2289
[2022-12-07 10:39:40] [SEVERE ] player 2 placing token on slot 8
[2022-12-07 10:39:40] [SEVERE ] player 3 placing token on slot 7
[2022-12-07 10:39:40] [SEVERE ] removing player 2 token from slot 2
[2022-12-07 10:39:40] [SEVERE ] removing player 2 token from slot 0
[2022-12-07 10:39:40] [SEVERE ] removing player 2 token from slot 8
[2022-12-07 10:39:40] [SEVERE ] setting player 2 freeze to 5000
[2022-12-07 10:39:40] [SEVERE ] setting player 0 freeze to 1383
[2022-12-07 10:39:40] [SEVERE ] setting player 1 freeze to 1384
[2022-12-07 10:39:41] [SEVERE ] removing player 3 token from slot 7
[2022-12-07 10:39:41] [SEVERE ] setting player 2 freeze to 4095
[2022-12-07 10:39:41] [SEVERE ] setting player 0 freeze to 473
[2022-12-07 10:39:41] [SEVERE ] setting player 1 freeze to 472
[2022-12-07 10:39:42] [SEVERE ] setting player 2 freeze to 3184
[2022-12-07 10:39:42] [SEVERE ] player 3 placing token on slot 8
[2022-12-07 10:39:42] [SEVERE ] setting player 0 freeze to 0
[2022-12-07 10:39:42] [SEVERE ] setting player 1 freeze to 0
[2022-12-07 10:39:43] [SEVERE ] setting player 2 freeze to 2280
[2022-12-07 10:39:43] [SEVERE ] setting player 2 freeze to 0
[2022-12-07 10:39:43] [SEVERE ] removing player 3 token from slot 8
[2022-12-07 10:39:43] [SEVERE ] placing card 3 in slot 0
[2022-12-07 10:39:43] [SEVERE ] placing card 10 in slot 1
[2022-12-07 10:39:43] [SEVERE ] placing card 13 in slot 2
[2022-12-07 10:39:43] [SEVERE ] placing card 55 in slot 3
[2022-12-07 10:39:43] [SEVERE ] placing card 32 in slot 4
[2022-12-07 10:39:43] [SEVERE ] placing card 1 in slot 5
[2022-12-07 10:39:43] [SEVERE ] placing card 76 in slot 6
[2022-12-07 10:39:44] [SEVERE ] placing card 16 in slot 7
[2022-12-07 10:39:44] [SEVERE ] placing card 15 in slot 8
[2022-12-07 10:39:44] [SEVERE ] placing card 70 in slot 9
[2022-12-07 10:39:44] [SEVERE ] placing card 66 in slot 10
[2022-12-07 10:39:44] [SEVERE ] placing card 12 in slot 11
[2022-12-07 10:39:45] [SEVERE ] player 0 placing token on slot 6
[2022-12-07 10:39:45] [SEVERE ] player 2 placing token on slot 2
[2022-12-07 10:39:45] [SEVERE ] player 1 placing token on slot 9
[2022-12-07 10:39:45] [SEVERE ] player 3 placing token on slot 5
[2022-12-07 10:39:46] [SEVERE ] player 0 placing token on slot 5
[2022-12-07 10:39:46] [SEVERE ] player 3 placing token on slot 8
[2022-12-07 10:39:46] [SEVERE ] player 2 placing token on slot 9
[2022-12-07 10:39:46] [SEVERE ] player 1 placing token on slot 1
[2022-12-07 10:39:47] [SEVERE ] player 3 placing token on slot 6
[2022-12-07 10:39:47] [SEVERE ] player 0 placing token on slot 10
[2022-12-07 10:39:47] [SEVERE ] player 1 placing token on slot 2
[2022-12-07 10:39:47] [SEVERE ] player 2 placing token on slot 4
[2022-12-07 10:39:47] [SEVERE ] removing player 2 token from slot 2
[2022-12-07 10:39:47] [SEVERE ] removing player 2 token from slot 9
[2022-12-07 10:39:47] [SEVERE ] removing player 2 token from slot 4
[2022-12-07 10:39:47] [SEVERE ] setting player 2 freeze to 5000
[2022-12-07 10:39:47] [SEVERE ] removing player 3 token from slot 5
[2022-12-07 10:39:47] [SEVERE ] removing player 3 token from slot 8
[2022-12-07 10:39:47] [SEVERE ] removing player 3 token from slot 6
[2022-12-07 10:39:47] [SEVERE ] setting player 3 freeze to 5000
[2022-12-07 10:39:47] [SEVERE ] removing player 1 token from slot 9
[2022-12-07 10:39:47] [SEVERE ] removing player 1 token from slot 1
[2022-12-07 10:39:47] [SEVERE ] removing player 1 token from slot 2
[2022-12-07 10:39:47] [SEVERE ] setting player 1 freeze to 5000
[2022-12-07 10:39:47] [SEVERE ] removing player 0 token from slot 6
[2022-12-07 10:39:47] [SEVERE ] removing player 0 token from slot 5
[2022-12-07 10:39:47] [SEVERE ] removing player 0 token from slot 10
[2022-12-07 10:39:47] [SEVERE ] setting player 0 freeze to 5000
[2022-12-07 10:39:48] [SEVERE ] setting player 2 freeze to 4088
[2022-12-07 10:39:48] [SEVERE ] setting player 3 freeze to 4090
[2022-12-07 10:39:48] [SEVERE ] setting player 1 freeze to 4091
[2022-12-07 10:39:48] [SEVERE ] setting player 0 freeze to 4092
[2022-12-07 10:39:49] [SEVERE ] setting player 2 freeze to 3182
[2022-12-07 10:39:49] [SEVERE ] setting player 3 freeze to 3184
[2022-12-07 10:39:49] [SEVERE ] setting player 1 freeze to 3186
[2022-12-07 10:39:49] [SEVERE ] setting player 1 freeze to 0
[2022-12-07 10:39:49] [SEVERE ] setting player 2 freeze to 0
[2022-12-07 10:39:49] [SEVERE ] setting player 0 freeze to 0
[2022-12-07 10:39:49] [SEVERE ] setting player 3 freeze to 0
[2022-12-07 10:39:49] [SEVERE ] placing card 75 in slot 0
[2022-12-07 10:39:49] [SEVERE ] placing card 72 in slot 1
[2022-12-07 10:39:49] [SEVERE ] placing card 16 in slot 2
[2022-12-07 10:39:49] [SEVERE ] placing card 5 in slot 3
[2022-12-07 10:39:50] [SEVERE ] placing card 21 in slot 4
[2022-12-07 10:39:50] [SEVERE ] placing card 40 in slot 5
[2022-12-07 10:39:50] [SEVERE ] placing card 58 in slot 6
[2022-12-07 10:39:50] [SEVERE ] placing card 51 in slot 7
[2022-12-07 10:39:50] [SEVERE ] placing card 26 in slot 8
[2022-12-07 10:39:50] [SEVERE ] placing card 14 in slot 9
[2022-12-07 10:39:50] [SEVERE ] placing card 31 in slot 10
[2022-12-07 10:39:50] [SEVERE ] placing card 68 in slot 11
[2022-12-07 10:39:51] [SEVERE ] player 2 placing token on slot 2
[2022-12-07 10:39:51] [SEVERE ] player 3 placing token on slot 6
[2022-12-07 10:39:51] [SEVERE ] player 1 placing token on slot 4
[2022-12-07 10:39:51] [SEVERE ] player 0 placing token on slot 9
[2022-12-07 10:39:52] [SEVERE ] player 2 placing token on slot 5
[2022-12-07 10:39:52] [SEVERE ] player 1 placing token on slot 10
[2022-12-07 10:39:52] [SEVERE ] player 3 placing token on slot 11
[2022-12-07 10:39:52] [SEVERE ] player 0 placing token on slot 8
[2022-12-07 10:39:53] [SEVERE ] player 2 placing token on slot 1
[2022-12-07 10:39:53] [SEVERE ] player 1 placing token on slot 8
[2022-12-07 10:39:53] [SEVERE ] player 0 placing token on slot 1
[2022-12-07 10:39:53] [SEVERE ] player 3 placing token on slot 2
[2022-12-07 10:39:53] [SEVERE ] removing player 2 token from slot 2
[2022-12-07 10:39:53] [SEVERE ] removing player 2 token from slot 5
[2022-12-07 10:39:53] [SEVERE ] removing player 2 token from slot 1
[2022-12-07 10:39:53] [SEVERE ] setting player 2 freeze to 5000
[2022-12-07 10:39:53] [SEVERE ] removing player 0 token from slot 9
[2022-12-07 10:39:53] [SEVERE ] removing player 0 token from slot 8
[2022-12-07 10:39:53] [SEVERE ] removing player 0 token from slot 1
[2022-12-07 10:39:53] [SEVERE ] setting player 0 freeze to 5000
[2022-12-07 10:39:53] [SEVERE ] removing player 3 token from slot 6
[2022-12-07 10:39:53] [SEVERE ] removing player 3 token from slot 11
[2022-12-07 10:39:53] [SEVERE ] removing player 3 token from slot 2
[2022-12-07 10:39:53] [SEVERE ] setting player 3 freeze to 5000
[2022-12-07 10:39:53] [SEVERE ] removing player 1 token from slot 4
[2022-12-07 10:39:53] [SEVERE ] removing player 1 token from slot 10
[2022-12-07 10:39:53] [SEVERE ] removing player 1 token from slot 8
[2022-12-07 10:39:53] [SEVERE ] setting player 1 freeze to 5000
[2022-12-07 10:39:54] [SEVERE ] setting player 2 freeze to 4093
[2022-12-07 10:39:54] [SEVERE ] setting player 0 freeze to 4086
[2022-12-07 10:39:54] [SEVERE ] setting player 3 freeze to 4095
[2022-12-07 10:39:54] [SEVERE ] setting player 1 freeze to 4092
[2022-12-07 10:39:55] [SEVERE ] setting player 2 freeze to 3180
[2022-12-07 10:39:55] [SEVERE ] setting player 0 freeze to 3173
[2022-12-07 10:39:55] [SEVERE ] setting player 3 freeze to 3187
[2022-12-07 10:39:55] [SEVERE ] setting player 1 freeze to 3179
[2022-12-07 10:39:55] [SEVERE ] setting player 0 freeze to 0
[2022-12-07 10:39:55] [SEVERE ] setting player 1 freeze to 0
[2022-12-07 10:39:55] [SEVERE ] setting player 3 freeze to 0
[2022-12-07 10:39:55] [SEVERE ] setting player 2 freeze to 0
[2022-12-07 10:39:55] [SEVERE ] placing card 51 in slot 0
[2022-12-07 10:39:56] [SEVERE ] placing card 6 in slot 1
[2022-12-07 10:39:56] [SEVERE ] placing card 17 in slot 2
[2022-12-07 10:39:56] [SEVERE ] placing card 0 in slot 3
[2022-12-07 10:39:56] [SEVERE ] placing card 3 in slot 4
[2022-12-07 10:39:56] [SEVERE ] placing card 8 in slot 5
[2022-12-07 10:39:56] [SEVERE ] placing card 66 in slot 6
[2022-12-07 10:39:56] [SEVERE ] placing card 15 in slot 7
[2022-12-07 10:39:56] [SEVERE ] placing card 58 in slot 8
[2022-12-07 10:39:56] [SEVERE ] placing card 30 in slot 9
[2022-12-07 10:39:57] [SEVERE ] placing card 73 in slot 10
[2022-12-07 10:39:57] [SEVERE ] placing card 38 in slot 11
[2022-12-07 10:39:57] [SEVERE ] player 1 placing token on slot 0
[2022-12-07 10:39:57] [SEVERE ] player 2 placing token on slot 8
[2022-12-07 10:39:57] [SEVERE ] player 3 placing token on slot 3
[2022-12-07 10:39:57] [SEVERE ] player 0 placing token on slot 5
[2022-12-07 10:39:58] [SEVERE ] player 2 placing token on slot 2
[2022-12-07 10:39:58] [SEVERE ] player 3 placing token on slot 0
[2022-12-07 10:39:58] [SEVERE ] player 0 placing token on slot 11
[2022-12-07 10:39:58] [SEVERE ] removing player 1 token from slot 0
[2022-12-07 10:39:59] [SEVERE ] player 1 placing token on slot 2
[2022-12-07 10:39:59] [SEVERE ] player 0 placing token on slot 1
[2022-12-07 10:39:59] [SEVERE ] player 3 placing token on slot 1
[2022-12-07 10:39:59] [SEVERE ] removing player 2 token from slot 8
[2022-12-07 10:39:59] [SEVERE ] removing player 0 token from slot 5
[2022-12-07 10:39:59] [SEVERE ] removing player 0 token from slot 11
[2022-12-07 10:39:59] [SEVERE ] removing player 0 token from slot 1
[2022-12-07 10:39:59] [SEVERE ] setting player 0 freeze to 5000
[2022-12-07 10:40:00] [SEVERE ] removing player 3 token from slot 3
[2022-12-07 10:40:00] [SEVERE ] removing player 3 token from slot 0
[2022-12-07 10:40:00] [SEVERE ] removing player 3 token from slot 1
[2022-12-07 10:40:00] [SEVERE ] setting player 3 freeze to 5000
[2022-12-07 10:40:00] [SEVERE ] player 1 placing token on slot 0
[2022-12-07 10:40:00] [SEVERE ] setting player 0 freeze to 4090
[2022-12-07 10:40:00] [SEVERE ] player 2 placing token on slot 9
[2022-12-07 10:40:00] [SEVERE ] setting player 3 freeze to 4092
[2022-12-07 10:40:01] [SEVERE ] setting player 0 freeze to 3180
[2022-12-07 10:40:01] [SEVERE ] player 2 placing token on slot 10
[2022-12-07 10:40:01] [SEVERE ] player 1 placing token on slot 5
[2022-12-07 10:40:01] [SEVERE ] setting player 3 freeze to 3181
[2022-12-07 10:40:01] [SEVERE ] removing player 2 token from slot 2
[2022-12-07 10:40:01] [SEVERE ] removing player 2 token from slot 9
[2022-12-07 10:40:01] [SEVERE ] removing player 2 token from slot 10
[2022-12-07 10:40:01] [SEVERE ] setting player 2 freeze to 5000
[2022-12-07 10:40:02] [SEVERE ] removing player 1 token from slot 2
[2022-12-07 10:40:02] [SEVERE ] removing player 1 token from slot 0
[2022-12-07 10:40:02] [SEVERE ] removing player 1 token from slot 5
[2022-12-07 10:40:02] [SEVERE ] setting player 1 freeze to 5000
[2022-12-07 10:40:02] [SEVERE ] setting player 1 freeze to 0
[2022-12-07 10:40:02] [SEVERE ] setting player 3 freeze to 0
[2022-12-07 10:40:02] [SEVERE ] setting player 0 freeze to 0
[2022-12-07 10:40:02] [SEVERE ] setting player 2 freeze to 0
[2022-12-07 10:40:02] [SEVERE ] placing card 8 in slot 0
[2022-12-07 10:40:02] [SEVERE ] placing card 0 in slot 1
[2022-12-07 10:40:02] [SEVERE ] placing card 71 in slot 2
[2022-12-07 10:40:02] [SEVERE ] placing card 36 in slot 3
[2022-12-07 10:40:02] [SEVERE ] placing card 59 in slot 4
[2022-12-07 10:40:02] [SEVERE ] placing card 70 in slot 5
[2022-12-07 10:40:02] [SEVERE ] placing card 68 in slot 6
[2022-12-07 10:40:03] [SEVERE ] placing card 2 in slot 7
[2022-12-07 10:40:03] [SEVERE ] placing card 48 in slot 8
[2022-12-07 10:40:03] [SEVERE ] placing card 44 in slot 9
[2022-12-07 10:40:03] [SEVERE ] placing card 5 in slot 10
[2022-12-07 10:40:03] [SEVERE ] placing card 64 in slot 11
[2022-12-07 10:40:04] [SEVERE ] player 2 placing token on slot 9
[2022-12-07 10:40:04] [SEVERE ] player 1 placing token on slot 2
[2022-12-07 10:40:04] [SEVERE ] player 3 placing token on slot 2
[2022-12-07 10:40:04] [SEVERE ] player 0 placing token on slot 6
[2022-12-07 10:40:05] [SEVERE ] player 1 placing token on slot 10
[2022-12-07 10:40:05] [SEVERE ] player 3 placing token on slot 0
[2022-12-07 10:40:05] [SEVERE ] player 0 placing token on slot 0
[2022-12-07 10:40:05] [SEVERE ] player 2 placing token on slot 1
[2022-12-07 10:40:06] [SEVERE ] player 1 placing token on slot 9
[2022-12-07 10:40:06] [SEVERE ] player 0 placing token on slot 11
[2022-12-07 10:40:06] [SEVERE ] removing player 2 token from slot 1
[2022-12-07 10:40:06] [SEVERE ] removing player 3 token from slot 2
[2022-12-07 10:40:06] [SEVERE ] removing player 0 token from slot 6
[2022-12-07 10:40:06] [SEVERE ] removing player 0 token from slot 0
[2022-12-07 10:40:06] [SEVERE ] removing player 0 token from slot 11
[2022-12-07 10:40:06] [SEVERE ] setting player 0 freeze to 5000
[2022-12-07 10:40:06] [SEVERE ] removing player 1 token from slot 2
[2022-12-07 10:40:06] [SEVERE ] removing player 1 token from slot 10
[2022-12-07 10:40:06] [SEVERE ] removing player 1 token from slot 9
[2022-12-07 10:40:06] [SEVERE ] setting player 1 freeze to 5000
[2022-12-07 10:40:07] [SEVERE ] player 2 placing token on slot 8
[2022-12-07 10:40:07] [SEVERE ] player 3 placing token on slot 7
[2022-12-07 10:40:07] [SEVERE ] setting player 0 freeze to 4094
[2022-12-07 10:40:07] [SEVERE ] setting player 1 freeze to 4090
[2022-12-07 10:40:08] [SEVERE ] setting player 0 freeze to 3184
[2022-12-07 10:40:08] [SEVERE ] player 3 placing token on slot 5
[2022-12-07 10:40:08] [SEVERE ] player 2 placing token on slot 4
[2022-12-07 10:40:08] [SEVERE ] setting player 1 freeze to 3175
[2022-12-07 10:40:08] [SEVERE ] removing card from slot 0
[2022-12-07 10:40:08] [SEVERE ] removing card from slot 7
[2022-12-07 10:40:08] [SEVERE ] removing card from slot 5
[2022-12-07 10:40:08] [SEVERE ] placing card 78 in slot 0
[2022-12-07 10:40:08] [SEVERE ] placing card 26 in slot 5
[2022-12-07 10:40:08] [SEVERE ] placing card 38 in slot 7
[2022-12-07 10:40:08] [SEVERE ] removing player 2 token from slot 9
[2022-12-07 10:40:08] [SEVERE ] removing player 2 token from slot 8
[2022-12-07 10:40:08] [SEVERE ] removing player 2 token from slot 4
[2022-12-07 10:40:08] [SEVERE ] setting player 2 freeze to 5000
[2022-12-07 10:40:08] [SEVERE ] removing player 3 token from slot 0
[2022-12-07 10:40:08] [SEVERE ] removing player 3 token from slot 7
[2022-12-07 10:40:08] [SEVERE ] removing player 3 token from slot 5
[2022-12-07 10:40:08] [SEVERE ] setting player 3 score to 2
[2022-12-07 10:40:08] [SEVERE ] setting player 3 freeze to 1000
[2022-12-07 10:40:09] [SEVERE ] setting player 0 freeze to 2284
[2022-12-07 10:40:09] [SEVERE ] setting player 1 freeze to 2264
[2022-12-07 10:40:09] [SEVERE ] setting player 3 freeze to 95
[2022-12-07 10:40:09] [SEVERE ] setting player 2 freeze to 4095
[2022-12-07 10:40:09] [SEVERE ] setting player 0 freeze to 1381
[2022-12-07 10:40:10] [SEVERE ] setting player 1 freeze to 1353
[2022-12-07 10:40:10] [SEVERE ] setting player 2 freeze to 3185
[2022-12-07 10:40:10] [SEVERE ] setting player 3 freeze to 0
[2022-12-07 10:40:10] [SEVERE ] setting player 0 freeze to 469
[2022-12-07 10:40:10] [SEVERE ] setting player 1 freeze to 450
[2022-12-07 10:40:11] [SEVERE ] player 3 placing token on slot 11
[2022-12-07 10:40:11] [SEVERE ] setting player 2 freeze to 2278
[2022-12-07 10:40:11] [SEVERE ] setting player 0 freeze to 0
[2022-12-07 10:40:11] [SEVERE ] setting player 1 freeze to 0
[2022-12-07 10:40:12] [SEVERE ] player 1 placing token on slot 1
[2022-12-07 10:40:12] [SEVERE ] player 0 placing token on slot 8
[2022-12-07 10:40:12] [SEVERE ] player 3 placing token on slot 5
[2022-12-07 10:40:12] [SEVERE ] setting player 2 freeze to 1377
[2022-12-07 10:40:13] [SEVERE ] player 0 placing token on slot 5
[2022-12-07 10:40:13] [SEVERE ] player 1 placing token on slot 6
[2022-12-07 10:40:13] [SEVERE ] player 3 placing token on slot 10
[2022-12-07 10:40:13] [SEVERE ] removing player 3 token from slot 11
[2022-12-07 10:40:13] [SEVERE ] removing player 3 token from slot 5
[2022-12-07 10:40:13] [SEVERE ] removing player 3 token from slot 10
[2022-12-07 10:40:13] [SEVERE ] setting player 3 freeze to 5000
[2022-12-07 10:40:13] [SEVERE ] setting player 2 freeze to 475
[2022-12-07 10:40:13] [SEVERE ] removing player 0 token from slot 8
[2022-12-07 10:40:13] [SEVERE ] setting player 2 freeze to 0
[2022-12-07 10:40:13] [SEVERE ] removing player 0 token from slot 5
[2022-12-07 10:40:13] [SEVERE ] removing player 1 token from slot 1
[2022-12-07 10:40:13] [SEVERE ] setting player 3 freeze to 0
[2022-12-07 10:40:13] [SEVERE ] removing player 1 token from slot 6
[2022-12-07 10:40:14] [SEVERE ] placing card 53 in slot 0
[2022-12-07 10:40:14] [SEVERE ] placing card 80 in slot 1
[2022-12-07 10:40:14] [SEVERE ] placing card 13 in slot 2
[2022-12-07 10:40:14] [SEVERE ] placing card 43 in slot 3
[2022-12-07 10:40:14] [SEVERE ] placing card 37 in slot 4
[2022-12-07 10:40:14] [SEVERE ] placing card 47 in slot 5
[2022-12-07 10:40:14] [SEVERE ] placing card 76 in slot 6
[2022-12-07 10:40:14] [SEVERE ] placing card 30 in slot 7
[2022-12-07 10:40:14] [SEVERE ] placing card 59 in slot 8
[2022-12-07 10:40:15] [SEVERE ] placing card 58 in slot 9
[2022-12-07 10:40:15] [SEVERE ] placing card 1 in slot 10
[2022-12-07 10:40:15] [SEVERE ] placing card 3 in slot 11
[2022-12-07 10:40:15] [SEVERE ] player 3 placing token on slot 3
[2022-12-07 10:40:16] [SEVERE ] player 2 placing token on slot 1
[2022-12-07 10:40:16] [SEVERE ] player 1 placing token on slot 11
[2022-12-07 10:40:16] [SEVERE ] player 0 placing token on slot 1
[2022-12-07 10:40:17] [SEVERE ] player 2 placing token on slot 8
[2022-12-07 10:40:17] [SEVERE ] player 1 placing token on slot 6
[2022-12-07 10:40:17] [SEVERE ] player 0 placing token on slot 11
[2022-12-07 10:40:17] [SEVERE ] player 3 placing token on slot 2
[2022-12-07 10:40:18] [SEVERE ] player 1 placing token on slot 5
[2022-12-07 10:40:18] [SEVERE ] player 2 placing token on slot 2
[2022-12-07 10:40:18] [SEVERE ] player 3 placing token on slot 10
[2022-12-07 10:40:18] [SEVERE ] removing player 0 token from slot 1
[2022-12-07 10:40:18] [SEVERE ] removing player 3 token from slot 3
[2022-12-07 10:40:18] [SEVERE ] removing player 3 token from slot 2
[2022-12-07 10:40:18] [SEVERE ] removing player 3 token from slot 10
[2022-12-07 10:40:18] [SEVERE ] setting player 3 freeze to 5000
[2022-12-07 10:40:18] [SEVERE ] removing player 2 token from slot 1
[2022-12-07 10:40:18] [SEVERE ] removing player 2 token from slot 8
[2022-12-07 10:40:18] [SEVERE ] removing player 2 token from slot 2
[2022-12-07 10:40:18] [SEVERE ] setting player 2 freeze to 5000
[2022-12-07 10:40:18] [SEVERE ] removing player 1 token from slot 11
[2022-12-07 10:40:18] [SEVERE ] removing player 1 token from slot 6
[2022-12-07 10:40:18] [SEVERE ] removing player 1 token from slot 5
[2022-12-07 10:40:18] [SEVERE ] setting player 1 freeze to 5000
[2022-12-07 10:40:19] [SEVERE ] player 0 placing token on slot 7
[2022-12-07 10:40:19] [SEVERE ] setting player 3 freeze to 4091
[2022-12-07 10:40:19] [SEVERE ] setting player 2 freeze to 4096
[2022-12-07 10:40:19] [SEVERE ] setting player 1 freeze to 4095
[2022-12-07 10:40:19] [SEVERE ] setting player 3 freeze to 3176
[2022-12-07 10:40:20] [SEVERE ] player 0 placing token on slot 4
[2022-12-07 10:40:20] [SEVERE ] setting player 2 freeze to 3188
[2022-12-07 10:40:20] [SEVERE ] removing player 0 token from slot 11
[2022-12-07 10:40:20] [SEVERE ] removing player 0 token from slot 7
[2022-12-07 10:40:20] [SEVERE ] removing player 0 token from slot 4
[2022-12-07 10:40:20] [SEVERE ] setting player 0 freeze to 5000
[2022-12-07 10:40:20] [SEVERE ] setting player 1 freeze to 3191
[2022-12-07 10:40:20] [SEVERE ] setting player 1 freeze to 0
[2022-12-07 10:40:20] [SEVERE ] setting player 2 freeze to 0
[2022-12-07 10:40:20] [SEVERE ] setting player 0 freeze to 0
[2022-12-07 10:40:20] [SEVERE ] setting player 3 freeze to 0
[2022-12-07 10:40:20] [SEVERE ] placing card 16 in slot 0
[2022-12-07 10:40:20] [SEVERE ] placing card 18 in slot 1
[2022-12-07 10:40:20] [SEVERE ] placing card 40 in slot 2
[2022-12-07 10:40:20] [SEVERE ] placing card 59 in slot 3
[2022-12-07 10:40:20] [SEVERE ] placing card 36 in slot 4
[2022-12-07 10:40:20] [SEVERE ] placing card 21 in slot 5
[2022-12-07 10:40:21] [SEVERE ] placing card 71 in slot 6
[2022-12-07 10:40:21] [SEVERE ] placing card 52 in slot 7
[2022-12-07 10:40:21] [SEVERE ] placing card 31 in slot 8
[2022-12-07 10:40:21] [SEVERE ] placing card 7 in slot 9
[2022-12-07 10:40:21] [SEVERE ] placing card 10 in slot 10
[2022-12-07 10:40:21] [SEVERE ] placing card 25 in slot 11
[2022-12-07 10:40:22] [SEVERE ] player 1 placing token on slot 5
[2022-12-07 10:40:22] [SEVERE ] player 3 placing token on slot 4
[2022-12-07 10:40:22] [SEVERE ] player 2 placing token on slot 3
[2022-12-07 10:40:22] [SEVERE ] player 0 placing token on slot 6
[2022-12-07 10:40:23] [SEVERE ] player 0 placing token on slot 0
[2022-12-07 10:40:23] [SEVERE ] removing player 3 token from slot 4
[2022-12-07 10:40:23] [SEVERE ] player 1 placing token on slot 1
[2022-12-07 10:40:23] [SEVERE ] player 2 placing token on slot 9
[2022-12-07 10:40:24] [SEVERE ] player 1 placing token on slot 0
[2022-12-07 10:40:24] [SEVERE ] player 3 placing token on slot 5
[2022-12-07 10:40:24] [SEVERE ] player 2 placing token on slot 8
[2022-12-07 10:40:24] [SEVERE ] player 0 placing token on slot 7
[2022-12-07 10:40:24] [SEVERE ] removing player 1 token from slot 5
[2022-12-07 10:40:24] [SEVERE ] removing player 1 token from slot 1
[2022-12-07 10:40:24] [SEVERE ] removing player 1 token from slot 0
[2022-12-07 10:40:24] [SEVERE ] setting player 1 freeze to 5000
[2022-12-07 10:40:24] [SEVERE ] removing player 2 token from slot 3
[2022-12-07 10:40:24] [SEVERE ] removing player 2 token from slot 9
[2022-12-07 10:40:24] [SEVERE ] removing player 2 token from slot 8
[2022-12-07 10:40:24] [SEVERE ] setting player 2 freeze to 5000
[2022-12-07 10:40:25] [SEVERE ] removing player 0 token from slot 6
[2022-12-07 10:40:25] [SEVERE ] player 3 placing token on slot 0
[2022-12-07 10:40:25] [SEVERE ] removing player 0 token from slot 0
[2022-12-07 10:40:25] [SEVERE ] removing player 0 token from slot 7
[2022-12-07 10:40:25] [SEVERE ] setting player 0 freeze to 5000
[2022-12-07 10:40:25] [SEVERE ] setting player 1 freeze to 4085
[2022-12-07 10:40:25] [SEVERE ] setting player 2 freeze to 4093
[2022-12-07 10:40:26] [SEVERE ] setting player 0 freeze to 4086
[2022-12-07 10:40:26] [SEVERE ] setting player 1 freeze to 3179
[2022-12-07 10:40:26] [SEVERE ] player 3 placing token on slot 2
[2022-12-07 10:40:26] [SEVERE ] removing player 3 token from slot 5
[2022-12-07 10:40:26] [SEVERE ] removing player 3 token from slot 0
[2022-12-07 10:40:26] [SEVERE ] removing player 3 token from slot 2
[2022-12-07 10:40:26] [SEVERE ] setting player 3 freeze to 5000
[2022-12-07 10:40:26] [SEVERE ] setting player 2 freeze to 3184
[2022-12-07 10:40:26] [SEVERE ] setting player 0 freeze to 0
[2022-12-07 10:40:26] [SEVERE ] setting player 3 freeze to 0
[2022-12-07 10:40:26] [SEVERE ] setting player 2 freeze to 0
[2022-12-07 10:40:26] [SEVERE ] setting player 1 freeze to 0
[2022-12-07 10:40:26] [SEVERE ] placing card 72 in slot 0
[2022-12-07 10:40:26] [SEVERE ] placing card 39 in slot 1
[2022-12-07 10:40:26] [SEVERE ] placing card 16 in slot 2
[2022-12-07 10:40:27] [SEVERE ] placing card 47 in slot 3
[2022-12-07 10:40:27] [SEVERE ] placing card 48 in slot 4
[2022-12-07 10:40:27] [SEVERE ] placing card 63 in slot 5
[2022-12-07 10:40:27] [SEVERE ] placing card 25 in slot 6
[2022-12-07 10:40:27] [SEVERE ] placing card 53 in slot 7
[2022-12-07 10:40:27] [SEVERE ] placing card 68 in slot 8
[2022-12-07 10:40:27] [SEVERE ] placing card 65 in slot 9
[2022-12-07 10:40:27] [SEVERE ] placing card 38 in slot 10
[2022-12-07 10:40:27] [SEVERE ] placing card 78 in slot 11
[2022-12-07 10:40:28] [SEVERE ] player 0 placing token on slot 7
[2022-12-07 10:40:28] [SEVERE ] player 2 placing token on slot 9
[2022-12-07 10:40:28] [SEVERE ] player 3 placing token on slot 6
[2022-12-07 10:40:28] [SEVERE ] player 1 placing token on slot 4
[2022-12-07 10:40:29] [SEVERE ] player 0 placing token on slot 1
[2022-12-07 10:40:29] [SEVERE ] player 1 placing token on slot 1
[2022-12-07 10:40:29] [SEVERE ] player 2 placing token on slot 8
[2022-12-07 10:40:29] [SEVERE ] player 3 placing token on slot 10
[2022-12-07 10:40:30] [SEVERE ] player 1 placing token on slot 5
[2022-12-07 10:40:30] [SEVERE ] removing player 0 token from slot 7
[2022-12-07 10:40:30] [SEVERE ] player 3 placing token on slot 4
[2022-12-07 10:40:30] [SEVERE ] player 2 placing token on slot 5
[2022-12-07 10:40:30] [SEVERE ] removing player 3 token from slot 6
[2022-12-07 10:40:30] [SEVERE ] removing player 3 token from slot 10
[2022-12-07 10:40:30] [SEVERE ] removing player 3 token from slot 4
[2022-12-07 10:40:30] [SEVERE ] setting player 3 freeze to 5000
[2022-12-07 10:40:30] [SEVERE ] removing player 2 token from slot 9
[2022-12-07 10:40:30] [SEVERE ] removing player 2 token from slot 8
[2022-12-07 10:40:30] [SEVERE ] removing player 2 token from slot 5
[2022-12-07 10:40:30] [SEVERE ] setting player 2 freeze to 5000
[2022-12-07 10:40:30] [SEVERE ] removing player 1 token from slot 4
[2022-12-07 10:40:30] [SEVERE ] removing player 1 token from slot 1
[2022-12-07 10:40:30] [SEVERE ] removing player 1 token from slot 5
[2022-12-07 10:40:30] [SEVERE ] setting player 1 freeze to 5000
[2022-12-07 10:40:31] [SEVERE ] player 0 placing token on slot 7
[2022-12-07 10:40:31] [SEVERE ] setting player 3 freeze to 4094
[2022-12-07 10:40:31] [SEVERE ] setting player 2 freeze to 4094
[2022-12-07 10:40:31] [SEVERE ] setting player 1 freeze to 4093
[2022-12-07 10:40:32] [SEVERE ] setting player 3 freeze to 3180
[2022-12-07 10:40:32] [SEVERE ] player 0 placing token on slot 10
[2022-12-07 10:40:32] [SEVERE ] setting player 2 freeze to 3194
[2022-12-07 10:40:32] [SEVERE ] removing player 0 token from slot 1
[2022-12-07 10:40:32] [SEVERE ] removing player 0 token from slot 7
[2022-12-07 10:40:32] [SEVERE ] removing player 0 token from slot 10
[2022-12-07 10:40:32] [SEVERE ] setting player 0 freeze to 5000
[2022-12-07 10:40:32] [SEVERE ] setting player 1 freeze to 3180
[2022-12-07 10:40:32] [SEVERE ] setting player 0 freeze to 0
[2022-12-07 10:40:32] [SEVERE ] setting player 1 freeze to 0
[2022-12-07 10:40:32] [SEVERE ] setting player 2 freeze to 0
[2022-12-07 10:40:32] [SEVERE ] setting player 3 freeze to 0
[2022-12-07 10:40:33] [SEVERE ] placing card 61 in slot 0
[2022-12-07 10:40:33] [SEVERE ] placing card 30 in slot 1
[2022-12-07 10:40:33] [SEVERE ] placing card 48 in slot 2
[2022-12-07 10:40:33] [SEVERE ] placing card 3 in slot 3
[2022-12-07 10:40:33] [SEVERE ] placing card 41 in slot 4
[2022-12-07 10:40:33] [SEVERE ] placing card 21 in slot 5
[2022-12-07 10:40:33] [SEVERE ] placing card 65 in slot 6
[2022-12-07 10:40:33] [SEVERE ] placing card 38 in slot 7
[2022-12-07 10:40:33] [SEVERE ] placing card 69 in slot 8
[2022-12-07 10:40:33] [SEVERE ] placing card 76 in slot 9
[2022-12-07 10:40:34] [SEVERE ] placing card 66 in slot 10
[2022-12-07 10:40:34] [SEVERE ] placing card 78 in slot 11
[2022-12-07 10:40:34] [SEVERE ] player 2 placing token on slot 4
[2022-12-07 10:40:34] [SEVERE ] player 0 placing token on slot 7
[2022-12-07 10:40:34] [SEVERE ] player 3 placing token on slot 4
[2022-12-07 10:40:34] [SEVERE ] player 1 placing token on slot 0
[2022-12-07 10:40:35] [SEVERE ] player 0 placing token on slot 5
[2022-12-07 10:40:35] [SEVERE ] player 2 placing token on slot 9
[2022-12-07 10:40:35] [SEVERE ] player 3 placing token on slot 2
[2022-12-07 10:40:35] [SEVERE ] player 1 placing token on slot 3
[2022-12-07 10:40:36] [SEVERE ] player 1 placing token on slot 7
[2022-12-07 10:40:36] [SEVERE ] player 3 placing token on slot 3
[2022-12-07 10:40:36] [SEVERE ] player 2 placing token on slot 2
[2022-12-07 10:40:36] [SEVERE ] player 0 placing token on slot 11
[2022-12-07 10:40:37] [SEVERE ] removing player 1 token from slot 0
[2022-12-07 10:40:37] [SEVERE ] removing player 1 token from slot 3
[2022-12-07 10:40:37] [SEVERE ] removing player 1 token from slot 7
[2022-12-07 10:40:37] [SEVERE ] setting player 1 freeze to 5000
[2022-12-07 10:40:37] [SEVERE ] removing player 0 token from slot 7
[2022-12-07 10:40:37] [SEVERE ] removing player 0 token from slot 5
[2022-12-07 10:40:37] [SEVERE ] removing player 0 token from slot 11
[2022-12-07 10:40:37] [SEVERE ] setting player 0 freeze to 5000
[2022-12-07 10:40:37] [SEVERE ] removing player 3 token from slot 4
[2022-12-07 10:40:37] [SEVERE ] removing player 3 token from slot 2
[2022-12-07 10:40:37] [SEVERE ] removing player 3 token from slot 3
[2022-12-07 10:40:37] [SEVERE ] setting player 3 freeze to 5000
[2022-12-07 10:40:37] [SEVERE ] removing player 2 token from slot 4
[2022-12-07 10:40:37] [SEVERE ] removing player 2 token from slot 9
[2022-12-07 10:40:37] [SEVERE ] removing player 2 token from slot 2
[2022-12-07 10:40:37] [SEVERE ] setting player 2 freeze to 5000
[2022-12-07 10:40:37] [SEVERE ] setting player 1 freeze to 4087
[2022-12-07 10:40:38] [SEVERE ] setting player 0 freeze to 4085
[2022-12-07 10:40:38] [SEVERE ] setting player 3 freeze to 4089
[2022-12-07 10:40:38] [SEVERE ] setting player 2 freeze to 4094
[2022-12-07 10:40:38] [SEVERE ] setting player 1 freeze to 3184
[2022-12-07 10:40:39] [SEVERE ] setting player 0 freeze to 3178
[2022-12-07 10:40:39] [SEVERE ] setting player 3 freeze to 3188
[2022-12-07 10:40:39] [SEVERE ] setting player 2 freeze to 3186
[2022-12-07 10:40:39] [SEVERE ] setting player 1 freeze to 0
[2022-12-07 10:40:39] [SEVERE ] setting player 0 freeze to 0
[2022-12-07 10:40:39] [SEVERE ] setting player 3 freeze to 0
[2022-12-07 10:40:39] [SEVERE ] placing card 9 in slot 0
[2022-12-07 10:40:39] [SEVERE ] placing card 31 in slot 1
[2022-12-07 10:40:39] [SEVERE ] placing card 32 in slot 2
[2022-12-07 10:40:39] [SEVERE ] placing card 44 in slot 3
[2022-12-07 10:40:39] [SEVERE ] placing card 10 in slot 4
[2022-12-07 10:40:39] [SEVERE ] placing card 64 in slot 5
[2022-12-07 10:40:39] [SEVERE ] placing card 53 in slot 6
[2022-12-07 10:40:40] [SEVERE ] placing card 38 in slot 7
[2022-12-07 10:40:40] [SEVERE ] setting player 2 freeze to 0
[2022-12-07 10:40:40] [SEVERE ] placing card 3 in slot 8
[2022-12-07 10:40:40] [SEVERE ] placing card 17 in slot 9
[2022-12-07 10:40:40] [SEVERE ] placing card 71 in slot 10
[2022-12-07 10:40:40] [SEVERE ] placing card 41 in slot 11
[2022-12-07 10:40:41] [SEVERE ] player 0 placing token on slot 9
[2022-12-07 10:40:41] [SEVERE ] player 1 placing token on slot 4
[2022-12-07 10:40:41] [SEVERE ] player 2 placing token on slot 10
[2022-12-07 10:40:41] [SEVERE ] player 3 placing token on slot 7
[2022-12-07 10:40:42] [SEVERE ] player 0 placing token on slot 2
[2022-12-07 10:40:42] [SEVERE ] player 2 placing token on slot 3
[2022-12-07 10:40:42] [SEVERE ] player 1 placing token on slot 5
[2022-12-07 10:40:42] [SEVERE ] player 3 placing token on slot 5
[2022-12-07 10:40:43] [SEVERE ] player 1 placing token on slot 10
[2022-12-07 10:40:43] [SEVERE ] player 2 placing token on slot 6
[2022-12-07 10:40:43] [SEVERE ] player 0 placing token on slot 8
[2022-12-07 10:40:43] [SEVERE ] removing player 3 token from slot 5
[2022-12-07 10:40:43] [SEVERE ] removing player 0 token from slot 9
[2022-12-07 10:40:43] [SEVERE ] removing player 0 token from slot 2
[2022-12-07 10:40:43] [SEVERE ] removing player 0 token from slot 8
[2022-12-07 10:40:43] [SEVERE ] setting player 0 freeze to 5000
[2022-12-07 10:40:43] [SEVERE ] removing player 2 token from slot 10
[2022-12-07 10:40:43] [SEVERE ] removing player 2 token from slot 3
[2022-12-07 10:40:43] [SEVERE ] removing player 2 token from slot 6
[2022-12-07 10:40:43] [SEVERE ] setting player 2 freeze to 5000
[2022-12-07 10:40:43] [SEVERE ] removing player 1 token from slot 4
[2022-12-07 10:40:43] [SEVERE ] removing player 1 token from slot 5
[2022-12-07 10:40:43] [SEVERE ] removing player 1 token from slot 10
[2022-12-07 10:40:43] [SEVERE ] setting player 1 freeze to 5000
[2022-12-07 10:40:44] [SEVERE ] player 3 placing token on slot 0
[2022-12-07 10:40:44] [SEVERE ] setting player 0 freeze to 4087
[2022-12-07 10:40:44] [SEVERE ] setting player 2 freeze to 4096
[2022-12-07 10:40:44] [SEVERE ] setting player 1 freeze to 4093
[2022-12-07 10:40:45] [SEVERE ] setting player 0 freeze to 3182
[2022-12-07 10:40:45] [SEVERE ] setting player 2 freeze to 3191
[2022-12-07 10:40:45] [SEVERE ] player 3 placing token on slot 4
[2022-12-07 10:40:45] [SEVERE ] setting player 1 freeze to 3190
[2022-12-07 10:40:45] [SEVERE ] setting player 0 freeze to 0
[2022-12-07 10:40:45] [SEVERE ] setting player 2 freeze to 0
[2022-12-07 10:40:45] [SEVERE ] setting player 1 freeze to 0
[2022-12-07 10:40:45] [SEVERE ] removing player 3 token from slot 7
[2022-12-07 10:40:45] [SEVERE ] removing player 3 token from slot 0
[2022-12-07 10:40:45] [SEVERE ] removing player 3 token from slot 4
[2022-12-07 10:40:45] [SEVERE ] placing card 25 in slot 0
[2022-12-07 10:40:45] [SEVERE ] placing card 41 in slot 1
[2022-12-07 10:40:45] [SEVERE ] placing card 38 in slot 2
[2022-12-07 10:40:45] [SEVERE ] placing card 61 in slot 3
[2022-12-07 10:40:46] [SEVERE ] placing card 63 in slot 4
[2022-12-07 10:40:46] [SEVERE ] placing card 10 in slot 5
[2022-12-07 10:40:46] [SEVERE ] placing card 11 in slot 6
[2022-12-07 10:40:46] [SEVERE ] placing card 78 in slot 7
[2022-12-07 10:40:46] [SEVERE ] placing card 55 in slot 8
[2022-12-07 10:40:46] [SEVERE ] placing card 64 in slot 9
[2022-12-07 10:40:46] [SEVERE ] placing card 26 in slot 10
[2022-12-07 10:40:46] [SEVERE ] placing card 53 in slot 11
[2022-12-07 10:40:47] [SEVERE ] player 0 placing token on slot 10
[2022-12-07 10:40:47] [SEVERE ] setting player 3 freeze to 5000
[2022-12-07 10:40:47] [SEVERE ] player 1 placing token on slot 5
[2022-12-07 10:40:47] [SEVERE ] player 2 placing token on slot 9
[2022-12-07 10:40:48] [SEVERE ] setting player 3 freeze to 4084
[2022-12-07 10:40:48] [SEVERE ] player 0 placing token on slot 0
[2022-12-07 10:40:48] [SEVERE ] player 2 placing token on slot 4
[2022-12-07 10:40:48] [SEVERE ] player 1 placing token on slot 1
[2022-12-07 10:40:49] [SEVERE ] setting player 3 freeze to 3178
[2022-12-07 10:40:49] [SEVERE ] player 1 placing token on slot 8
[2022-12-07 10:40:49] [SEVERE ] player 2 placing token on slot 0
[2022-12-07 10:40:49] [SEVERE ] player 0 placing token on slot 3
[2022-12-07 10:40:49] [SEVERE ] removing player 0 token from slot 10
[2022-12-07 10:40:49] [SEVERE ] removing player 0 token from slot 0
[2022-12-07 10:40:49] [SEVERE ] removing player 0 token from slot 3
[2022-12-07 10:40:49] [SEVERE ] setting player 0 freeze to 5000
[2022-12-07 10:40:49] [SEVERE ] removing player 2 token from slot 9
[2022-12-07 10:40:49] [SEVERE ] removing player 2 token from slot 4
[2022-12-07 10:40:49] [SEVERE ] removing player 2 token from slot 0
[2022-12-07 10:40:49] [SEVERE ] setting player 2 freeze to 5000
[2022-12-07 10:40:49] [SEVERE ] removing player 1 token from slot 5
[2022-12-07 10:40:49] [SEVERE ] removing player 1 token from slot 1
[2022-12-07 10:40:49] [SEVERE ] removing player 1 token from slot 8
[2022-12-07 10:40:49] [SEVERE ] setting player 1 freeze to 5000
[2022-12-07 10:40:50] [SEVERE ] setting player 3 freeze to 2267
[2022-12-07 10:40:50] [SEVERE ] setting player 0 freeze to 4095
[2022-12-07 10:40:50] [SEVERE ] setting player 2 freeze to 4092
[2022-12-07 10:40:50] [SEVERE ] setting player 1 freeze to 4090
[2022-12-07 10:40:51] [SEVERE ] setting player 3 freeze to 1361
[2022-12-07 10:40:51] [SEVERE ] setting player 0 freeze to 3188
[2022-12-07 10:40:51] [SEVERE ] setting player 2 freeze to 3179
[2022-12-07 10:40:51] [SEVERE ] setting player 1 freeze to 3189
[2022-12-07 10:40:51] [SEVERE ] setting player 1 freeze to 0
[2022-12-07 10:40:51] [SEVERE ] setting player 3 freeze to 0
[2022-12-07 10:40:51] [SEVERE ] setting player 2 freeze to 0
[2022-12-07 10:40:51] [SEVERE ] setting player 0 freeze to 0
[2022-12-07 10:40:51] [SEVERE ] placing card 35 in slot 0
[2022-12-07 10:40:52] [SEVERE ] placing card 20 in slot 1
[2022-12-07 10:40:52] [SEVERE ] placing card 6 in slot 2
[2022-12-07 10:40:52] [SEVERE ] placing card 14 in slot 3
[2022-12-07 10:40:52] [SEVERE ] placing card 1 in slot 4
[2022-12-07 10:40:52] [SEVERE ] placing card 19 in slot 5
[2022-12-07 10:40:52] [SEVERE ] placing card 44 in slot 6
[2022-12-07 10:40:52] [SEVERE ] placing card 43 in slot 7
[2022-12-07 10:40:52] [SEVERE ] placing card 26 in slot 8
[2022-12-07 10:40:52] [SEVERE ] placing card 51 in slot 9
[2022-12-07 10:40:53] [SEVERE ] placing card 73 in slot 10
[2022-12-07 10:40:53] [SEVERE ] placing card 63 in slot 11
[2022-12-07 10:40:53] [SEVERE ] player 1 placing token on slot 2
[2022-12-07 10:40:53] [SEVERE ] player 0 placing token on slot 9
[2022-12-07 10:40:53] [SEVERE ] player 2 placing token on slot 5
[2022-12-07 10:40:53] [SEVERE ] player 3 placing token on slot 8
[2022-12-07 10:40:54] [SEVERE ] player 1 placing token on slot 0
[2022-12-07 10:40:54] [SEVERE ] player 0 placing token on slot 4
[2022-12-07 10:40:54] [SEVERE ] removing player 3 token from slot 8
[2022-12-07 10:40:54] [SEVERE ] player 2 placing token on slot 2
[2022-12-07 10:40:55] [SEVERE ] player 0 placing token on slot 5
[2022-12-07 10:40:55] [SEVERE ] player 1 placing token on slot 7
[2022-12-07 10:40:55] [SEVERE ] player 3 placing token on slot 4
[2022-12-07 10:40:55] [SEVERE ] player 2 placing token on slot 6
[2022-12-07 10:40:56] [SEVERE ] removing player 2 token from slot 5
[2022-12-07 10:40:56] [SEVERE ] removing player 2 token from slot 2
[2022-12-07 10:40:56] [SEVERE ] removing player 2 token from slot 6
[2022-12-07 10:40:56] [SEVERE ] setting player 2 freeze to 5000
[2022-12-07 10:40:56] [SEVERE ] removing player 1 token from slot 2
[2022-12-07 10:40:56] [SEVERE ] removing player 1 token from slot 0
[2022-12-07 10:40:56] [SEVERE ] removing player 1 token from slot 7
[2022-12-07 10:40:56] [SEVERE ] setting player 1 freeze to 5000
[2022-12-07 10:40:56] [SEVERE ] removing player 0 token from slot 9
[2022-12-07 10:40:56] [SEVERE ] removing player 0 token from slot 4
[2022-12-07 10:40:56] [SEVERE ] removing player 0 token from slot 5
[2022-12-07 10:40:56] [SEVERE ] setting player 0 freeze to 5000
[2022-12-07 10:40:56] [SEVERE ] removing player 3 token from slot 4
[2022-12-07 10:40:56] [SEVERE ] setting player 2 freeze to 4098
[2022-12-07 10:40:57] [SEVERE ] setting player 1 freeze to 4091
[2022-12-07 10:40:57] [SEVERE ] setting player 0 freeze to 4084
[2022-12-07 10:40:57] [SEVERE ] setting player 2 freeze to 3196
[2022-12-07 10:40:57] [SEVERE ] player 3 placing token on slot 0
[2022-12-07 10:40:57] [SEVERE ] setting player 1 freeze to 3183
[2022-12-07 10:40:58] [SEVERE ] setting player 0 freeze to 3172
[2022-12-07 10:40:58] [SEVERE ] setting player 1 freeze to 0
[2022-12-07 10:40:58] [SEVERE ] setting player 0 freeze to 0
[2022-12-07 10:40:58] [SEVERE ] setting player 2 freeze to 0
[2022-12-07 10:40:58] [SEVERE ] removing player 3 token from slot 0
[2022-12-07 10:40:58] [SEVERE ] placing card 59 in slot 0
[2022-12-07 10:40:58] [SEVERE ] placing card 6 in slot 1
[2022-12-07 10:40:58] [SEVERE ] placing card 62 in slot 2
[2022-12-07 10:40:58] [SEVERE ] placing card 48 in slot 3
[2022-12-07 10:40:58] [SEVERE ] placing card 61 in slot 4
[2022-12-07 10:40:58] [SEVERE ] placing card 0 in slot 5
[2022-12-07 10:40:58] [SEVERE ] placing card 35 in slot 6
[2022-12-07 10:40:59] [SEVERE ] placing card 24 in slot 7
[2022-12-07 10:40:59] [SEVERE ] placing card 7 in slot 8
[2022-12-07 10:40:59] [SEVERE ] placing card 9 in slot 9
[2022-12-07 10:40:59] [SEVERE ] placing card 76 in slot 10
[2022-12-07 10:40:59] [SEVERE ] placing card 54 in slot 11
[2022-12-07 10:41:00] [SEVERE ] player 1 placing token on slot 5
[2022-12-07 10:41:00] [SEVERE ] player 2 placing token on slot 5
[2022-12-07 10:41:00] [SEVERE ] player 3 placing token on slot 3
[2022-12-07 10:41:00] [SEVERE ] player 0 placing token on slot 2
[2022-12-07 10:41:01] [SEVERE ] player 1 placing token on slot 9
[2022-12-07 10:41:01] [SEVERE ] player 3 placing token on slot 6
[2022-12-07 10:41:01] [SEVERE ] player 2 placing token on slot 7
[2022-12-07 10:41:01] [SEVERE ] player 0 placing token on slot 10
[2022-12-07 10:41:02] [SEVERE ] player 1 placing token on slot 4
[2022-12-07 10:41:02] [SEVERE ] player 3 placing token on slot 7
[2022-12-07 10:41:02] [SEVERE ] removing player 2 token from slot 5
[2022-12-07 10:41:02] [SEVERE ] player 0 placing token on slot 3
[2022-12-07 10:41:02] [SEVERE ] removing player 0 token from slot 2
[2022-12-07 10:41:02] [SEVERE ] removing player 0 token from slot 10
[2022-12-07 10:41:02] [SEVERE ] removing player 0 token from slot 3
[2022-12-07 10:41:02] [SEVERE ] setting player 0 freeze to 5000
[2022-12-07 10:41:02] [SEVERE ] removing player 3 token from slot 3
[2022-12-07 10:41:02] [SEVERE ] removing player 3 token from slot 6
[2022-12-07 10:41:02] [SEVERE ] removing player 3 token from slot 7
[2022-12-07 10:41:02] [SEVERE ] setting player 3 freeze to 5000
[2022-12-07 10:41:02] [SEVERE ] removing player 1 token from slot 5
[2022-12-07 10:41:02] [SEVERE ] removing player 1 token from slot 9
[2022-12-07 10:41:02] [SEVERE ] removing player 1 token from slot 4
[2022-12-07 10:41:02] [SEVERE ] setting player 1 freeze to 5000
[2022-12-07 10:41:03] [SEVERE ] setting player 0 freeze to 4096
[2022-12-07 10:41:03] [SEVERE ] player 2 placing token on slot 4
[2022-12-07 10:41:03] [SEVERE ] setting player 3 freeze to 4085
[2022-12-07 10:41:03] [SEVERE ] setting player 1 freeze to 4094
[2022-12-07 10:41:04] [SEVERE ] setting player 0 freeze to 3182
[2022-12-07 10:41:04] [SEVERE ] player 2 placing token on slot 8
[2022-12-07 10:41:04] [SEVERE ] setting player 3 freeze to 3181
[2022-12-07 10:41:04] [SEVERE ] removing player 2 token from slot 7
[2022-12-07 10:41:04] [SEVERE ] removing player 2 token from slot 4
[2022-12-07 10:41:04] [SEVERE ] removing player 2 token from slot 8
[2022-12-07 10:41:04] [SEVERE ] setting player 2 freeze to 5000
[2022-12-07 10:41:04] [SEVERE ] setting player 1 freeze to 3179
[2022-12-07 10:41:04] [SEVERE ] setting player 1 freeze to 0
[2022-12-07 10:41:04] [SEVERE ] setting player 2 freeze to 0
[2022-12-07 10:41:04] [SEVERE ] setting player 0 freeze to 0
[2022-12-07 10:41:04] [SEVERE ] setting player 3 freeze to 0
[2022-12-07 10:41:04] [SEVERE ] placing card 39 in slot 0
[2022-12-07 10:41:04] [SEVERE ] placing card 41 in slot 1
[2022-12-07 10:41:04] [SEVERE ] placing card 36 in slot 2
[2022-12-07 10:41:04] [SEVERE ] placing card 51 in slot 3
[2022-12-07 10:41:05] [SEVERE ] placing card 58 in slot 4
[2022-12-07 10:41:05] [SEVERE ] placing card 54 in slot 5
[2022-12-07 10:41:05] [SEVERE ] placing card 35 in slot 6
[2022-12-07 10:41:05] [SEVERE ] placing card 59 in slot 7
[2022-12-07 10:41:05] [SEVERE ] placing card 10 in slot 8
[2022-12-07 10:41:05] [SEVERE ] placing card 53 in slot 9
[2022-12-07 10:41:05] [SEVERE ] placing card 78 in slot 10
[2022-12-07 10:41:05] [SEVERE ] placing card 38 in slot 11
[2022-12-07 10:41:06] [SEVERE ] player 2 placing token on slot 1
[2022-12-07 10:41:06] [SEVERE ] player 0 placing token on slot 2
[2022-12-07 10:41:06] [SEVERE ] player 1 placing token on slot 5
[2022-12-07 10:41:06] [SEVERE ] player 3 placing token on slot 7
[2022-12-07 10:41:07] [SEVERE ] player 3 placing token on slot 3
[2022-12-07 10:41:07] [SEVERE ] player 0 placing token on slot 7
[2022-12-07 10:41:07] [SEVERE ] player 2 placing token on slot 10
[2022-12-07 10:41:07] [SEVERE ] player 1 placing token on slot 8
[2022-12-07 10:41:08] [SEVERE ] player 0 placing token on slot 1
[2022-12-07 10:41:08] [SEVERE ] player 1 placing token on slot 0
[2022-12-07 10:41:08] [SEVERE ] player 2 placing token on slot 6
[2022-12-07 10:41:08] [SEVERE ] player 3 placing token on slot 6
[2022-12-07 10:41:08] [SEVERE ] removing player 3 token from slot 7
[2022-12-07 10:41:08] [SEVERE ] removing player 3 token from slot 3
[2022-12-07 10:41:08] [SEVERE ] removing player 3 token from slot 6
[2022-12-07 10:41:08] [SEVERE ] setting player 3 freeze to 5000
[2022-12-07 10:41:08] [SEVERE ] removing player 0 token from slot 2
[2022-12-07 10:41:08] [SEVERE ] removing player 0 token from slot 7
[2022-12-07 10:41:08] [SEVERE ] removing player 0 token from slot 1
[2022-12-07 10:41:08] [SEVERE ] setting player 0 freeze to 5000
[2022-12-07 10:41:08] [SEVERE ] removing player 1 token from slot 5
[2022-12-07 10:41:08] [SEVERE ] removing player 1 token from slot 8
[2022-12-07 10:41:08] [SEVERE ] removing player 1 token from slot 0
[2022-12-07 10:41:08] [SEVERE ] setting player 1 freeze to 5000
[2022-12-07 10:41:08] [SEVERE ] removing player 2 token from slot 1
[2022-12-07 10:41:08] [SEVERE ] removing player 2 token from slot 10
[2022-12-07 10:41:08] [SEVERE ] removing player 2 token from slot 6
[2022-12-07 10:41:08] [SEVERE ] setting player 2 freeze to 5000
[2022-12-07 10:41:09] [SEVERE ] setting player 3 freeze to 4090
[2022-12-07 10:41:09] [SEVERE ] setting player 0 freeze to 4099
[2022-12-07 10:41:09] [SEVERE ] setting player 1 freeze to 4096
[2022-12-07 10:41:09] [SEVERE ] setting player 2 freeze to 4092
[2022-12-07 10:41:10] [SEVERE ] setting player 3 freeze to 3187
[2022-12-07 10:41:10] [SEVERE ] setting player 0 freeze to 3185
[2022-12-07 10:41:10] [SEVERE ] setting player 1 freeze to 3181
[2022-12-07 10:41:10] [SEVERE ] setting player 2 freeze to 3181
[2022-12-07 10:41:10] [SEVERE ] setting player 1 freeze to 0
[2022-12-07 10:41:10] [SEVERE ] setting player 0 freeze to 0
[2022-12-07 10:41:10] [SEVERE ] setting player 2 freeze to 0
[2022-12-07 10:41:10] [SEVERE ] setting player 3 freeze to 0
[2022-12-07 10:41:10] [SEVERE ] placing card 51 in slot 0
[2022-12-07 10:41:10] [SEVERE ] placing card 66 in slot 1
[2022-12-07 10:41:11] [SEVERE ] placing card 12 in slot 2
[2022-12-07 10:41:11] [SEVERE ] placing card 17 in slot 3
[2022-12-07 10:41:11] [SEVERE ] placing card 73 in slot 4
[2022-12-07 10:41:11] [SEVERE ] placing card 30 in slot 5
[2022-12-07 10:41:11] [SEVERE ] placing card 11 in slot 6
[2022-12-07 10:41:11] [SEVERE ] placing card 59 in slot 7
[2022-12-07 10:41:11] [SEVERE ] placing card 5 in slot 8
[2022-12-07 10:41:11] [SEVERE ] placing card 41 in slot 9
[2022-12-07 10:41:11] [SEVERE ] placing card 6 in slot 10
[2022-12-07 10:41:12] [SEVERE ] placing card 62 in slot 11
[2022-12-07 10:41:12] [SEVERE ] player 0 placing token on slot 8
[2022-12-07 10:41:12] [SEVERE ] player 1 placing token on slot 9
[2022-12-07 10:41:12] [SEVERE ] player 3 placing token on slot 1
[2022-12-07 10:41:12] [SEVERE ] player 2 placing token on slot 2
[2022-12-07 10:41:13] [SEVERE ] player 2 placing token on slot 5
[2022-12-07 10:41:13] [SEVERE ] player 1 placing token on slot 11
[2022-12-07 10:41:13] [SEVERE ] player 3 placing token on slot 3
[2022-12-07 10:41:13] [SEVERE ] player 0 placing token on slot 1
[2022-12-07 10:41:14] [SEVERE ] player 1 placing token on slot 2
[2022-12-07 10:41:14] [SEVERE ] player 3 placing token on slot 11
[2022-12-07 10:41:14] [SEVERE ] player 2 placing token on slot 9
[2022-12-07 10:41:14] [SEVERE ] player 0 placing token on slot 7
[2022-12-07 10:41:14] [SEVERE ] removing player 0 token from slot 8
[2022-12-07 10:41:14] [SEVERE ] removing player 0 token from slot 1
[2022-12-07 10:41:14] [SEVERE ] removing player 0 token from slot 7
[2022-12-07 10:41:14] [SEVERE ] setting player 0 freeze to 5000
[2022-12-07 10:41:15] [SEVERE ] removing player 2 token from slot 2
[2022-12-07 10:41:15] [SEVERE ] removing player 2 token from slot 5
[2022-12-07 10:41:15] [SEVERE ] removing player 2 token from slot 9
[2022-12-07 10:41:15] [SEVERE ] setting player 2 freeze to 5000
[2022-12-07 10:41:15] [SEVERE ] removing player 1 token from slot 9
[2022-12-07 10:41:15] [SEVERE ] removing player 1 token from slot 11
[2022-12-07 10:41:15] [SEVERE ] removing player 1 token from slot 2
[2022-12-07 10:41:15] [SEVERE ] setting player 1 freeze to 5000
[2022-12-07 10:41:15] [SEVERE ] removing player 3 token from slot 1
[2022-12-07 10:41:15] [SEVERE ] removing player 3 token from slot 3
[2022-12-07 10:41:15] [SEVERE ] removing player 3 token from slot 11
[2022-12-07 10:41:15] [SEVERE ] setting player 3 freeze to 5000
[2022-12-07 10:41:15] [SEVERE ] setting player 0 freeze to 4091
[2022-12-07 10:41:15] [SEVERE ] setting player 2 freeze to 4091
[2022-12-07 10:41:16] [SEVERE ] setting player 1 freeze to 4095
[2022-12-07 10:41:16] [SEVERE ] setting player 3 freeze to 4088
[2022-12-07 10:41:16] [SEVERE ] setting player 0 freeze to 3189
[2022-12-07 10:41:16] [SEVERE ] setting player 2 freeze to 3189
[2022-12-07 10:41:16] [SEVERE ] setting player 1 freeze to 3194
[2022-12-07 10:41:17] [SEVERE ] setting player 3 freeze to 3185
[2022-12-07 10:41:17] [SEVERE ] setting player 0 freeze to 0
[2022-12-07 10:41:17] [SEVERE ] setting player 1 freeze to 0
[2022-12-07 10:41:17] [SEVERE ] setting player 2 freeze to 0
[2022-12-07 10:41:17] [SEVERE ] placing card 30 in slot 0
[2022-12-07 10:41:17] [SEVERE ] placing card 65 in slot 1
[2022-12-07 10:41:17] [SEVERE ] placing card 32 in slot 2
[2022-12-07 10:41:17] [SEVERE ] placing card 68 in slot 3
[2022-12-07 10:41:17] [SEVERE ] placing card 72 in slot 4
[2022-12-07 10:41:17] [SEVERE ] placing card 1 in slot 5
[2022-12-07 10:41:17] [SEVERE ] placing card 40 in slot 6
[2022-12-07 10:41:17] [SEVERE ] placing card 6 in slot 7
[2022-12-07 10:41:18] [SEVERE ] setting player 3 freeze to 0
[2022-12-07 10:41:18] [SEVERE ] placing card 13 in slot 8
[2022-12-07 10:41:18] [SEVERE ] placing card 80 in slot 9
[2022-12-07 10:41:18] [SEVERE ] placing card 66 in slot 10
[2022-12-07 10:41:18] [SEVERE ] placing card 9 in slot 11
[2022-12-07 10:41:19] [SEVERE ] player 3 placing token on slot 0
[2022-12-07 10:41:19] [SEVERE ] player 2 placing token on slot 11
[2022-12-07 10:41:19] [SEVERE ] player 0 placing token on slot 10
[2022-12-07 10:41:19] [SEVERE ] player 1 placing token on slot 3
[2022-12-07 10:41:20] [SEVERE ] player 1 placing token on slot 2
[2022-12-07 10:41:20] [SEVERE ] player 3 placing token on slot 1
[2022-12-07 10:41:20] [SEVERE ] player 0 placing token on slot 7
[2022-12-07 10:41:20] [SEVERE ] player 2 placing token on slot 0
[2022-12-07 10:41:21] [SEVERE ] removing player 1 token from slot 2
[2022-12-07 10:41:21] [SEVERE ] player 0 placing token on slot 5
[2022-12-07 10:41:21] [SEVERE ] player 2 placing token on slot 4
[2022-12-07 10:41:21] [SEVERE ] player 3 placing token on slot 9
[2022-12-07 10:41:21] [SEVERE ] removing player 3 token from slot 0
[2022-12-07 10:41:21] [SEVERE ] removing player 3 token from slot 1
[2022-12-07 10:41:21] [SEVERE ] removing player 3 token from slot 9
[2022-12-07 10:41:21] [SEVERE ] setting player 3 freeze to 5000
[2022-12-07 10:41:21] [SEVERE ] removing player 0 token from slot 10
[2022-12-07 10:41:21] [SEVERE ] removing player 0 token from slot 7
[2022-12-07 10:41:21] [SEVERE ] removing player 0 token from slot 5
[2022-12-07 10:41:21] [SEVERE ] setting player 0 freeze to 5000
[2022-12-07 10:41:21] [SEVERE ] removing player 2 token from slot 11
[2022-12-07 10:41:21] [SEVERE ] removing player 2 token from slot 0
[2022-12-07 10:41:21] [SEVERE ] removing player 2 token from slot 4
[2022-12-07 10:41:21] [SEVERE ] setting player 2 freeze to 5000
[2022-12-07 10:41:22] [SEVERE ] removing player 1 token from slot 3
[2022-12-07 10:41:22] [SEVERE ] setting player 3 freeze to 4088
[2022-12-07 10:41:22] [SEVERE ] setting player 0 freeze to 4098
[2022-12-07 10:41:22] [SEVERE ] setting player 2 freeze to 4087
[2022-12-07 10:41:23] [SEVERE ] setting player 3 freeze to 3179
[2022-12-07 10:41:23] [SEVERE ] player 1 placing token on slot 10
[2022-12-07 10:41:23] [SEVERE ] setting player 0 freeze to 3193
[2022-12-07 10:41:23] [SEVERE ] setting player 2 freeze to 3179
[2022-12-07 10:41:23] [SEVERE ] setting player 0 freeze to 0
[2022-12-07 10:41:23] [SEVERE ] removing player 1 token from slot 10
[2022-12-07 10:41:23] [SEVERE ] setting player 3 freeze to 0
[2022-12-07 10:41:23] [SEVERE ] setting player 2 freeze to 0
[2022-12-07 10:41:23] [SEVERE ] placing card 76 in slot 0
[2022-12-07 10:41:23] [SEVERE ] placing card 36 in slot 1
[2022-12-07 10:41:23] [SEVERE ] placing card 41 in slot 2
[2022-12-07 10:41:23] [SEVERE ] placing card 48 in slot 3
[2022-12-07 10:41:23] [SEVERE ] placing card 62 in slot 4
[2022-12-07 10:41:24] [SEVERE ] placing card 55 in slot 5
[2022-12-07 10:41:24] [SEVERE ] placing card 72 in slot 6
[2022-12-07 10:41:24] [SEVERE ] placing card 10 in slot 7
[2022-12-07 10:41:24] [SEVERE ] placing card 43 in slot 8
[2022-12-07 10:41:24] [SEVERE ] placing card 50 in slot 9
[2022-12-07 10:41:24] [SEVERE ] placing card 52 in slot 10
[2022-12-07 10:41:24] [SEVERE ] placing card 12 in slot 11
[2022-12-07 10:41:25] [SEVERE ] player 1 placing token on slot 7
[2022-12-07 10:41:25] [SEVERE ] player 0 placing token on slot 1
[2022-12-07 10:41:25] [SEVERE ] player 2 placing token on slot 2
[2022-12-07 10:41:25] [SEVERE ] player 3 placing token on slot 4
[2022-12-07 10:41:26] [SEVERE ] player 1 placing token on slot 9
[2022-12-07 10:41:26] [SEVERE ] player 0 placing token on slot 9
[2022-12-07 10:41:26] [SEVERE ] player 3 placing token on slot 2
[2022-12-07 10:41:26] [SEVERE ] player 2 placing token on slot 4
[2022-12-07 10:41:27] [SEVERE ] player 1 placing token on slot 6
[2022-12-07 10:41:27] [SEVERE ] player 0 placing token on slot 10
[2022-12-07 10:41:27] [SEVERE ] player 3 placing token on slot 1
[2022-12-07 10:41:27] [SEVERE ] player 2 placing token on slot 6
[2022-12-07 10:41:27] [SEVERE ] removing player 3 token from slot 4
[2022-12-07 10:41:27] [SEVERE ] removing player 3 token from slot 2
[2022-12-07 10:41:27] [SEVERE ] removing player 3 token from slot 1
[2022-12-07 10:41:27] [SEVERE ] setting player 3 freeze to 5000
[2022-12-07 10:41:27] [SEVERE ] removing player 0 token from slot 1
[2022-12-07 10:41:27] [SEVERE ] removing player 0 token from slot 9
[2022-12-07 10:41:27] [SEVERE ] removing player 0 token from slot 10
[2022-12-07 10:41:27] [SEVERE ] setting player 0 freeze to 5000
[2022-12-07 10:41:27] [SEVERE ] removing card from slot 2
[2022-12-07 10:41:28] [SEVERE ] removing card from slot 4
[2022-12-07 10:41:28] [SEVERE ] removing card from slot 6
[2022-12-07 10:41:28] [SEVERE ] placing card 18 in slot 2
[2022-12-07 10:41:28] [SEVERE ] placing card 74 in slot 4
[2022-12-07 10:41:28] [SEVERE ] placing card 66 in slot 6
[2022-12-07 10:41:28] [SEVERE ] removing player 1 token from slot 6
[2022-12-07 10:41:28] [SEVERE ] removing player 2 token from slot 2
[2022-12-07 10:41:28] [SEVERE ] removing player 2 token from slot 4
[2022-12-07 10:41:28] [SEVERE ] removing player 2 token from slot 6
[2022-12-07 10:41:28] [SEVERE ] setting player 2 score to 2
[2022-12-07 10:41:28] [SEVERE ] setting player 2 freeze to 1000
[2022-12-07 10:41:28] [SEVERE ] removing player 1 token from slot 7
[2022-12-07 10:41:28] [SEVERE ] removing player 1 token from slot 9
[2022-12-07 10:41:28] [SEVERE ] setting player 1 freeze to 5000
[2022-12-07 10:41:28] [SEVERE ] setting player 3 freeze to 4086
[2022-12-07 10:41:28] [SEVERE ] setting player 0 freeze to 4089
[2022-12-07 10:41:29] [SEVERE ] setting player 1 freeze to 4088
[2022-12-07 10:41:29] [SEVERE ] setting player 2 freeze to 88
[2022-12-07 10:41:29] [SEVERE ] setting player 3 freeze to 3174
[2022-12-07 10:41:29] [SEVERE ] setting player 0 freeze to 3173
[2022-12-07 10:41:30] [SEVERE ] setting player 1 freeze to 3179
[2022-12-07 10:41:30] [SEVERE ] setting player 2 freeze to 0
[2022-12-07 10:41:30] [SEVERE ] setting player 3 freeze to 2265
[2022-12-07 10:41:30] [SEVERE ] setting player 0 freeze to 2258
[2022-12-07 10:41:30] [SEVERE ] player 2 placing token on slot 6
[2022-12-07 10:41:31] [SEVERE ] setting player 1 freeze to 2264
[2022-12-07 10:41:31] [SEVERE ] setting player 3 freeze to 1350
[2022-12-07 10:41:31] [SEVERE ] setting player 0 freeze to 1350
[2022-12-07 10:41:31] [SEVERE ] removing player 2 token from slot 6
[2022-12-07 10:41:32] [SEVERE ] setting player 1 freeze to 1363
[2022-12-07 10:41:32] [SEVERE ] setting player 3 freeze to 439
[2022-12-07 10:41:32] [SEVERE ] setting player 0 freeze to 449
[2022-12-07 10:41:32] [SEVERE ] player 2 placing token on slot 2
[2022-12-07 10:41:33] [SEVERE ] setting player 1 freeze to 462
[2022-12-07 10:41:33] [SEVERE ] setting player 3 freeze to 0
[2022-12-07 10:41:33] [SEVERE ] setting player 0 freeze to 0
[2022-12-07 10:41:33] [SEVERE ] setting player 1 freeze to 0
[2022-12-07 10:41:33] [SEVERE ] removing player 2 token from slot 2
[2022-12-07 10:41:33] [SEVERE ] placing card 39 in slot 0
[2022-12-07 10:41:33] [SEVERE ] placing card 43 in slot 1
[2022-12-07 10:41:33] [SEVERE ] placing card 37 in slot 2
[2022-12-07 10:41:33] [SEVERE ] placing card 35 in slot 3
[2022-12-07 10:41:34] [SEVERE ] placing card 19 in slot 4
[2022-12-07 10:41:34] [SEVERE ] placing card 51 in slot 5
[2022-12-07 10:41:34] [SEVERE ] placing card 26 in slot 6
[2022-12-07 10:41:34] [SEVERE ] placing card 16 in slot 7
[2022-12-07 10:41:34] [SEVERE ] placing card 17 in slot 8
[2022-12-07 10:41:34] [SEVERE ] placing card 61 in slot 9
[2022-12-07 10:41:34] [SEVERE ] placing card 21 in slot 10
[2022-12-07 10:41:34] [SEVERE ] placing card 75 in slot 11
[2022-12-07 10:41:35] [SEVERE ] player 3 placing token on slot 5
[2022-12-07 10:41:35] [SEVERE ] player 2 placing token on slot 7
[2022-12-07 10:41:35] [SEVERE ] player 1 placing token on slot 5
[2022-12-07 10:41:35] [SEVERE ] player 0 placing token on slot 5
[2022-12-07 10:41:36] [SEVERE ] player 3 placing token on slot 8
[2022-12-07 10:41:36] [SEVERE ] player 0 placing token on slot 6
[2022-12-07 10:41:36] [SEVERE ] player 1 placing token on slot 4
[2022-12-07 10:41:36] [SEVERE ] player 2 placing token on slot 10
[2022-12-07 10:41:37] [SEVERE ] player 0 placing token on slot 11
[2022-12-07 10:41:37] [SEVERE ] removing player 2 token from slot 10
[2022-12-07 10:41:37] [SEVERE ] player 1 placing token on slot 6
[2022-12-07 10:41:37] [SEVERE ] player 3 placing token on slot 1
[2022-12-07 10:41:37] [SEVERE ] removing player 3 token from slot 5
[2022-12-07 10:41:37] [SEVERE ] removing player 3 token from slot 8
[2022-12-07 10:41:37] [SEVERE ] removing player 3 token from slot 1
[2022-12-07 10:41:37] [SEVERE ] setting player 3 freeze to 5000
[2022-12-07 10:41:37] [SEVERE ] removing player 0 token from slot 5
[2022-12-07 10:41:37] [SEVERE ] removing player 0 token from slot 6
[2022-12-07 10:41:37] [SEVERE ] removing player 0 token from slot 11
[2022-12-07 10:41:37] [SEVERE ] setting player 0 freeze to 5000
[2022-12-07 10:41:37] [SEVERE ] removing player 1 token from slot 5
[2022-12-07 10:41:37] [SEVERE ] removing player 1 token from slot 4
[2022-12-07 10:41:37] [SEVERE ] removing player 1 token from slot 6
[2022-12-07 10:41:37] [SEVERE ] setting player 1 freeze to 5000
[2022-12-07 10:41:38] [SEVERE ] player 2 placing token on slot 0
[2022-12-07 10:41:38] [SEVERE ] setting player 3 freeze to 4099
[2022-12-07 10:41:38] [SEVERE ] setting player 0 freeze to 4098
[2022-12-07 10:41:38] [SEVERE ] setting player 1 freeze to 4099
