[2022-12-07 11:17:16] [INFO   ] cannot read configuration file config.properties trying from resources.
[2022-12-07 11:17:16] [INFO   ] configuration file was loaded from resources directory.
[2022-12-07 11:17:17] [SEVERE ] placing card 71 in slot 0
[2022-12-07 11:17:17] [SEVERE ] placing card 45 in slot 1
[2022-12-07 11:17:17] [SEVERE ] placing card 21 in slot 2
[2022-12-07 11:17:17] [SEVERE ] placing card 8 in slot 3
[2022-12-07 11:17:17] [SEVERE ] placing card 48 in slot 4
[2022-12-07 11:17:17] [SEVERE ] placing card 40 in slot 5
[2022-12-07 11:17:17] [SEVERE ] placing card 56 in slot 6
[2022-12-07 11:17:17] [SEVERE ] placing card 17 in slot 7
[2022-12-07 11:17:18] [SEVERE ] placing card 60 in slot 8
[2022-12-07 11:17:18] [SEVERE ] placing card 43 in slot 9
[2022-12-07 11:17:18] [SEVERE ] placing card 19 in slot 10
[2022-12-07 11:17:18] [SEVERE ] placing card 65 in slot 11
[2022-12-07 11:17:18] [SEVERE ] Key 85 was pressed by player 1
[2022-12-07 11:17:18] [SEVERE ] player 1 placing token on slot 0
[2022-12-07 11:17:18] [SEVERE ] Key 81 was pressed by player 0
[2022-12-07 11:17:18] [SEVERE ] player 0 placing token on slot 0
[2022-12-07 11:17:19] [SEVERE ] Key 73 was pressed by player 1
[2022-12-07 11:17:19] [SEVERE ] player 1 placing token on slot 1
[2022-12-07 11:17:19] [SEVERE ] Key 87 was pressed by player 0
[2022-12-07 11:17:19] [SEVERE ] player 0 placing token on slot 1
[2022-12-07 11:17:19] [SEVERE ] Key 69 was pressed by player 0
[2022-12-07 11:17:19] [SEVERE ] player 0 placing token on slot 2
[2022-12-07 11:17:19] [SEVERE ] Key 79 was pressed by player 1
[2022-12-07 11:17:19] [SEVERE ] player 1 placing token on slot 2
[2022-12-07 11:17:21] [SEVERE ] removing card from slot 0
[2022-12-07 11:17:22] [SEVERE ] removing card from slot 1
[2022-12-07 11:17:22] [SEVERE ] removing card from slot 2
[2022-12-07 11:17:22] [SEVERE ] placing card 66 in slot 0
[2022-12-07 11:17:22] [SEVERE ] placing card 75 in slot 1
[2022-12-07 11:17:22] [SEVERE ] placing card 24 in slot 2
[2022-12-07 11:17:22] [SEVERE ] removing player 0 token from slot 0
[2022-12-07 11:17:22] [SEVERE ] removing player 0 token from slot 1
[2022-12-07 11:17:22] [SEVERE ] removing player 0 token from slot 2
[2022-12-07 11:17:22] [SEVERE ] setting player 0 score to 1
[2022-12-07 11:17:22] [SEVERE ] setting player 0 freeze to 1000
[2022-12-07 11:17:23] [SEVERE ] setting player 0 freeze to 99
[2022-12-07 11:17:24] [SEVERE ] setting player 0 freeze to 0
