[2022-12-07 11:09:48] [INFO   ] cannot read configuration file config.properties trying from resources.
[2022-12-07 11:09:48] [INFO   ] configuration file was loaded from resources directory.
[2022-12-07 11:09:50] [SEVERE ] placing card 24 in slot 0
[2022-12-07 11:09:50] [SEVERE ] placing card 64 in slot 1
[2022-12-07 11:09:50] [SEVERE ] placing card 45 in slot 2
[2022-12-07 11:09:50] [SEVERE ] placing card 65 in slot 3
[2022-12-07 11:09:50] [SEVERE ] placing card 75 in slot 4
[2022-12-07 11:09:50] [SEVERE ] placing card 4 in slot 5
[2022-12-07 11:09:50] [SEVERE ] placing card 55 in slot 6
[2022-12-07 11:09:50] [SEVERE ] placing card 38 in slot 7
[2022-12-07 11:09:50] [SEVERE ] placing card 57 in slot 8
[2022-12-07 11:09:50] [SEVERE ] placing card 63 in slot 9
[2022-12-07 11:09:51] [SEVERE ] placing card 41 in slot 10
[2022-12-07 11:09:51] [SEVERE ] placing card 78 in slot 11
[2022-12-07 11:09:52] [SEVERE ] Key 81 was pressed by player 0
[2022-12-07 11:09:52] [SEVERE ] player 0 placing token on slot 0
[2022-12-07 11:09:52] [SEVERE ] Key 85 was pressed by player 1
[2022-12-07 11:09:52] [SEVERE ] player 1 placing token on slot 0
[2022-12-07 11:09:52] [SEVERE ] Key 87 was pressed by player 0
[2022-12-07 11:09:52] [SEVERE ] player 0 placing token on slot 1
[2022-12-07 11:09:52] [SEVERE ] Key 73 was pressed by player 1
[2022-12-07 11:09:52] [SEVERE ] player 1 placing token on slot 1
[2022-12-07 11:09:53] [SEVERE ] Key 69 was pressed by player 0
[2022-12-07 11:09:53] [SEVERE ] player 0 placing token on slot 2
[2022-12-07 11:09:53] [SEVERE ] Key 79 was pressed by player 1
[2022-12-07 11:09:53] [SEVERE ] player 1 placing token on slot 2
