[2022-12-07 10:39:14] [INFO   ] cannot read configuration file config.properties trying from resources.
[2022-12-07 10:39:14] [INFO   ] configuration file was loaded from resources directory.
[2022-12-07 10:39:15] [SEVERE ] placing card 47 in slot 0
[2022-12-07 10:39:15] [SEVERE ] placing card 74 in slot 1
[2022-12-07 10:39:15] [SEVERE ] placing card 51 in slot 2
[2022-12-07 10:39:15] [SEVERE ] placing card 3 in slot 3
[2022-12-07 10:39:15] [SEVERE ] placing card 32 in slot 4
[2022-12-07 10:39:15] [SEVERE ] placing card 7 in slot 5
[2022-12-07 10:39:16] [SEVERE ] placing card 5 in slot 6
[2022-12-07 10:39:16] [SEVERE ] placing card 17 in slot 7
[2022-12-07 10:39:16] [SEVERE ] placing card 79 in slot 8
[2022-12-07 10:39:16] [SEVERE ] placing card 61 in slot 9
[2022-12-07 10:39:16] [SEVERE ] placing card 15 in slot 10
[2022-12-07 10:39:16] [SEVERE ] placing card 36 in slot 11
[2022-12-07 10:39:17] [SEVERE ] Key 85 was pressed by player 1
[2022-12-07 10:39:17] [SEVERE ] Key 73 was pressed by player 1
[2022-12-07 10:39:17] [SEVERE ] player 3 placing token on slot 9
[2022-12-07 10:39:17] [SEVERE ] player 2 placing token on slot 0
[2022-12-07 10:39:17] [SEVERE ] player 1 placing token on slot 8
[2022-12-07 10:39:17] [SEVERE ] player 0 placing token on slot 8
[2022-12-07 10:39:17] [SEVERE ] Key 79 was pressed by player 1
[2022-12-07 10:39:17] [SEVERE ] Key 73 was pressed by player 1
[2022-12-07 10:39:17] [SEVERE ] Key 75 was pressed by player 1
[2022-12-07 10:39:17] [SEVERE ] Key 76 was pressed by player 1
[2022-12-07 10:39:18] [SEVERE ] Key 74 was pressed by player 1
[2022-12-07 10:39:18] [SEVERE ] Key 77 was pressed by player 1
[2022-12-07 10:39:18] [SEVERE ] Key 44 was pressed by player 1
[2022-12-07 10:39:18] [SEVERE ] player 1 placing token on slot 4
[2022-12-07 10:39:18] [SEVERE ] player 3 placing token on slot 6
[2022-12-07 10:39:18] [SEVERE ] player 2 placing token on slot 2
[2022-12-07 10:39:18] [SEVERE ] player 0 placing token on slot 6
[2022-12-07 10:39:18] [SEVERE ] Key 75 was pressed by player 1
[2022-12-07 10:39:18] [SEVERE ] Key 74 was pressed by player 1
[2022-12-07 10:39:19] [SEVERE ] player 0 placing token on slot 5
[2022-12-07 10:39:19] [SEVERE ] player 2 placing token on slot 6
[2022-12-07 10:39:19] [SEVERE ] removing player 1 token from slot 4
[2022-12-07 10:39:19] [SEVERE ] player 3 placing token on slot 7
[2022-12-07 10:39:19] [SEVERE ] removing player 2 token from slot 0
[2022-12-07 10:39:19] [SEVERE ] removing player 2 token from slot 2
[2022-12-07 10:39:19] [SEVERE ] removing player 2 token from slot 6
[2022-12-07 10:39:19] [SEVERE ] setting player 2 freeze to 5000
[2022-12-07 10:39:19] [SEVERE ] removing player 0 token from slot 8
[2022-12-07 10:39:19] [SEVERE ] removing player 0 token from slot 6
[2022-12-07 10:39:19] [SEVERE ] removing player 0 token from slot 5
[2022-12-07 10:39:19] [SEVERE ] setting player 0 freeze to 5000
[2022-12-07 10:39:19] [SEVERE ] removing player 3 token from slot 9
[2022-12-07 10:39:19] [SEVERE ] removing player 3 token from slot 6
[2022-12-07 10:39:19] [SEVERE ] removing player 3 token from slot 7
[2022-12-07 10:39:19] [SEVERE ] setting player 3 freeze to 5000
[2022-12-07 10:39:20] [SEVERE ] setting player 2 freeze to 4098
[2022-12-07 10:39:20] [SEVERE ] player 1 placing token on slot 2
[2022-12-07 10:39:20] [SEVERE ] setting player 0 freeze to 4097
[2022-12-07 10:39:20] [SEVERE ] setting player 3 freeze to 4100
[2022-12-07 10:39:21] [SEVERE ] setting player 2 freeze to 3191
[2022-12-07 10:39:21] [SEVERE ] player 1 placing token on slot 9
[2022-12-07 10:39:21] [SEVERE ] setting player 0 freeze to 3192
[2022-12-07 10:39:21] [SEVERE ] setting player 3 freeze to 3195
[2022-12-07 10:39:21] [SEVERE ] removing player 1 token from slot 8
[2022-12-07 10:39:21] [SEVERE ] removing player 1 token from slot 2
[2022-12-07 10:39:21] [SEVERE ] removing player 1 token from slot 9
[2022-12-07 10:39:21] [SEVERE ] setting player 1 freeze to 5000
[2022-12-07 10:39:21] [SEVERE ] setting player 1 freeze to 0
[2022-12-07 10:39:21] [SEVERE ] setting player 2 freeze to 0
[2022-12-07 10:39:21] [SEVERE ] setting player 0 freeze to 0
[2022-12-07 10:39:21] [SEVERE ] setting player 3 freeze to 0
[2022-12-07 10:39:21] [SEVERE ] placing card 2 in slot 0
[2022-12-07 10:39:21] [SEVERE ] placing card 57 in slot 1
[2022-12-07 10:39:21] [SEVERE ] placing card 17 in slot 2
[2022-12-07 10:39:22] [SEVERE ] placing card 56 in slot 3
[2022-12-07 10:39:22] [SEVERE ] placing card 38 in slot 4
[2022-12-07 10:39:22] [SEVERE ] placing card 60 in slot 5
[2022-12-07 10:39:22] [SEVERE ] placing card 40 in slot 6
[2022-12-07 10:39:22] [SEVERE ] placing card 21 in slot 7
[2022-12-07 10:39:22] [SEVERE ] placing card 55 in slot 8
[2022-12-07 10:39:22] [SEVERE ] placing card 3 in slot 9
[2022-12-07 10:39:22] [SEVERE ] placing card 4 in slot 10
[2022-12-07 10:39:22] [SEVERE ] placing card 67 in slot 11
[2022-12-07 10:39:23] [SEVERE ] player 0 placing token on slot 5
[2022-12-07 10:39:23] [SEVERE ] player 3 placing token on slot 3
[2022-12-07 10:39:23] [SEVERE ] player 2 placing token on slot 9
[2022-12-07 10:39:23] [SEVERE ] player 1 placing token on slot 9
[2022-12-07 10:39:24] [SEVERE ] player 0 placing token on slot 0
[2022-12-07 10:39:24] [SEVERE ] player 2 placing token on slot 5
[2022-12-07 10:39:24] [SEVERE ] player 1 placing token on slot 2
[2022-12-07 10:39:24] [SEVERE ] player 3 placing token on slot 1
[2022-12-07 10:39:25] [SEVERE ] player 3 placing token on slot 2
[2022-12-07 10:39:25] [SEVERE ] player 0 placing token on slot 11
[2022-12-07 10:39:25] [SEVERE ] removing player 1 token from slot 9
[2022-12-07 10:39:25] [SEVERE ] player 2 placing token on slot 0
[2022-12-07 10:39:25] [SEVERE ] removing player 2 token from slot 9
[2022-12-07 10:39:25] [SEVERE ] removing player 2 token from slot 5
[2022-12-07 10:39:25] [SEVERE ] removing player 2 token from slot 0
[2022-12-07 10:39:25] [SEVERE ] setting player 2 freeze to 5000
[2022-12-07 10:39:25] [SEVERE ] removing player 0 token from slot 5
[2022-12-07 10:39:25] [SEVERE ] removing player 0 token from slot 0
[2022-12-07 10:39:25] [SEVERE ] removing player 0 token from slot 11
[2022-12-07 10:39:25] [SEVERE ] setting player 0 freeze to 5000
[2022-12-07 10:39:25] [SEVERE ] removing player 3 token from slot 3
[2022-12-07 10:39:25] [SEVERE ] removing player 3 token from slot 1
[2022-12-07 10:39:25] [SEVERE ] removing player 3 token from slot 2
[2022-12-07 10:39:25] [SEVERE ] setting player 3 freeze to 5000
[2022-12-07 10:39:26] [SEVERE ] player 1 placing token on slot 8
[2022-12-07 10:39:26] [SEVERE ] setting player 2 freeze to 4093
[2022-12-07 10:39:26] [SEVERE ] setting player 0 freeze to 4085
[2022-12-07 10:39:26] [SEVERE ] setting player 3 freeze to 4086
[2022-12-07 10:39:27] [SEVERE ] setting player 2 freeze to 3180
[2022-12-07 10:39:27] [SEVERE ] player 1 placing token on slot 7
[2022-12-07 10:39:27] [SEVERE ] setting player 0 freeze to 3171
[2022-12-07 10:39:27] [SEVERE ] removing player 1 token from slot 2
[2022-12-07 10:39:27] [SEVERE ] removing player 1 token from slot 8
[2022-12-07 10:39:27] [SEVERE ] removing player 1 token from slot 7
[2022-12-07 10:39:27] [SEVERE ] setting player 1 freeze to 5000
[2022-12-07 10:39:27] [SEVERE ] setting player 3 freeze to 3172
[2022-12-07 10:39:27] [SEVERE ] setting player 1 freeze to 0
[2022-12-07 10:39:27] [SEVERE ] setting player 2 freeze to 0
[2022-12-07 10:39:27] [SEVERE ] setting player 3 freeze to 0
[2022-12-07 10:39:27] [SEVERE ] setting player 0 freeze to 0
[2022-12-07 10:39:28] [SEVERE ] placing card 25 in slot 0
[2022-12-07 10:39:28] [SEVERE ] placing card 63 in slot 1
[2022-12-07 10:39:28] [SEVERE ] placing card 1 in slot 2
[2022-12-07 10:39:28] [SEVERE ] placing card 57 in slot 3
[2022-12-07 10:39:28] [SEVERE ] placing card 17 in slot 4
[2022-12-07 10:39:28] [SEVERE ] placing card 23 in slot 5
[2022-12-07 10:39:28] [SEVERE ] placing card 69 in slot 6
[2022-12-07 10:39:28] [SEVERE ] placing card 48 in slot 7
[2022-12-07 10:39:28] [SEVERE ] placing card 72 in slot 8
[2022-12-07 10:39:29] [SEVERE ] placing card 36 in slot 9
[2022-12-07 10:39:29] [SEVERE ] placing card 61 in slot 10
[2022-12-07 10:39:29] [SEVERE ] placing card 62 in slot 11
[2022-12-07 10:39:29] [SEVERE ] player 0 placing token on slot 5
[2022-12-07 10:39:29] [SEVERE ] player 2 placing token on slot 9
[2022-12-07 10:39:29] [SEVERE ] player 3 placing token on slot 1
[2022-12-07 10:39:29] [SEVERE ] player 1 placing token on slot 8
[2022-12-07 10:39:30] [SEVERE ] player 1 placing token on slot 3
[2022-12-07 10:39:30] [SEVERE ] player 2 placing token on slot 10
[2022-12-07 10:39:30] [SEVERE ] player 3 placing token on slot 4
[2022-12-07 10:39:30] [SEVERE ] player 0 placing token on slot 6
[2022-12-07 10:39:31] [SEVERE ] player 0 placing token on slot 7
[2022-12-07 10:39:31] [SEVERE ] removing player 3 token from slot 1
[2022-12-07 10:39:31] [SEVERE ] player 2 placing token on slot 2
[2022-12-07 10:39:31] [SEVERE ] player 1 placing token on slot 0
[2022-12-07 10:39:32] [SEVERE ] removing player 0 token from slot 5
[2022-12-07 10:39:32] [SEVERE ] removing player 0 token from slot 6
[2022-12-07 10:39:32] [SEVERE ] removing player 0 token from slot 7
[2022-12-07 10:39:32] [SEVERE ] setting player 0 freeze to 5000
[2022-12-07 10:39:32] [SEVERE ] removing player 2 token from slot 9
[2022-12-07 10:39:32] [SEVERE ] removing player 2 token from slot 10
[2022-12-07 10:39:32] [SEVERE ] removing player 2 token from slot 2
[2022-12-07 10:39:32] [SEVERE ] setting player 2 freeze to 5000
[2022-12-07 10:39:32] [SEVERE ] removing player 1 token from slot 8
[2022-12-07 10:39:32] [SEVERE ] removing player 1 token from slot 3
[2022-12-07 10:39:32] [SEVERE ] removing player 1 token from slot 0
[2022-12-07 10:39:32] [SEVERE ] setting player 1 freeze to 5000
[2022-12-07 10:39:32] [SEVERE ] player 3 placing token on slot 3
[2022-12-07 10:39:32] [SEVERE ] setting player 0 freeze to 4093
[2022-12-07 10:39:33] [SEVERE ] setting player 2 freeze to 4092
[2022-12-07 10:39:33] [SEVERE ] setting player 1 freeze to 4098
[2022-12-07 10:39:33] [SEVERE ] setting player 0 freeze to 3187
[2022-12-07 10:39:33] [SEVERE ] player 3 placing token on slot 6
[2022-12-07 10:39:34] [SEVERE ] setting player 2 freeze to 3186
[2022-12-07 10:39:34] [SEVERE ] removing player 3 token from slot 4
[2022-12-07 10:39:34] [SEVERE ] removing player 3 token from slot 3
[2022-12-07 10:39:34] [SEVERE ] removing player 3 token from slot 6
[2022-12-07 10:39:34] [SEVERE ] setting player 3 freeze to 5000
[2022-12-07 10:39:34] [SEVERE ] setting player 1 freeze to 3191
[2022-12-07 10:39:34] [SEVERE ] setting player 2 freeze to 0
[2022-12-07 10:39:34] [SEVERE ] setting player 0 freeze to 0
[2022-12-07 10:39:34] [SEVERE ] setting player 3 freeze to 0
[2022-12-07 10:39:34] [SEVERE ] setting player 1 freeze to 0
[2022-12-07 10:39:34] [SEVERE ] placing card 38 in slot 0
[2022-12-07 10:39:34] [SEVERE ] placing card 41 in slot 1
[2022-12-07 10:39:34] [SEVERE ] placing card 14 in slot 2
[2022-12-07 10:39:34] [SEVERE ] placing card 7 in slot 3
[2022-12-07 10:39:34] [SEVERE ] placing card 13 in slot 4
[2022-12-07 10:39:34] [SEVERE ] placing card 43 in slot 5
[2022-12-07 10:39:35] [SEVERE ] placing card 40 in slot 6
[2022-12-07 10:39:35] [SEVERE ] placing card 78 in slot 7
[2022-12-07 10:39:35] [SEVERE ] placing card 3 in slot 8
[2022-12-07 10:39:35] [SEVERE ] placing card 80 in slot 9
[2022-12-07 10:39:35] [SEVERE ] placing card 63 in slot 10
[2022-12-07 10:39:35] [SEVERE ] placing card 53 in slot 11
[2022-12-07 10:39:36] [SEVERE ] player 3 placing token on slot 1
[2022-12-07 10:39:36] [SEVERE ] player 2 placing token on slot 8
[2022-12-07 10:39:36] [SEVERE ] player 0 placing token on slot 2
[2022-12-07 10:39:36] [SEVERE ] player 1 placing token on slot 4
[2022-12-07 10:39:37] [SEVERE ] player 1 placing token on slot 1
[2022-12-07 10:39:37] [SEVERE ] player 2 placing token on slot 9
[2022-12-07 10:39:37] [SEVERE ] player 3 placing token on slot 7
[2022-12-07 10:39:37] [SEVERE ] removing player 0 token from slot 2
[2022-12-07 10:39:38] [SEVERE ] player 2 placing token on slot 5
[2022-12-07 10:39:38] [SEVERE ] player 0 placing token on slot 11
[2022-12-07 10:39:38] [SEVERE ] player 1 placing token on slot 8
[2022-12-07 10:39:38] [SEVERE ] removing player 3 token from slot 7
[2022-12-07 10:39:38] [SEVERE ] removing player 1 token from slot 4
[2022-12-07 10:39:38] [SEVERE ] removing player 1 token from slot 1
[2022-12-07 10:39:38] [SEVERE ] removing player 1 token from slot 8
[2022-12-07 10:39:38] [SEVERE ] setting player 1 freeze to 5000
[2022-12-07 10:39:38] [SEVERE ] removing player 2 token from slot 8
[2022-12-07 10:39:38] [SEVERE ] removing player 2 token from slot 9
[2022-12-07 10:39:38] [SEVERE ] removing player 2 token from slot 5
[2022-12-07 10:39:38] [SEVERE ] setting player 2 freeze to 5000
[2022-12-07 10:39:39] [SEVERE ] setting player 1 freeze to 4097
[2022-12-07 10:39:39] [SEVERE ] player 3 placing token on slot 0
[2022-12-07 10:39:39] [SEVERE ] player 0 placing token on slot 2
[2022-12-07 10:39:39] [SEVERE ] setting player 2 freeze to 4096
[2022-12-07 10:39:40] [SEVERE ] setting player 1 freeze to 3193
[2022-12-07 10:39:40] [SEVERE ] setting player 2 freeze to 3191
[2022-12-07 10:39:40] [SEVERE ] player 3 placing token on slot 6
[2022-12-07 10:39:40] [SEVERE ] player 0 placing token on slot 7
[2022-12-07 10:39:40] [SEVERE ] removing player 0 token from slot 11
[2022-12-07 10:39:40] [SEVERE ] removing player 0 token from slot 2
[2022-12-07 10:39:40] [SEVERE ] removing player 0 token from slot 7
[2022-12-07 10:39:40] [SEVERE ] setting player 0 freeze to 5000
[2022-12-07 10:39:40] [SEVERE ] removing player 3 token from slot 1
[2022-12-07 10:39:40] [SEVERE ] removing player 3 token from slot 0
[2022-12-07 10:39:40] [SEVERE ] removing player 3 token from slot 6
[2022-12-07 10:39:40] [SEVERE ] setting player 3 freeze to 5000
[2022-12-07 10:39:40] [SEVERE ] setting player 0 freeze to 0
[2022-12-07 10:39:40] [SEVERE ] setting player 1 freeze to 0
[2022-12-07 10:39:40] [SEVERE ] setting player 2 freeze to 0
[2022-12-07 10:39:40] [SEVERE ] setting player 3 freeze to 0
[2022-12-07 10:39:40] [SEVERE ] placing card 6 in slot 0
[2022-12-07 10:39:40] [SEVERE ] placing card 11 in slot 1
[2022-12-07 10:39:40] [SEVERE ] placing card 38 in slot 2
[2022-12-07 10:39:41] [SEVERE ] placing card 65 in slot 3
[2022-12-07 10:39:41] [SEVERE ] placing card 78 in slot 4
[2022-12-07 10:39:41] [SEVERE ] placing card 1 in slot 5
[2022-12-07 10:39:41] [SEVERE ] placing card 13 in slot 6
[2022-12-07 10:39:41] [SEVERE ] placing card 77 in slot 7
[2022-12-07 10:39:41] [SEVERE ] placing card 42 in slot 8
[2022-12-07 10:39:41] [SEVERE ] placing card 60 in slot 9
[2022-12-07 10:39:41] [SEVERE ] placing card 35 in slot 10
[2022-12-07 10:39:41] [SEVERE ] placing card 32 in slot 11
[2022-12-07 10:39:42] [SEVERE ] player 0 placing token on slot 3
[2022-12-07 10:39:42] [SEVERE ] player 1 placing token on slot 6
[2022-12-07 10:39:42] [SEVERE ] player 2 placing token on slot 0
[2022-12-07 10:39:42] [SEVERE ] player 3 placing token on slot 10
[2022-12-07 10:39:43] [SEVERE ] player 3 placing token on slot 7
[2022-12-07 10:39:43] [SEVERE ] player 1 placing token on slot 9
[2022-12-07 10:39:43] [SEVERE ] player 2 placing token on slot 6
[2022-12-07 10:39:43] [SEVERE ] player 0 placing token on slot 8
[2022-12-07 10:39:44] [SEVERE ] removing player 0 token from slot 3
[2022-12-07 10:39:44] [SEVERE ] player 3 placing token on slot 4
[2022-12-07 10:39:44] [SEVERE ] player 2 placing token on slot 7
[2022-12-07 10:39:44] [SEVERE ] player 1 placing token on slot 8
[2022-12-07 10:39:44] [SEVERE ] removing player 1 token from slot 6
[2022-12-07 10:39:44] [SEVERE ] removing player 1 token from slot 9
[2022-12-07 10:39:44] [SEVERE ] removing player 1 token from slot 8
[2022-12-07 10:39:44] [SEVERE ] setting player 1 freeze to 5000
[2022-12-07 10:39:44] [SEVERE ] removing player 3 token from slot 10
[2022-12-07 10:39:44] [SEVERE ] removing player 3 token from slot 7
[2022-12-07 10:39:44] [SEVERE ] removing player 3 token from slot 4
[2022-12-07 10:39:44] [SEVERE ] setting player 3 freeze to 5000
[2022-12-07 10:39:44] [SEVERE ] removing player 2 token from slot 0
[2022-12-07 10:39:44] [SEVERE ] removing player 2 token from slot 6
[2022-12-07 10:39:44] [SEVERE ] removing player 2 token from slot 7
[2022-12-07 10:39:44] [SEVERE ] setting player 2 freeze to 5000
[2022-12-07 10:39:45] [SEVERE ] setting player 1 freeze to 4094
[2022-12-07 10:39:45] [SEVERE ] removing player 0 token from slot 8
[2022-12-07 10:39:45] [SEVERE ] setting player 3 freeze to 4094
[2022-12-07 10:39:45] [SEVERE ] setting player 2 freeze to 4095
[2022-12-07 10:39:46] [SEVERE ] setting player 1 freeze to 3187
[2022-12-07 10:39:46] [SEVERE ] player 0 placing token on slot 11
[2022-12-07 10:39:46] [SEVERE ] setting player 3 freeze to 3186
[2022-12-07 10:39:46] [SEVERE ] setting player 2 freeze to 3187
[2022-12-07 10:39:46] [SEVERE ] removing player 0 token from slot 11
[2022-12-07 10:39:46] [SEVERE ] setting player 3 freeze to 0
[2022-12-07 10:39:46] [SEVERE ] setting player 1 freeze to 0
[2022-12-07 10:39:46] [SEVERE ] setting player 2 freeze to 0
[2022-12-07 10:39:47] [SEVERE ] placing card 62 in slot 0
[2022-12-07 10:39:47] [SEVERE ] placing card 16 in slot 1
[2022-12-07 10:39:47] [SEVERE ] placing card 50 in slot 2
[2022-12-07 10:39:47] [SEVERE ] placing card 38 in slot 3
[2022-12-07 10:39:47] [SEVERE ] placing card 5 in slot 4
[2022-12-07 10:39:47] [SEVERE ] placing card 65 in slot 5
[2022-12-07 10:39:47] [SEVERE ] placing card 66 in slot 6
[2022-12-07 10:39:47] [SEVERE ] placing card 29 in slot 7
[2022-12-07 10:39:47] [SEVERE ] placing card 21 in slot 8
[2022-12-07 10:39:48] [SEVERE ] placing card 52 in slot 9
[2022-12-07 10:39:48] [SEVERE ] placing card 11 in slot 10
[2022-12-07 10:39:48] [SEVERE ] placing card 4 in slot 11
[2022-12-07 10:39:48] [SEVERE ] player 2 placing token on slot 7
[2022-12-07 10:39:48] [SEVERE ] player 3 placing token on slot 11
[2022-12-07 10:39:48] [SEVERE ] player 0 placing token on slot 1
[2022-12-07 10:39:48] [SEVERE ] player 1 placing token on slot 8
[2022-12-07 10:39:49] [SEVERE ] player 3 placing token on slot 1
[2022-12-07 10:39:49] [SEVERE ] player 1 placing token on slot 9
[2022-12-07 10:39:49] [SEVERE ] removing player 0 token from slot 1
[2022-12-07 10:39:49] [SEVERE ] player 2 placing token on slot 2
[2022-12-07 10:39:50] [SEVERE ] player 3 placing token on slot 5
[2022-12-07 10:39:50] [SEVERE ] player 0 placing token on slot 11
[2022-12-07 10:39:50] [SEVERE ] player 1 placing token on slot 11
[2022-12-07 10:39:50] [SEVERE ] player 2 placing token on slot 4
[2022-12-07 10:39:51] [SEVERE ] removing player 2 token from slot 7
[2022-12-07 10:39:51] [SEVERE ] removing player 2 token from slot 2
[2022-12-07 10:39:51] [SEVERE ] removing player 2 token from slot 4
[2022-12-07 10:39:51] [SEVERE ] setting player 2 freeze to 5000
[2022-12-07 10:39:51] [SEVERE ] removing player 3 token from slot 11
[2022-12-07 10:39:51] [SEVERE ] removing player 3 token from slot 1
[2022-12-07 10:39:51] [SEVERE ] removing player 3 token from slot 5
[2022-12-07 10:39:51] [SEVERE ] setting player 3 freeze to 5000
[2022-12-07 10:39:51] [SEVERE ] removing player 1 token from slot 8
[2022-12-07 10:39:51] [SEVERE ] removing player 1 token from slot 9
[2022-12-07 10:39:51] [SEVERE ] removing player 1 token from slot 11
[2022-12-07 10:39:51] [SEVERE ] setting player 1 freeze to 5000
[2022-12-07 10:39:51] [SEVERE ] Exit button pressed
[2022-12-07 10:39:51] [SEVERE ] setting player 1 freeze to 0
[2022-12-07 10:39:51] [SEVERE ] setting player 3 freeze to 0
[2022-12-07 10:39:51] [SEVERE ] setting player 2 freeze to 0
[2022-12-07 10:39:51] [SEVERE ] removing player 0 token from slot 11
[2022-12-07 10:39:51] [INFO   ] Thread main terminated.
